# JRE version: Java(TM) SE Runtime Environment (22.0+36) (build 22+36-2370)
# Java VM: Java HotSpot(TM) 64-Bit Server VM (22+36-2370, mixed mode, sharing, tiered, compressed oops, compressed class ptrs, g1 gc, windows-amd64)
GC Precious Log:
 CardTable entry size: 512
 Card Set container configuration: InlinePtr #cards 4 size 8 Array Of Cards #cards 16 size 48 Howl #buckets 8 coarsen threshold 3686 Howl Bitmap #cards 512 size 80 coarsen threshold 460 Card regions per heap region 1 cards per card region 4096
 CPUs: 12 total, 12 available
 Memory: 7929M
 Large Page Support: Disabled
 NUMA Support: Disabled
 Compressed Oops: Enabled (Zero based)
 Heap Region Size: 2M
 Heap Min Capacity: 8M
 Heap Initial Capacity: 124M
 Heap Max Capacity: 4G
 Pre-touch: Disabled
 Parallel Workers: 10
 Concurrent Workers: 3
 Concurrent Refinement Workers: 10
 Periodic GC: Disabled
Heap:
 garbage-first heap   total reserved 4194304K, committed 624640K, used 451184K [0x0000000700000000, 0x0000000800000000)
  region size 2048K, 96 young (196608K), 19 survivors (38912K)
 Metaspace       used 131477K, committed 134464K, reserved 983040K
  class space    used 18362K, committed 19712K, reserved 851968K
GC Heap History (20 events):
Event: 26.571 GC heap before
{Heap before GC invocations=48 (full 0):
 garbage-first heap   total reserved 4194304K, committed 286720K, used 257883K [0x0000000700000000, 0x0000000800000000)
  region size 2048K, 45 young (92160K), 6 survivors (12288K)
 Metaspace       used 111747K, committed 114560K, reserved 983040K
  class space    used 16066K, committed 17408K, reserved 851968K
}
Event: 26.579 GC heap after
{Heap after GC invocations=49 (full 0):
 garbage-first heap   total reserved 4194304K, committed 286720K, used 180159K [0x0000000700000000, 0x0000000800000000)
  region size 2048K, 3 young (6144K), 3 survivors (6144K)
 Metaspace       used 111747K, committed 114560K, reserved 983040K
  class space    used 16066K, committed 17408K, reserved 851968K
}
Event: 26.970 GC heap before
{Heap before GC invocations=49 (full 0):
 garbage-first heap   total reserved 4194304K, committed 286720K, used 260031K [0x0000000700000000, 0x0000000800000000)
  region size 2048K, 43 young (88064K), 3 survivors (6144K)
 Metaspace       used 112676K, committed 115456K, reserved 983040K
  class space    used 16179K, committed 17536K, reserved 851968K
}
Event: 26.979 GC heap after
{Heap after GC invocations=50 (full 0):
 garbage-first heap   total reserved 4194304K, committed 286720K, used 191704K [0x0000000700000000, 0x0000000800000000)
  region size 2048K, 6 young (12288K), 6 survivors (12288K)
 Metaspace       used 112676K, committed 115456K, reserved 983040K
  class space    used 16179K, committed 17536K, reserved 851968K
}
Event: 27.085 GC heap before
{Heap before GC invocations=51 (full 0):
 garbage-first heap   total reserved 4194304K, committed 321536K, used 255192K [0x0000000700000000, 0x0000000800000000)
  region size 2048K, 37 young (75776K), 6 survivors (12288K)
 Metaspace       used 112676K, committed 115456K, reserved 983040K
  class space    used 16179K, committed 17536K, reserved 851968K
}
Event: 27.091 GC heap after
{Heap after GC invocations=52 (full 0):
 garbage-first heap   total reserved 4194304K, committed 440320K, used 195346K [0x0000000700000000, 0x0000000800000000)
  region size 2048K, 3 young (6144K), 3 survivors (6144K)
 Metaspace       used 112676K, committed 115456K, reserved 983040K
  class space    used 16179K, committed 17536K, reserved 851968K
}
Event: 27.959 GC heap before
{Heap before GC invocations=52 (full 0):
 garbage-first heap   total reserved 4194304K, committed 440320K, used 398098K [0x0000000700000000, 0x0000000800000000)
  region size 2048K, 103 young (210944K), 3 survivors (6144K)
 Metaspace       used 113413K, committed 116288K, reserved 983040K
  class space    used 16260K, committed 17600K, reserved 851968K
}
Event: 27.974 GC heap after
{Heap after GC invocations=53 (full 0):
 garbage-first heap   total reserved 4194304K, committed 440320K, used 213765K [0x0000000700000000, 0x0000000800000000)
  region size 2048K, 12 young (24576K), 12 survivors (24576K)
 Metaspace       used 113413K, committed 116288K, reserved 983040K
  class space    used 16260K, committed 17600K, reserved 851968K
}
Event: 28.529 GC heap before
{Heap before GC invocations=53 (full 0):
 garbage-first heap   total reserved 4194304K, committed 440320K, used 383749K [0x0000000700000000, 0x0000000800000000)
  region size 2048K, 96 young (196608K), 12 survivors (24576K)
 Metaspace       used 114064K, committed 116992K, reserved 983040K
  class space    used 16337K, committed 17728K, reserved 851968K
}
Event: 28.559 GC heap after
{Heap after GC invocations=54 (full 0):
 garbage-first heap   total reserved 4194304K, committed 440320K, used 226573K [0x0000000700000000, 0x0000000800000000)
  region size 2048K, 9 young (18432K), 9 survivors (18432K)
 Metaspace       used 114064K, committed 116992K, reserved 983040K
  class space    used 16337K, committed 17728K, reserved 851968K
}
Event: 29.036 GC heap before
{Heap before GC invocations=54 (full 0):
 garbage-first heap   total reserved 4194304K, committed 440320K, used 388365K [0x0000000700000000, 0x0000000800000000)
  region size 2048K, 89 young (182272K), 9 survivors (18432K)
 Metaspace       used 114461K, committed 117376K, reserved 983040K
  class space    used 16396K, committed 17792K, reserved 851968K
}
Event: 29.050 GC heap after
{Heap after GC invocations=55 (full 0):
 garbage-first heap   total reserved 4194304K, committed 440320K, used 242298K [0x0000000700000000, 0x0000000800000000)
  region size 2048K, 9 young (18432K), 9 survivors (18432K)
 Metaspace       used 114461K, committed 117376K, reserved 983040K
  class space    used 16396K, committed 17792K, reserved 851968K
}
Event: 29.335 GC heap before
{Heap before GC invocations=56 (full 0):
 garbage-first heap   total reserved 4194304K, committed 440320K, used 391802K [0x0000000700000000, 0x0000000800000000)
  region size 2048K, 83 young (169984K), 9 survivors (18432K)
 Metaspace       used 114582K, committed 117568K, reserved 983040K
  class space    used 16411K, committed 17792K, reserved 851968K
}
Event: 29.348 GC heap after
{Heap after GC invocations=57 (full 0):
 garbage-first heap   total reserved 4194304K, committed 440320K, used 248336K [0x0000000700000000, 0x0000000800000000)
  region size 2048K, 5 young (10240K), 5 survivors (10240K)
 Metaspace       used 114582K, committed 117568K, reserved 983040K
  class space    used 16411K, committed 17792K, reserved 851968K
}
Event: 30.011 GC heap before
{Heap before GC invocations=57 (full 0):
 garbage-first heap   total reserved 4194304K, committed 440320K, used 397840K [0x0000000700000000, 0x0000000800000000)
  region size 2048K, 79 young (161792K), 5 survivors (10240K)
 Metaspace       used 117604K, committed 120576K, reserved 983040K
  class space    used 16683K, committed 18048K, reserved 851968K
}
Event: 30.024 GC heap after
{Heap after GC invocations=58 (full 0):
 garbage-first heap   total reserved 4194304K, committed 440320K, used 257668K [0x0000000700000000, 0x0000000800000000)
  region size 2048K, 10 young (20480K), 10 survivors (20480K)
 Metaspace       used 117604K, committed 120576K, reserved 983040K
  class space    used 16683K, committed 18048K, reserved 851968K
}
Event: 31.296 GC heap before
{Heap before GC invocations=58 (full 0):
 garbage-first heap   total reserved 4194304K, committed 440320K, used 394884K [0x0000000700000000, 0x0000000800000000)
  region size 2048K, 77 young (157696K), 10 survivors (20480K)
 Metaspace       used 122045K, committed 125056K, reserved 983040K
  class space    used 17305K, committed 18688K, reserved 851968K
}
Event: 31.312 GC heap after
{Heap after GC invocations=59 (full 0):
 garbage-first heap   total reserved 4194304K, committed 624640K, used 266895K [0x0000000700000000, 0x0000000800000000)
  region size 2048K, 5 young (10240K), 5 survivors (10240K)
 Metaspace       used 122045K, committed 125056K, reserved 983040K
  class space    used 17305K, committed 18688K, reserved 851968K
}
Event: 32.656 GC heap before
{Heap before GC invocations=60 (full 0):
 garbage-first heap   total reserved 4194304K, committed 624640K, used 553615K [0x0000000700000000, 0x0000000800000000)
  region size 2048K, 146 young (299008K), 5 survivors (10240K)
 Metaspace       used 129188K, committed 132160K, reserved 983040K
  class space    used 18159K, committed 19520K, reserved 851968K
}
Event: 32.674 GC heap after
{Heap after GC invocations=61 (full 0):
 garbage-first heap   total reserved 4194304K, committed 624640K, used 297584K [0x0000000700000000, 0x0000000800000000)
  region size 2048K, 19 young (38912K), 19 survivors (38912K)
 Metaspace       used 129188K, committed 132160K, reserved 983040K
  class space    used 18159K, committed 19520K, reserved 851968K
}

