# JRE version: Java(TM) SE Runtime Environment (22.0+36) (build 22+36-2370)
# Java VM: Java HotSpot(TM) 64-Bit Server VM (22+36-2370, mixed mode, sharing, tiered, compressed oops, compressed class ptrs, g1 gc, windows-amd64)
GC Precious Log:
 CardTable entry size: 512
 Card Set container configuration: InlinePtr #cards 4 size 8 Array Of Cards #cards 32 size 80 Howl #buckets 8 coarsen threshold 7372 Howl Bitmap #cards 1024 size 144 coarsen threshold 921 Card regions per heap region 1 cards per card region 8192
 CPUs: 12 total, 12 available
 Memory: 7929M
 Large Page Support: Disabled
 NUMA Support: Disabled
 Compressed Oops: Enabled (Zero based)
 Heap Region Size: 4M
 Heap Min Capacity: 8M
 Heap Initial Capacity: 124M
 Heap Max Capacity: 8G
 Pre-touch: Disabled
 Parallel Workers: 10
 Concurrent Workers: 3
 Concurrent Refinement Workers: 10
 Periodic GC: Disabled
Heap:
 garbage-first heap   total reserved 8388608K, committed 471040K, used 356054K [0x0000000600000000, 0x0000000800000000)
  region size 4096K, 35 young (143360K), 5 survivors (20480K)
 Metaspace       used 124637K, committed 127552K, reserved 1179648K
  class space    used 17671K, committed 19008K, reserved 1048576K
GC Heap History (20 events):
Event: 23.942 GC heap before
{Heap before GC invocations=43 (full 0):
 garbage-first heap   total reserved 8388608K, committed 258048K, used 229199K [0x0000000600000000, 0x0000000800000000)
  region size 4096K, 20 young (81920K), 1 survivors (4096K)
 Metaspace       used 107604K, committed 110144K, reserved 1179648K
  class space    used 15417K, committed 16640K, reserved 1048576K
}
Event: 23.946 GC heap after
{Heap after GC invocations=44 (full 0):
 garbage-first heap   total reserved 8388608K, committed 258048K, used 154384K [0x0000000600000000, 0x0000000800000000)
  region size 4096K, 2 young (8192K), 2 survivors (8192K)
 Metaspace       used 107604K, committed 110144K, reserved 1179648K
  class space    used 15417K, committed 16640K, reserved 1048576K
}
Event: 24.428 GC heap before
{Heap before GC invocations=45 (full 0):
 garbage-first heap   total reserved 8388608K, committed 266240K, used 228112K [0x0000000600000000, 0x0000000800000000)
  region size 4096K, 20 young (81920K), 2 survivors (8192K)
 Metaspace       used 109253K, committed 111872K, reserved 1179648K
  class space    used 15684K, committed 16896K, reserved 1048576K
}
Event: 24.436 GC heap after
{Heap after GC invocations=46 (full 0):
 garbage-first heap   total reserved 8388608K, committed 266240K, used 163177K [0x0000000600000000, 0x0000000800000000)
  region size 4096K, 3 young (12288K), 3 survivors (12288K)
 Metaspace       used 109253K, committed 111872K, reserved 1179648K
  class space    used 15684K, committed 16896K, reserved 1048576K
}
Event: 24.536 GC heap before
{Heap before GC invocations=46 (full 0):
 garbage-first heap   total reserved 8388608K, committed 266240K, used 232809K [0x0000000600000000, 0x0000000800000000)
  region size 4096K, 21 young (86016K), 3 survivors (12288K)
 Metaspace       used 109255K, committed 111872K, reserved 1179648K
  class space    used 15684K, committed 16896K, reserved 1048576K
}
Event: 24.547 GC heap after
{Heap after GC invocations=47 (full 0):
 garbage-first heap   total reserved 8388608K, committed 335872K, used 165404K [0x0000000600000000, 0x0000000800000000)
  region size 4096K, 2 young (8192K), 2 survivors (8192K)
 Metaspace       used 109255K, committed 111872K, reserved 1179648K
  class space    used 15684K, committed 16896K, reserved 1048576K
}
Event: 25.310 GC heap before
{Heap before GC invocations=47 (full 0):
 garbage-first heap   total reserved 8388608K, committed 335872K, used 292380K [0x0000000600000000, 0x0000000800000000)
  region size 4096K, 34 young (139264K), 2 survivors (8192K)
 Metaspace       used 111519K, committed 114176K, reserved 1179648K
  class space    used 16029K, committed 17280K, reserved 1048576K
}
Event: 25.319 GC heap after
{Heap after GC invocations=48 (full 0):
 garbage-first heap   total reserved 8388608K, committed 335872K, used 176863K [0x0000000600000000, 0x0000000800000000)
  region size 4096K, 4 young (16384K), 4 survivors (16384K)
 Metaspace       used 111519K, committed 114176K, reserved 1179648K
  class space    used 16029K, committed 17280K, reserved 1048576K
}
Event: 25.680 GC heap before
{Heap before GC invocations=48 (full 0):
 garbage-first heap   total reserved 8388608K, committed 335872K, used 291551K [0x0000000600000000, 0x0000000800000000)
  region size 4096K, 33 young (135168K), 4 survivors (16384K)
 Metaspace       used 111691K, committed 114368K, reserved 1179648K
  class space    used 16045K, committed 17280K, reserved 1048576K
}
Event: 25.689 GC heap after
{Heap after GC invocations=49 (full 0):
 garbage-first heap   total reserved 8388608K, committed 335872K, used 182554K [0x0000000600000000, 0x0000000800000000)
  region size 4096K, 2 young (8192K), 2 survivors (8192K)
 Metaspace       used 111691K, committed 114368K, reserved 1179648K
  class space    used 16045K, committed 17280K, reserved 1048576K
}
Event: 26.311 GC heap before
{Heap before GC invocations=49 (full 0):
 garbage-first heap   total reserved 8388608K, committed 335872K, used 301338K [0x0000000600000000, 0x0000000800000000)
  region size 4096K, 32 young (131072K), 2 survivors (8192K)
 Metaspace       used 112234K, committed 115008K, reserved 1179648K
  class space    used 16100K, committed 17344K, reserved 1048576K
}
Event: 26.325 GC heap after
{Heap after GC invocations=50 (full 0):
 garbage-first heap   total reserved 8388608K, committed 335872K, used 193554K [0x0000000600000000, 0x0000000800000000)
  region size 4096K, 4 young (16384K), 4 survivors (16384K)
 Metaspace       used 112234K, committed 115008K, reserved 1179648K
  class space    used 16100K, committed 17344K, reserved 1048576K
}
Event: 26.817 GC heap before
{Heap before GC invocations=51 (full 0):
 garbage-first heap   total reserved 8388608K, committed 335872K, used 295954K [0x0000000600000000, 0x0000000800000000)
  region size 4096K, 29 young (118784K), 4 survivors (16384K)
 Metaspace       used 112823K, committed 115648K, reserved 1179648K
  class space    used 16174K, committed 17472K, reserved 1048576K
}
Event: 26.831 GC heap after
{Heap after GC invocations=52 (full 0):
 garbage-first heap   total reserved 8388608K, committed 335872K, used 205824K [0x0000000600000000, 0x0000000800000000)
  region size 4096K, 4 young (16384K), 4 survivors (16384K)
 Metaspace       used 112823K, committed 115648K, reserved 1179648K
  class space    used 16174K, committed 17472K, reserved 1048576K
}
Event: 26.974 GC heap before
{Heap before GC invocations=52 (full 0):
 garbage-first heap   total reserved 8388608K, committed 335872K, used 291840K [0x0000000600000000, 0x0000000800000000)
  region size 4096K, 26 young (106496K), 4 survivors (16384K)
 Metaspace       used 112849K, committed 115648K, reserved 1179648K
  class space    used 16176K, committed 17472K, reserved 1048576K
}
Event: 26.986 GC heap after
{Heap after GC invocations=53 (full 0):
 garbage-first heap   total reserved 8388608K, committed 471040K, used 207249K [0x0000000600000000, 0x0000000800000000)
  region size 4096K, 2 young (8192K), 2 survivors (8192K)
 Metaspace       used 112849K, committed 115648K, reserved 1179648K
  class space    used 16176K, committed 17472K, reserved 1048576K
}
Event: 27.481 GC heap before
{Heap before GC invocations=53 (full 0):
 garbage-first heap   total reserved 8388608K, committed 471040K, used 399761K [0x0000000600000000, 0x0000000800000000)
  region size 4096K, 50 young (204800K), 2 survivors (8192K)
 Metaspace       used 113226K, committed 116096K, reserved 1179648K
  class space    used 16227K, committed 17536K, reserved 1048576K
}
Event: 27.490 GC heap after
{Heap after GC invocations=54 (full 0):
 garbage-first heap   total reserved 8388608K, committed 471040K, used 219853K [0x0000000600000000, 0x0000000800000000)
  region size 4096K, 5 young (20480K), 5 survivors (20480K)
 Metaspace       used 113226K, committed 116096K, reserved 1179648K
  class space    used 16227K, committed 17536K, reserved 1048576K
}
Event: 28.783 GC heap before
{Heap before GC invocations=54 (full 0):
 garbage-first heap   total reserved 8388608K, committed 471040K, used 395981K [0x0000000600000000, 0x0000000800000000)
  region size 4096K, 49 young (200704K), 5 survivors (20480K)
 Metaspace       used 120476K, committed 123328K, reserved 1179648K
  class space    used 17107K, committed 18368K, reserved 1048576K
}
Event: 28.798 GC heap after
{Heap after GC invocations=55 (full 0):
 garbage-first heap   total reserved 8388608K, committed 471040K, used 237270K [0x0000000600000000, 0x0000000800000000)
  region size 4096K, 5 young (20480K), 5 survivors (20480K)
 Metaspace       used 120476K, committed 123328K, reserved 1179648K
  class space    used 17107K, committed 18368K, reserved 1048576K
}

