# JRE version: Java(TM) SE Runtime Environment (22.0+36) (build 22+36-2370)
# Java VM: Java HotSpot(TM) 64-Bit Server VM (22+36-2370, mixed mode, sharing, tiered, compressed oops, compressed class ptrs, g1 gc, windows-amd64)
GC Precious Log:
 CardTable entry size: 512
 Card Set container configuration: InlinePtr #cards 4 size 8 Array Of Cards #cards 16 size 48 Howl #buckets 8 coarsen threshold 3686 Howl Bitmap #cards 512 size 80 coarsen threshold 460 Card regions per heap region 1 cards per card region 4096
 CPUs: 12 total, 12 available
 Memory: 7929M
 Large Page Support: Disabled
 NUMA Support: Disabled
 Compressed Oops: Enabled (Zero based)
 Heap Region Size: 2M
 Heap Min Capacity: 8M
 Heap Initial Capacity: 124M
 Heap Max Capacity: 4G
 Pre-touch: Disabled
 Parallel Workers: 10
 Concurrent Workers: 3
 Concurrent Refinement Workers: 10
 Periodic GC: Disabled
Heap:
 garbage-first heap   total reserved 4194304K, committed 434176K, used 319996K [0x0000000700000000, 0x0000000800000000)
  region size 2048K, 16 young (32768K), 5 survivors (10240K)
 Metaspace       used 131437K, committed 134464K, reserved 983040K
  class space    used 18347K, committed 19712K, reserved 851968K
GC Heap History (20 events):
Event: 32.064 GC heap before
{Heap before GC invocations=57 (full 0):
 garbage-first heap   total reserved 4194304K, committed 344064K, used 307611K [0x0000000700000000, 0x0000000800000000)
  region size 2048K, 62 young (126976K), 7 survivors (14336K)
 Metaspace       used 113310K, committed 116096K, reserved 983040K
  class space    used 16241K, committed 17536K, reserved 851968K
}
Event: 32.074 GC heap after
{Heap after GC invocations=58 (full 0):
 garbage-first heap   total reserved 4194304K, committed 344064K, used 207001K [0x0000000700000000, 0x0000000800000000)
  region size 2048K, 7 young (14336K), 7 survivors (14336K)
 Metaspace       used 113310K, committed 116096K, reserved 983040K
  class space    used 16241K, committed 17536K, reserved 851968K
}
Event: 32.632 GC heap before
{Heap before GC invocations=59 (full 0):
 garbage-first heap   total reserved 4194304K, committed 348160K, used 309401K [0x0000000700000000, 0x0000000800000000)
  region size 2048K, 57 young (116736K), 7 survivors (14336K)
 Metaspace       used 113966K, committed 116864K, reserved 983040K
  class space    used 16320K, committed 17664K, reserved 851968K
}
Event: 32.642 GC heap after
{Heap after GC invocations=60 (full 0):
 garbage-first heap   total reserved 4194304K, committed 348160K, used 216451K [0x0000000700000000, 0x0000000800000000)
  region size 2048K, 6 young (12288K), 6 survivors (12288K)
 Metaspace       used 113966K, committed 116864K, reserved 983040K
  class space    used 16320K, committed 17664K, reserved 851968K
}
Event: 32.861 GC heap before
{Heap before GC invocations=60 (full 0):
 garbage-first heap   total reserved 4194304K, committed 348160K, used 314755K [0x0000000700000000, 0x0000000800000000)
  region size 2048K, 55 young (112640K), 6 survivors (12288K)
 Metaspace       used 114024K, committed 116928K, reserved 983040K
  class space    used 16326K, committed 17664K, reserved 851968K
}
Event: 32.872 GC heap after
{Heap after GC invocations=61 (full 0):
 garbage-first heap   total reserved 4194304K, committed 348160K, used 219422K [0x0000000700000000, 0x0000000800000000)
  region size 2048K, 4 young (8192K), 4 survivors (8192K)
 Metaspace       used 114024K, committed 116928K, reserved 983040K
  class space    used 16326K, committed 17664K, reserved 851968K
}
Event: 33.331 GC heap before
{Heap before GC invocations=61 (full 0):
 garbage-first heap   total reserved 4194304K, committed 348160K, used 317726K [0x0000000700000000, 0x0000000800000000)
  region size 2048K, 53 young (108544K), 4 survivors (8192K)
 Metaspace       used 114354K, committed 117312K, reserved 983040K
  class space    used 16377K, committed 17728K, reserved 851968K
}
Event: 33.340 GC heap after
{Heap after GC invocations=62 (full 0):
 garbage-first heap   total reserved 4194304K, committed 432128K, used 229781K [0x0000000700000000, 0x0000000800000000)
  region size 2048K, 7 young (14336K), 7 survivors (14336K)
 Metaspace       used 114354K, committed 117312K, reserved 983040K
  class space    used 16377K, committed 17728K, reserved 851968K
}
Event: 33.808 GC heap before
{Heap before GC invocations=63 (full 0):
 garbage-first heap   total reserved 4194304K, committed 432128K, used 387477K [0x0000000700000000, 0x0000000800000000)
  region size 2048K, 85 young (174080K), 7 survivors (14336K)
 Metaspace       used 114483K, committed 117440K, reserved 983040K
  class space    used 16394K, committed 17728K, reserved 851968K
}
Event: 33.816 GC heap after
{Heap after GC invocations=64 (full 0):
 garbage-first heap   total reserved 4194304K, committed 432128K, used 237586K [0x0000000700000000, 0x0000000800000000)
  region size 2048K, 5 young (10240K), 5 survivors (10240K)
 Metaspace       used 114483K, committed 117440K, reserved 983040K
  class space    used 16394K, committed 17728K, reserved 851968K
}
Event: 34.543 GC heap before
{Heap before GC invocations=64 (full 0):
 garbage-first heap   total reserved 4194304K, committed 432128K, used 393234K [0x0000000700000000, 0x0000000800000000)
  region size 2048K, 82 young (167936K), 5 survivors (10240K)
 Metaspace       used 117306K, committed 120320K, reserved 983040K
  class space    used 16633K, committed 17984K, reserved 851968K
}
Event: 34.555 GC heap after
{Heap after GC invocations=65 (full 0):
 garbage-first heap   total reserved 4194304K, committed 432128K, used 247279K [0x0000000700000000, 0x0000000800000000)
  region size 2048K, 11 young (22528K), 11 survivors (22528K)
 Metaspace       used 117306K, committed 120320K, reserved 983040K
  class space    used 16633K, committed 17984K, reserved 851968K
}
Event: 35.829 GC heap before
{Heap before GC invocations=65 (full 0):
 garbage-first heap   total reserved 4194304K, committed 432128K, used 380399K [0x0000000700000000, 0x0000000800000000)
  region size 2048K, 77 young (157696K), 11 survivors (22528K)
 Metaspace       used 124066K, committed 126976K, reserved 983040K
  class space    used 17571K, committed 18880K, reserved 851968K
}
Event: 35.843 GC heap after
{Heap after GC invocations=66 (full 0):
 garbage-first heap   total reserved 4194304K, committed 432128K, used 258527K [0x0000000700000000, 0x0000000800000000)
  region size 2048K, 6 young (12288K), 6 survivors (12288K)
 Metaspace       used 124066K, committed 126976K, reserved 983040K
  class space    used 17571K, committed 18880K, reserved 851968K
}
Event: 36.648 GC heap before
{Heap before GC invocations=67 (full 0):
 garbage-first heap   total reserved 4194304K, committed 434176K, used 393695K [0x0000000700000000, 0x0000000800000000)
  region size 2048K, 72 young (147456K), 6 survivors (12288K)
 Metaspace       used 125687K, committed 128640K, reserved 983040K
  class space    used 17784K, committed 19136K, reserved 851968K
}
Event: 36.666 GC heap after
{Heap after GC invocations=68 (full 0):
 garbage-first heap   total reserved 4194304K, committed 434176K, used 280939K [0x0000000700000000, 0x0000000800000000)
  region size 2048K, 9 young (18432K), 9 survivors (18432K)
 Metaspace       used 125687K, committed 128640K, reserved 983040K
  class space    used 17784K, committed 19136K, reserved 851968K
}
Event: 37.642 GC heap before
{Heap before GC invocations=68 (full 0):
 garbage-first heap   total reserved 4194304K, committed 434176K, used 387435K [0x0000000700000000, 0x0000000800000000)
  region size 2048K, 62 young (126976K), 9 survivors (18432K)
 Metaspace       used 131135K, committed 134144K, reserved 983040K
  class space    used 18316K, committed 19648K, reserved 851968K
}
Event: 37.658 GC heap after
{Heap after GC invocations=69 (full 0):
 garbage-first heap   total reserved 4194304K, committed 434176K, used 291130K [0x0000000700000000, 0x0000000800000000)
  region size 2048K, 6 young (12288K), 6 survivors (12288K)
 Metaspace       used 131135K, committed 134144K, reserved 983040K
  class space    used 18316K, committed 19648K, reserved 851968K
}
Event: 38.141 GC heap before
{Heap before GC invocations=69 (full 0):
 garbage-first heap   total reserved 4194304K, committed 434176K, used 395578K [0x0000000700000000, 0x0000000800000000)
  region size 2048K, 57 young (116736K), 6 survivors (12288K)
 Metaspace       used 131350K, committed 134400K, reserved 983040K
  class space    used 18340K, committed 19712K, reserved 851968K
}
Event: 38.152 GC heap after
{Heap after GC invocations=70 (full 0):
 garbage-first heap   total reserved 4194304K, committed 434176K, used 299516K [0x0000000700000000, 0x0000000800000000)
  region size 2048K, 5 young (10240K), 5 survivors (10240K)
 Metaspace       used 131350K, committed 134400K, reserved 983040K
  class space    used 18340K, committed 19712K, reserved 851968K
}

