# JRE version: OpenJDK Runtime Environment Temurin-21.0.8+9 (21.0.8+9) (build 21.0.8+9-LTS)
# Java VM: OpenJDK 64-Bit Server VM Temurin-21.0.8+9 (21.0.8+9-LTS, mixed mode, sharing, tiered, compressed oops, compressed class ptrs, parallel gc, windows-amd64)
GC Precious Log:
 CardTable entry size: 512
 CPUs: 12 total, 12 available
 Memory: 7929M
 Large Page Support: Disabled
 NUMA Support: Disabled
 Compressed Oops: Enabled (32-bit)
 Alignments: Space 512K, Generation 512K, Heap 2M
 Heap Min Capacity: 100M
 Heap Initial Capacity: 100M
 Heap Max Capacity: 2G
 Pre-touch: Disabled
 Parallel Workers: 10
Heap:
 PSYoungGen      total 12800K, used 9502K [0x00000000d5580000, 0x00000000d6500000, 0x0000000100000000)
  eden space 11776K, 74% used [0x00000000d5580000,0x00000000d5e04a50,0x00000000d6100000)
  from space 1024K, 76% used [0x00000000d6400000,0x00000000d64c3130,0x00000000d6500000)
  to   space 1024K, 0% used [0x00000000d6300000,0x00000000d6300000,0x00000000d6400000)
 ParOldGen       total 68608K, used 48708K [0x0000000080000000, 0x0000000084300000, 0x00000000d5580000)
  object space 68608K, 70% used [0x0000000080000000,0x0000000082f91268,0x0000000084300000)
 Metaspace       used 46447K, committed 47680K, reserved 1114112K
  class space    used 4684K, committed 5248K, reserved 1048576K
GC Heap History (20 events):
Event: 14.863 GC heap before
{Heap before GC invocations=29 (full 2):
 PSYoungGen      total 17408K, used 17381K [0x00000000d5580000, 0x00000000d6f80000, 0x0000000100000000)
  eden space 15872K, 100% used [0x00000000d5580000,0x00000000d6500000,0x00000000d6500000)
  from space 1536K, 98% used [0x00000000d6900000,0x00000000d6a797b0,0x00000000d6a80000)
  to   space 4096K, 0% used [0x00000000d6500000,0x00000000d6500000,0x00000000d6900000)
 ParOldGen       total 68608K, used 34365K [0x0000000080000000, 0x0000000084300000, 0x00000000d5580000)
  object space 68608K, 50% used [0x0000000080000000,0x000000008218f5c8,0x0000000084300000)
 Metaspace       used 41763K, committed 42944K, reserved 1114112K
  class space    used 4320K, committed 4864K, reserved 1048576K
}
Event: 14.865 GC heap after
{Heap after GC invocations=29 (full 2):
 PSYoungGen      total 17920K, used 1720K [0x00000000d5580000, 0x00000000d6a00000, 0x0000000100000000)
  eden space 15872K, 0% used [0x00000000d5580000,0x00000000d5580000,0x00000000d6500000)
  from space 2048K, 84% used [0x00000000d6500000,0x00000000d66ae238,0x00000000d6700000)
  to   space 2560K, 0% used [0x00000000d6780000,0x00000000d6780000,0x00000000d6a00000)
 ParOldGen       total 68608K, used 35328K [0x0000000080000000, 0x0000000084300000, 0x00000000d5580000)
  object space 68608K, 51% used [0x0000000080000000,0x0000000082280290,0x0000000084300000)
 Metaspace       used 41763K, committed 42944K, reserved 1114112K
  class space    used 4320K, committed 4864K, reserved 1048576K
}
Event: 14.891 GC heap before
{Heap before GC invocations=30 (full 2):
 PSYoungGen      total 17920K, used 17592K [0x00000000d5580000, 0x00000000d6a00000, 0x0000000100000000)
  eden space 15872K, 100% used [0x00000000d5580000,0x00000000d6500000,0x00000000d6500000)
  from space 2048K, 84% used [0x00000000d6500000,0x00000000d66ae238,0x00000000d6700000)
  to   space 2560K, 0% used [0x00000000d6780000,0x00000000d6780000,0x00000000d6a00000)
 ParOldGen       total 68608K, used 35328K [0x0000000080000000, 0x0000000084300000, 0x00000000d5580000)
  object space 68608K, 51% used [0x0000000080000000,0x0000000082280290,0x0000000084300000)
 Metaspace       used 41848K, committed 43008K, reserved 1114112K
  class space    used 4325K, committed 4864K, reserved 1048576K
}
Event: 14.892 GC heap after
{Heap after GC invocations=30 (full 2):
 PSYoungGen      total 17408K, used 1132K [0x00000000d5580000, 0x00000000d6900000, 0x0000000100000000)
  eden space 15872K, 0% used [0x00000000d5580000,0x00000000d5580000,0x00000000d6500000)
  from space 1536K, 73% used [0x00000000d6780000,0x00000000d689b160,0x00000000d6900000)
  to   space 1536K, 0% used [0x00000000d6600000,0x00000000d6600000,0x00000000d6780000)
 ParOldGen       total 68608K, used 35776K [0x0000000080000000, 0x0000000084300000, 0x00000000d5580000)
  object space 68608K, 52% used [0x0000000080000000,0x00000000822f0368,0x0000000084300000)
 Metaspace       used 41848K, committed 43008K, reserved 1114112K
  class space    used 4325K, committed 4864K, reserved 1048576K
}
Event: 15.042 GC heap before
{Heap before GC invocations=31 (full 2):
 PSYoungGen      total 17408K, used 17004K [0x00000000d5580000, 0x00000000d6900000, 0x0000000100000000)
  eden space 15872K, 100% used [0x00000000d5580000,0x00000000d6500000,0x00000000d6500000)
  from space 1536K, 73% used [0x00000000d6780000,0x00000000d689b160,0x00000000d6900000)
  to   space 1536K, 0% used [0x00000000d6600000,0x00000000d6600000,0x00000000d6780000)
 ParOldGen       total 68608K, used 35776K [0x0000000080000000, 0x0000000084300000, 0x00000000d5580000)
  object space 68608K, 52% used [0x0000000080000000,0x00000000822f0368,0x0000000084300000)
 Metaspace       used 43699K, committed 44928K, reserved 1114112K
  class space    used 4479K, committed 5056K, reserved 1048576K
}
Event: 15.044 GC heap after
{Heap after GC invocations=31 (full 2):
 PSYoungGen      total 17408K, used 1510K [0x00000000d5580000, 0x00000000d6a00000, 0x0000000100000000)
  eden space 15872K, 0% used [0x00000000d5580000,0x00000000d5580000,0x00000000d6500000)
  from space 1536K, 98% used [0x00000000d6600000,0x00000000d6779b48,0x00000000d6780000)
  to   space 2560K, 0% used [0x00000000d6780000,0x00000000d6780000,0x00000000d6a00000)
 ParOldGen       total 68608K, used 36320K [0x0000000080000000, 0x0000000084300000, 0x00000000d5580000)
  object space 68608K, 52% used [0x0000000080000000,0x0000000082378388,0x0000000084300000)
 Metaspace       used 43699K, committed 44928K, reserved 1114112K
  class space    used 4479K, committed 5056K, reserved 1048576K
}
Event: 15.143 GC heap before
{Heap before GC invocations=32 (full 2):
 PSYoungGen      total 17408K, used 17382K [0x00000000d5580000, 0x00000000d6a00000, 0x0000000100000000)
  eden space 15872K, 100% used [0x00000000d5580000,0x00000000d6500000,0x00000000d6500000)
  from space 1536K, 98% used [0x00000000d6600000,0x00000000d6779b48,0x00000000d6780000)
  to   space 2560K, 0% used [0x00000000d6780000,0x00000000d6780000,0x00000000d6a00000)
 ParOldGen       total 68608K, used 36320K [0x0000000080000000, 0x0000000084300000, 0x00000000d5580000)
  object space 68608K, 52% used [0x0000000080000000,0x0000000082378388,0x0000000084300000)
 Metaspace       used 43814K, committed 44992K, reserved 1114112K
  class space    used 4479K, committed 5056K, reserved 1048576K
}
Event: 15.146 GC heap after
{Heap after GC invocations=32 (full 2):
 PSYoungGen      total 14336K, used 2552K [0x00000000d5580000, 0x00000000d7200000, 0x0000000100000000)
  eden space 11776K, 0% used [0x00000000d5580000,0x00000000d5580000,0x00000000d6100000)
  from space 2560K, 99% used [0x00000000d6780000,0x00000000d69fe078,0x00000000d6a00000)
  to   space 6656K, 0% used [0x00000000d6100000,0x00000000d6100000,0x00000000d6780000)
 ParOldGen       total 68608K, used 39715K [0x0000000080000000, 0x0000000084300000, 0x00000000d5580000)
  object space 68608K, 57% used [0x0000000080000000,0x00000000826c8ea0,0x0000000084300000)
 Metaspace       used 43814K, committed 44992K, reserved 1114112K
  class space    used 4479K, committed 5056K, reserved 1048576K
}
Event: 15.216 GC heap before
{Heap before GC invocations=33 (full 2):
 PSYoungGen      total 14336K, used 14328K [0x00000000d5580000, 0x00000000d7200000, 0x0000000100000000)
  eden space 11776K, 100% used [0x00000000d5580000,0x00000000d6100000,0x00000000d6100000)
  from space 2560K, 99% used [0x00000000d6780000,0x00000000d69fe078,0x00000000d6a00000)
  to   space 6656K, 0% used [0x00000000d6100000,0x00000000d6100000,0x00000000d6780000)
 ParOldGen       total 68608K, used 39715K [0x0000000080000000, 0x0000000084300000, 0x00000000d5580000)
  object space 68608K, 57% used [0x0000000080000000,0x00000000826c8ea0,0x0000000084300000)
 Metaspace       used 43840K, committed 44992K, reserved 1114112K
  class space    used 4479K, committed 5056K, reserved 1048576K
}
Event: 15.219 GC heap after
{Heap after GC invocations=33 (full 2):
 PSYoungGen      total 15360K, used 3511K [0x00000000d5580000, 0x00000000d6a00000, 0x0000000100000000)
  eden space 11776K, 0% used [0x00000000d5580000,0x00000000d5580000,0x00000000d6100000)
  from space 3584K, 97% used [0x00000000d6100000,0x00000000d646df88,0x00000000d6480000)
  to   space 4608K, 0% used [0x00000000d6580000,0x00000000d6580000,0x00000000d6a00000)
 ParOldGen       total 68608K, used 42419K [0x0000000080000000, 0x0000000084300000, 0x00000000d5580000)
  object space 68608K, 61% used [0x0000000080000000,0x000000008296cea0,0x0000000084300000)
 Metaspace       used 43840K, committed 44992K, reserved 1114112K
  class space    used 4479K, committed 5056K, reserved 1048576K
}
Event: 15.346 GC heap before
{Heap before GC invocations=34 (full 2):
 PSYoungGen      total 15360K, used 15287K [0x00000000d5580000, 0x00000000d6a00000, 0x0000000100000000)
  eden space 11776K, 100% used [0x00000000d5580000,0x00000000d6100000,0x00000000d6100000)
  from space 3584K, 97% used [0x00000000d6100000,0x00000000d646df88,0x00000000d6480000)
  to   space 4608K, 0% used [0x00000000d6580000,0x00000000d6580000,0x00000000d6a00000)
 ParOldGen       total 68608K, used 42419K [0x0000000080000000, 0x0000000084300000, 0x00000000d5580000)
  object space 68608K, 61% used [0x0000000080000000,0x000000008296cea0,0x0000000084300000)
 Metaspace       used 44261K, committed 45440K, reserved 1114112K
  class space    used 4530K, committed 5056K, reserved 1048576K
}
Event: 15.349 GC heap after
{Heap after GC invocations=34 (full 2):
 PSYoungGen      total 13312K, used 1408K [0x00000000d5580000, 0x00000000d6700000, 0x0000000100000000)
  eden space 11776K, 0% used [0x00000000d5580000,0x00000000d5580000,0x00000000d6100000)
  from space 1536K, 91% used [0x00000000d6580000,0x00000000d66e0020,0x00000000d6700000)
  to   space 2560K, 0% used [0x00000000d6200000,0x00000000d6200000,0x00000000d6480000)
 ParOldGen       total 68608K, used 45810K [0x0000000080000000, 0x0000000084300000, 0x00000000d5580000)
  object space 68608K, 66% used [0x0000000080000000,0x0000000082cbca20,0x0000000084300000)
 Metaspace       used 44261K, committed 45440K, reserved 1114112K
  class space    used 4530K, committed 5056K, reserved 1048576K
}
Event: 18.062 GC heap before
{Heap before GC invocations=35 (full 2):
 PSYoungGen      total 13312K, used 13184K [0x00000000d5580000, 0x00000000d6700000, 0x0000000100000000)
  eden space 11776K, 100% used [0x00000000d5580000,0x00000000d6100000,0x00000000d6100000)
  from space 1536K, 91% used [0x00000000d6580000,0x00000000d66e0020,0x00000000d6700000)
  to   space 2560K, 0% used [0x00000000d6200000,0x00000000d6200000,0x00000000d6480000)
 ParOldGen       total 68608K, used 45810K [0x0000000080000000, 0x0000000084300000, 0x00000000d5580000)
  object space 68608K, 66% used [0x0000000080000000,0x0000000082cbca20,0x0000000084300000)
 Metaspace       used 44869K, committed 46016K, reserved 1114112K
  class space    used 4593K, committed 5120K, reserved 1048576K
}
Event: 18.064 GC heap after
{Heap after GC invocations=35 (full 2):
 PSYoungGen      total 14336K, used 665K [0x00000000d5580000, 0x00000000d6600000, 0x0000000100000000)
  eden space 11776K, 0% used [0x00000000d5580000,0x00000000d5580000,0x00000000d6100000)
  from space 2560K, 25% used [0x00000000d6200000,0x00000000d62a6470,0x00000000d6480000)
  to   space 1536K, 0% used [0x00000000d6480000,0x00000000d6480000,0x00000000d6600000)
 ParOldGen       total 68608K, used 47035K [0x0000000080000000, 0x0000000084300000, 0x00000000d5580000)
  object space 68608K, 68% used [0x0000000080000000,0x0000000082deed18,0x0000000084300000)
 Metaspace       used 44869K, committed 46016K, reserved 1114112K
  class space    used 4593K, committed 5120K, reserved 1048576K
}
Event: 21.503 GC heap before
{Heap before GC invocations=36 (full 2):
 PSYoungGen      total 14336K, used 12441K [0x00000000d5580000, 0x00000000d6600000, 0x0000000100000000)
  eden space 11776K, 99% used [0x00000000d5580000,0x00000000d60fffc8,0x00000000d6100000)
  from space 2560K, 25% used [0x00000000d6200000,0x00000000d62a6470,0x00000000d6480000)
  to   space 1536K, 0% used [0x00000000d6480000,0x00000000d6480000,0x00000000d6600000)
 ParOldGen       total 68608K, used 47035K [0x0000000080000000, 0x0000000084300000, 0x00000000d5580000)
  object space 68608K, 68% used [0x0000000080000000,0x0000000082deed18,0x0000000084300000)
 Metaspace       used 45368K, committed 46528K, reserved 1114112K
  class space    used 4632K, committed 5184K, reserved 1048576K
}
Event: 21.504 GC heap after
{Heap after GC invocations=36 (full 2):
 PSYoungGen      total 12288K, used 320K [0x00000000d5580000, 0x00000000d6500000, 0x0000000100000000)
  eden space 11776K, 0% used [0x00000000d5580000,0x00000000d5580000,0x00000000d6100000)
  from space 512K, 62% used [0x00000000d6480000,0x00000000d64d0000,0x00000000d6500000)
  to   space 1024K, 0% used [0x00000000d6300000,0x00000000d6300000,0x00000000d6400000)
 ParOldGen       total 68608K, used 47424K [0x0000000080000000, 0x0000000084300000, 0x00000000d5580000)
  object space 68608K, 69% used [0x0000000080000000,0x0000000082e50320,0x0000000084300000)
 Metaspace       used 45368K, committed 46528K, reserved 1114112K
  class space    used 4632K, committed 5184K, reserved 1048576K
}
Event: 22.103 GC heap before
{Heap before GC invocations=37 (full 2):
 PSYoungGen      total 12288K, used 12096K [0x00000000d5580000, 0x00000000d6500000, 0x0000000100000000)
  eden space 11776K, 100% used [0x00000000d5580000,0x00000000d6100000,0x00000000d6100000)
  from space 512K, 62% used [0x00000000d6480000,0x00000000d64d0000,0x00000000d6500000)
  to   space 1024K, 0% used [0x00000000d6300000,0x00000000d6300000,0x00000000d6400000)
 ParOldGen       total 68608K, used 47424K [0x0000000080000000, 0x0000000084300000, 0x00000000d5580000)
  object space 68608K, 69% used [0x0000000080000000,0x0000000082e50320,0x0000000084300000)
 Metaspace       used 45813K, committed 46976K, reserved 1114112K
  class space    used 4645K, committed 5184K, reserved 1048576K
}
Event: 22.105 GC heap after
{Heap after GC invocations=37 (full 2):
 PSYoungGen      total 12800K, used 1008K [0x00000000d5580000, 0x00000000d6500000, 0x0000000100000000)
  eden space 11776K, 0% used [0x00000000d5580000,0x00000000d5580000,0x00000000d6100000)
  from space 1024K, 98% used [0x00000000d6300000,0x00000000d63fc010,0x00000000d6400000)
  to   space 1024K, 0% used [0x00000000d6400000,0x00000000d6400000,0x00000000d6500000)
 ParOldGen       total 68608K, used 47756K [0x0000000080000000, 0x0000000084300000, 0x00000000d5580000)
  object space 68608K, 69% used [0x0000000080000000,0x0000000082ea3340,0x0000000084300000)
 Metaspace       used 45813K, committed 46976K, reserved 1114112K
  class space    used 4645K, committed 5184K, reserved 1048576K
}
Event: 23.931 GC heap before
{Heap before GC invocations=38 (full 2):
 PSYoungGen      total 12800K, used 12749K [0x00000000d5580000, 0x00000000d6500000, 0x0000000100000000)
  eden space 11776K, 99% used [0x00000000d5580000,0x00000000d60f74a8,0x00000000d6100000)
  from space 1024K, 98% used [0x00000000d6300000,0x00000000d63fc010,0x00000000d6400000)
  to   space 1024K, 0% used [0x00000000d6400000,0x00000000d6400000,0x00000000d6500000)
 ParOldGen       total 68608K, used 47756K [0x0000000080000000, 0x0000000084300000, 0x00000000d5580000)
  object space 68608K, 69% used [0x0000000080000000,0x0000000082ea3340,0x0000000084300000)
 Metaspace       used 46201K, committed 47360K, reserved 1114112K
  class space    used 4663K, committed 5184K, reserved 1048576K
}
Event: 23.932 GC heap after
{Heap after GC invocations=38 (full 2):
 PSYoungGen      total 12800K, used 780K [0x00000000d5580000, 0x00000000d6500000, 0x0000000100000000)
  eden space 11776K, 0% used [0x00000000d5580000,0x00000000d5580000,0x00000000d6100000)
  from space 1024K, 76% used [0x00000000d6400000,0x00000000d64c3130,0x00000000d6500000)
  to   space 1024K, 0% used [0x00000000d6300000,0x00000000d6300000,0x00000000d6400000)
 ParOldGen       total 68608K, used 48708K [0x0000000080000000, 0x0000000084300000, 0x00000000d5580000)
  object space 68608K, 70% used [0x0000000080000000,0x0000000082f91268,0x0000000084300000)
 Metaspace       used 46201K, committed 47360K, reserved 1114112K
  class space    used 4663K, committed 5184K, reserved 1048576K
}

