# JRE version: Java(TM) SE Runtime Environment (22.0+36) (build 22+36-2370)
# Java VM: Java HotSpot(TM) 64-Bit Server VM (22+36-2370, mixed mode, sharing, tiered, compressed oops, compressed class ptrs, g1 gc, windows-amd64)
GC Precious Log:
 CardTable entry size: 512
 Card Set container configuration: InlinePtr #cards 4 size 8 Array Of Cards #cards 32 size 80 Howl #buckets 8 coarsen threshold 7372 Howl Bitmap #cards 1024 size 144 coarsen threshold 921 Card regions per heap region 1 cards per card region 8192
 CPUs: 12 total, 12 available
 Memory: 7929M
 Large Page Support: Disabled
 NUMA Support: Disabled
 Compressed Oops: Enabled (Zero based)
 Heap Region Size: 4M
 Heap Min Capacity: 8M
 Heap Initial Capacity: 124M
 Heap Max Capacity: 8G
 Pre-touch: Disabled
 Parallel Workers: 10
 Concurrent Workers: 3
 Concurrent Refinement Workers: 10
 Periodic GC: Disabled
Heap:
 garbage-first heap   total reserved 8388608K, committed 712704K, used 390341K [0x0000000600000000, 0x0000000800000000)
  region size 4096K, 33 young (135168K), 8 survivors (32768K)
 Metaspace       used 164534K, committed 167360K, reserved 1245184K
  class space    used 21416K, committed 22784K, reserved 1048576K
GC Heap History (20 events):
Event: 15.127 GC heap before
{Heap before GC invocations=41 (full 0):
 garbage-first heap   total reserved 8388608K, committed 233472K, used 199441K [0x0000000600000000, 0x0000000800000000)
  region size 4096K, 18 young (73728K), 2 survivors (8192K)
 Metaspace       used 134785K, committed 137344K, reserved 1179648K
  class space    used 18216K, committed 19456K, reserved 1048576K
}
Event: 15.133 GC heap after
{Heap after GC invocations=42 (full 0):
 garbage-first heap   total reserved 8388608K, committed 233472K, used 137440K [0x0000000600000000, 0x0000000800000000)
  region size 4096K, 2 young (8192K), 2 survivors (8192K)
 Metaspace       used 134785K, committed 137344K, reserved 1179648K
  class space    used 18216K, committed 19456K, reserved 1048576K
}
Event: 15.398 GC heap before
{Heap before GC invocations=42 (full 0):
 garbage-first heap   total reserved 8388608K, committed 233472K, used 162016K [0x0000000600000000, 0x0000000800000000)
  region size 4096K, 10 young (40960K), 2 survivors (8192K)
 Metaspace       used 135228K, committed 137920K, reserved 1179648K
  class space    used 18286K, committed 19584K, reserved 1048576K
}
Event: 15.404 GC heap after
{Heap after GC invocations=43 (full 0):
 garbage-first heap   total reserved 8388608K, committed 233472K, used 149366K [0x0000000600000000, 0x0000000800000000)
  region size 4096K, 3 young (12288K), 3 survivors (12288K)
 Metaspace       used 135228K, committed 137920K, reserved 1179648K
  class space    used 18286K, committed 19584K, reserved 1048576K
}
Event: 15.491 GC heap before
{Heap before GC invocations=44 (full 0):
 garbage-first heap   total reserved 8388608K, committed 266240K, used 202614K [0x0000000600000000, 0x0000000800000000)
  region size 4096K, 14 young (57344K), 3 survivors (12288K)
 Metaspace       used 135231K, committed 137920K, reserved 1179648K
  class space    used 18286K, committed 19584K, reserved 1048576K
}
Event: 15.503 GC heap after
{Heap after GC invocations=45 (full 0):
 garbage-first heap   total reserved 8388608K, committed 266240K, used 162812K [0x0000000600000000, 0x0000000800000000)
  region size 4096K, 2 young (8192K), 2 survivors (8192K)
 Metaspace       used 135231K, committed 137920K, reserved 1179648K
  class space    used 18286K, committed 19584K, reserved 1048576K
}
Event: 15.647 GC heap before
{Heap before GC invocations=45 (full 0):
 garbage-first heap   total reserved 8388608K, committed 266240K, used 228348K [0x0000000600000000, 0x0000000800000000)
  region size 4096K, 16 young (65536K), 2 survivors (8192K)
 Metaspace       used 135329K, committed 137984K, reserved 1179648K
  class space    used 18286K, committed 19584K, reserved 1048576K
}
Event: 15.661 GC heap after
{Heap after GC invocations=46 (full 0):
 garbage-first heap   total reserved 8388608K, committed 532480K, used 176653K [0x0000000600000000, 0x0000000800000000)
  region size 4096K, 2 young (8192K), 2 survivors (8192K)
 Metaspace       used 135329K, committed 137984K, reserved 1179648K
  class space    used 18286K, committed 19584K, reserved 1048576K
}
Event: 16.603 GC heap before
{Heap before GC invocations=46 (full 0):
 garbage-first heap   total reserved 8388608K, committed 532480K, used 365069K [0x0000000600000000, 0x0000000800000000)
  region size 4096K, 48 young (196608K), 2 survivors (8192K)
 Metaspace       used 138869K, committed 141568K, reserved 1179648K
  class space    used 18644K, committed 19968K, reserved 1048576K
}
Event: 16.618 GC heap after
{Heap after GC invocations=47 (full 0):
 garbage-first heap   total reserved 8388608K, committed 532480K, used 198849K [0x0000000600000000, 0x0000000800000000)
  region size 4096K, 6 young (24576K), 6 survivors (24576K)
 Metaspace       used 138869K, committed 141568K, reserved 1179648K
  class space    used 18644K, committed 19968K, reserved 1048576K
}
Event: 18.696 GC heap before
{Heap before GC invocations=47 (full 0):
 garbage-first heap   total reserved 8388608K, committed 532480K, used 411841K [0x0000000600000000, 0x0000000800000000)
  region size 4096K, 58 young (237568K), 6 survivors (24576K)
 Metaspace       used 152939K, committed 155648K, reserved 1245184K
  class space    used 20263K, committed 21568K, reserved 1048576K
}
Event: 18.714 GC heap after
{Heap after GC invocations=48 (full 0):
 garbage-first heap   total reserved 8388608K, committed 532480K, used 217088K [0x0000000600000000, 0x0000000800000000)
  region size 4096K, 8 young (32768K), 8 survivors (32768K)
 Metaspace       used 152939K, committed 155648K, reserved 1245184K
  class space    used 20263K, committed 21568K, reserved 1048576K
}
Event: 19.847 GC heap before
{Heap before GC invocations=48 (full 0):
 garbage-first heap   total reserved 8388608K, committed 532480K, used 434176K [0x0000000600000000, 0x0000000800000000)
  region size 4096K, 61 young (249856K), 8 survivors (32768K)
 Metaspace       used 156625K, committed 159424K, reserved 1245184K
  class space    used 20735K, committed 22080K, reserved 1048576K
}
Event: 19.863 GC heap after
{Heap after GC invocations=49 (full 0):
 garbage-first heap   total reserved 8388608K, committed 532480K, used 229752K [0x0000000600000000, 0x0000000800000000)
  region size 4096K, 3 young (12288K), 3 survivors (12288K)
 Metaspace       used 156625K, committed 159424K, reserved 1245184K
  class space    used 20735K, committed 22080K, reserved 1048576K
}
Event: 20.428 GC heap before
{Heap before GC invocations=49 (full 0):
 garbage-first heap   total reserved 8388608K, committed 532480K, used 450936K [0x0000000600000000, 0x0000000800000000)
  region size 4096K, 57 young (233472K), 3 survivors (12288K)
 Metaspace       used 156839K, committed 159616K, reserved 1245184K
  class space    used 20738K, committed 22080K, reserved 1048576K
}
Event: 20.445 GC heap after
{Heap after GC invocations=50 (full 0):
 garbage-first heap   total reserved 8388608K, committed 532480K, used 253952K [0x0000000600000000, 0x0000000800000000)
  region size 4096K, 8 young (32768K), 8 survivors (32768K)
 Metaspace       used 156839K, committed 159616K, reserved 1245184K
  class space    used 20738K, committed 22080K, reserved 1048576K
}
Event: 20.519 GC heap before
{Heap before GC invocations=50 (full 0):
 garbage-first heap   total reserved 8388608K, committed 532480K, used 290816K [0x0000000600000000, 0x0000000800000000)
  region size 4096K, 14 young (57344K), 8 survivors (32768K)
 Metaspace       used 156858K, committed 159680K, reserved 1245184K
  class space    used 20741K, committed 22080K, reserved 1048576K
}
Event: 20.532 GC heap after
{Heap after GC invocations=51 (full 0):
 garbage-first heap   total reserved 8388608K, committed 712704K, used 259511K [0x0000000600000000, 0x0000000800000000)
  region size 4096K, 2 young (8192K), 2 survivors (8192K)
 Metaspace       used 156858K, committed 159680K, reserved 1245184K
  class space    used 20741K, committed 22080K, reserved 1048576K
}
Event: 22.822 GC heap before
{Heap before GC invocations=51 (full 0):
 garbage-first heap   total reserved 8388608K, committed 712704K, used 578999K [0x0000000600000000, 0x0000000800000000)
  region size 4096K, 78 young (319488K), 2 survivors (8192K)
 Metaspace       used 164421K, committed 167232K, reserved 1245184K
  class space    used 21416K, committed 22784K, reserved 1048576K
}
Event: 22.835 GC heap after
{Heap after GC invocations=52 (full 0):
 garbage-first heap   total reserved 8388608K, committed 712704K, used 292037K [0x0000000600000000, 0x0000000800000000)
  region size 4096K, 8 young (32768K), 8 survivors (32768K)
 Metaspace       used 164421K, committed 167232K, reserved 1245184K
  class space    used 21416K, committed 22784K, reserved 1048576K
}

