# JRE version: OpenJDK Runtime Environment Temurin-21.0.8+9 (21.0.8+9) (build 21.0.8+9-LTS)
# Java VM: OpenJDK 64-Bit Server VM Temurin-21.0.8+9 (21.0.8+9-LTS, mixed mode, sharing, tiered, compressed oops, compressed class ptrs, parallel gc, windows-amd64)
GC Precious Log:
 CardTable entry size: 512
 CPUs: 12 total, 12 available
 Memory: 7929M
 Large Page Support: Disabled
 NUMA Support: Disabled
 Compressed Oops: Enabled (32-bit)
 Alignments: Space 512K, Generation 512K, Heap 2M
 Heap Min Capacity: 100M
 Heap Initial Capacity: 100M
 Heap Max Capacity: 2G
 Pre-touch: Disabled
 Parallel Workers: 10
Heap:
 PSYoungGen      total 13824K, used 13056K [0x00000000d5580000, 0x00000000d6400000, 0x0000000100000000)
  eden space 12800K, 100% used [0x00000000d5580000,0x00000000d6200000,0x00000000d6200000)
  from space 1024K, 25% used [0x00000000d6200000,0x00000000d6240000,0x00000000d6300000)
  to   space 512K, 0% used [0x00000000d6380000,0x00000000d6380000,0x00000000d6400000)
 ParOldGen       total 68608K, used 65520K [0x0000000080000000, 0x0000000084300000, 0x00000000d5580000)
  object space 68608K, 95% used [0x0000000080000000,0x0000000083ffc070,0x0000000084300000)
 Metaspace       used 71728K, committed 73280K, reserved 1114112K
  class space    used 8939K, committed 9664K, reserved 1048576K
GC Heap History (20 events):
Event: 14.281 GC heap after
{Heap after GC invocations=165 (full 3):
 PSYoungGen      total 14336K, used 352K [0x00000000d5580000, 0x00000000d6500000, 0x0000000100000000)
  eden space 13824K, 0% used [0x00000000d5580000,0x00000000d5580000,0x00000000d6300000)
  from space 512K, 68% used [0x00000000d6480000,0x00000000d64d8010,0x00000000d6500000)
  to   space 512K, 0% used [0x00000000d6400000,0x00000000d6400000,0x00000000d6480000)
 ParOldGen       total 68608K, used 62893K [0x0000000080000000, 0x0000000084300000, 0x00000000d5580000)
  object space 68608K, 91% used [0x0000000080000000,0x0000000083d6b598,0x0000000084300000)
 Metaspace       used 69507K, committed 71104K, reserved 1114112K
  class space    used 8765K, committed 9472K, reserved 1048576K
}
Event: 14.309 GC heap before
{Heap before GC invocations=166 (full 3):
 PSYoungGen      total 14336K, used 14176K [0x00000000d5580000, 0x00000000d6500000, 0x0000000100000000)
  eden space 13824K, 100% used [0x00000000d5580000,0x00000000d6300000,0x00000000d6300000)
  from space 512K, 68% used [0x00000000d6480000,0x00000000d64d8010,0x00000000d6500000)
  to   space 512K, 0% used [0x00000000d6400000,0x00000000d6400000,0x00000000d6480000)
 ParOldGen       total 68608K, used 62893K [0x0000000080000000, 0x0000000084300000, 0x00000000d5580000)
  object space 68608K, 91% used [0x0000000080000000,0x0000000083d6b598,0x0000000084300000)
 Metaspace       used 69611K, committed 71168K, reserved 1114112K
  class space    used 8775K, committed 9472K, reserved 1048576K
}
Event: 14.310 GC heap after
{Heap after GC invocations=166 (full 3):
 PSYoungGen      total 14336K, used 288K [0x00000000d5580000, 0x00000000d6500000, 0x0000000100000000)
  eden space 13824K, 0% used [0x00000000d5580000,0x00000000d5580000,0x00000000d6300000)
  from space 512K, 56% used [0x00000000d6400000,0x00000000d6448000,0x00000000d6480000)
  to   space 512K, 0% used [0x00000000d6480000,0x00000000d6480000,0x00000000d6500000)
 ParOldGen       total 68608K, used 63029K [0x0000000080000000, 0x0000000084300000, 0x00000000d5580000)
  object space 68608K, 91% used [0x0000000080000000,0x0000000083d8d598,0x0000000084300000)
 Metaspace       used 69611K, committed 71168K, reserved 1114112K
  class space    used 8775K, committed 9472K, reserved 1048576K
}
Event: 14.332 GC heap before
{Heap before GC invocations=167 (full 3):
 PSYoungGen      total 14336K, used 14112K [0x00000000d5580000, 0x00000000d6500000, 0x0000000100000000)
  eden space 13824K, 100% used [0x00000000d5580000,0x00000000d6300000,0x00000000d6300000)
  from space 512K, 56% used [0x00000000d6400000,0x00000000d6448000,0x00000000d6480000)
  to   space 512K, 0% used [0x00000000d6480000,0x00000000d6480000,0x00000000d6500000)
 ParOldGen       total 68608K, used 63029K [0x0000000080000000, 0x0000000084300000, 0x00000000d5580000)
  object space 68608K, 91% used [0x0000000080000000,0x0000000083d8d598,0x0000000084300000)
 Metaspace       used 69721K, committed 71360K, reserved 1114112K
  class space    used 8786K, committed 9536K, reserved 1048576K
}
Event: 14.333 GC heap after
{Heap after GC invocations=167 (full 3):
 PSYoungGen      total 14336K, used 288K [0x00000000d5580000, 0x00000000d6500000, 0x0000000100000000)
  eden space 13824K, 0% used [0x00000000d5580000,0x00000000d5580000,0x00000000d6300000)
  from space 512K, 56% used [0x00000000d6480000,0x00000000d64c8000,0x00000000d6500000)
  to   space 512K, 0% used [0x00000000d6400000,0x00000000d6400000,0x00000000d6480000)
 ParOldGen       total 68608K, used 63093K [0x0000000080000000, 0x0000000084300000, 0x00000000d5580000)
  object space 68608K, 91% used [0x0000000080000000,0x0000000083d9d598,0x0000000084300000)
 Metaspace       used 69721K, committed 71360K, reserved 1114112K
  class space    used 8786K, committed 9536K, reserved 1048576K
}
Event: 14.351 GC heap before
{Heap before GC invocations=168 (full 3):
 PSYoungGen      total 14336K, used 14112K [0x00000000d5580000, 0x00000000d6500000, 0x0000000100000000)
  eden space 13824K, 100% used [0x00000000d5580000,0x00000000d6300000,0x00000000d6300000)
  from space 512K, 56% used [0x00000000d6480000,0x00000000d64c8000,0x00000000d6500000)
  to   space 512K, 0% used [0x00000000d6400000,0x00000000d6400000,0x00000000d6480000)
 ParOldGen       total 68608K, used 63093K [0x0000000080000000, 0x0000000084300000, 0x00000000d5580000)
  object space 68608K, 91% used [0x0000000080000000,0x0000000083d9d598,0x0000000084300000)
 Metaspace       used 69855K, committed 71424K, reserved 1114112K
  class space    used 8802K, committed 9536K, reserved 1048576K
}
Event: 14.351 GC heap after
{Heap after GC invocations=168 (full 3):
 PSYoungGen      total 14336K, used 288K [0x00000000d5580000, 0x00000000d6500000, 0x0000000100000000)
  eden space 13824K, 0% used [0x00000000d5580000,0x00000000d5580000,0x00000000d6300000)
  from space 512K, 56% used [0x00000000d6400000,0x00000000d6448000,0x00000000d6480000)
  to   space 512K, 0% used [0x00000000d6480000,0x00000000d6480000,0x00000000d6500000)
 ParOldGen       total 68608K, used 63157K [0x0000000080000000, 0x0000000084300000, 0x00000000d5580000)
  object space 68608K, 92% used [0x0000000080000000,0x0000000083dad598,0x0000000084300000)
 Metaspace       used 69855K, committed 71424K, reserved 1114112K
  class space    used 8802K, committed 9536K, reserved 1048576K
}
Event: 14.421 GC heap before
{Heap before GC invocations=169 (full 3):
 PSYoungGen      total 14336K, used 14112K [0x00000000d5580000, 0x00000000d6500000, 0x0000000100000000)
  eden space 13824K, 100% used [0x00000000d5580000,0x00000000d6300000,0x00000000d6300000)
  from space 512K, 56% used [0x00000000d6400000,0x00000000d6448000,0x00000000d6480000)
  to   space 512K, 0% used [0x00000000d6480000,0x00000000d6480000,0x00000000d6500000)
 ParOldGen       total 68608K, used 63157K [0x0000000080000000, 0x0000000084300000, 0x00000000d5580000)
  object space 68608K, 92% used [0x0000000080000000,0x0000000083dad598,0x0000000084300000)
 Metaspace       used 70472K, committed 72064K, reserved 1114112K
  class space    used 8859K, committed 9600K, reserved 1048576K
}
Event: 14.421 GC heap after
{Heap after GC invocations=169 (full 3):
 PSYoungGen      total 14336K, used 480K [0x00000000d5580000, 0x00000000d6500000, 0x0000000100000000)
  eden space 13824K, 0% used [0x00000000d5580000,0x00000000d5580000,0x00000000d6300000)
  from space 512K, 93% used [0x00000000d6480000,0x00000000d64f8000,0x00000000d6500000)
  to   space 1024K, 0% used [0x00000000d6300000,0x00000000d6300000,0x00000000d6400000)
 ParOldGen       total 68608K, used 63245K [0x0000000080000000, 0x0000000084300000, 0x00000000d5580000)
  object space 68608K, 92% used [0x0000000080000000,0x0000000083dc3598,0x0000000084300000)
 Metaspace       used 70472K, committed 72064K, reserved 1114112K
  class space    used 8859K, committed 9600K, reserved 1048576K
}
Event: 14.484 GC heap before
{Heap before GC invocations=170 (full 3):
 PSYoungGen      total 14336K, used 14304K [0x00000000d5580000, 0x00000000d6500000, 0x0000000100000000)
  eden space 13824K, 100% used [0x00000000d5580000,0x00000000d6300000,0x00000000d6300000)
  from space 512K, 93% used [0x00000000d6480000,0x00000000d64f8000,0x00000000d6500000)
  to   space 1024K, 0% used [0x00000000d6300000,0x00000000d6300000,0x00000000d6400000)
 ParOldGen       total 68608K, used 63245K [0x0000000080000000, 0x0000000084300000, 0x00000000d5580000)
  object space 68608K, 92% used [0x0000000080000000,0x0000000083dc3598,0x0000000084300000)
 Metaspace       used 70984K, committed 72576K, reserved 1114112K
  class space    used 8877K, committed 9600K, reserved 1048576K
}
Event: 14.485 GC heap after
{Heap after GC invocations=170 (full 3):
 PSYoungGen      total 14848K, used 352K [0x00000000d5580000, 0x00000000d6500000, 0x0000000100000000)
  eden space 13824K, 0% used [0x00000000d5580000,0x00000000d5580000,0x00000000d6300000)
  from space 1024K, 34% used [0x00000000d6300000,0x00000000d6358000,0x00000000d6400000)
  to   space 512K, 0% used [0x00000000d6480000,0x00000000d6480000,0x00000000d6500000)
 ParOldGen       total 68608K, used 63389K [0x0000000080000000, 0x0000000084300000, 0x00000000d5580000)
  object space 68608K, 92% used [0x0000000080000000,0x0000000083de75a8,0x0000000084300000)
 Metaspace       used 70984K, committed 72576K, reserved 1114112K
  class space    used 8877K, committed 9600K, reserved 1048576K
}
Event: 14.512 GC heap before
{Heap before GC invocations=171 (full 3):
 PSYoungGen      total 14848K, used 14176K [0x00000000d5580000, 0x00000000d6500000, 0x0000000100000000)
  eden space 13824K, 100% used [0x00000000d5580000,0x00000000d6300000,0x00000000d6300000)
  from space 1024K, 34% used [0x00000000d6300000,0x00000000d6358000,0x00000000d6400000)
  to   space 512K, 0% used [0x00000000d6480000,0x00000000d6480000,0x00000000d6500000)
 ParOldGen       total 68608K, used 63389K [0x0000000080000000, 0x0000000084300000, 0x00000000d5580000)
  object space 68608K, 92% used [0x0000000080000000,0x0000000083de75a8,0x0000000084300000)
 Metaspace       used 71150K, committed 72704K, reserved 1114112K
  class space    used 8891K, committed 9600K, reserved 1048576K
}
Event: 14.513 GC heap after
{Heap after GC invocations=171 (full 3):
 PSYoungGen      total 13312K, used 502K [0x00000000d5580000, 0x00000000d6800000, 0x0000000100000000)
  eden space 12800K, 0% used [0x00000000d5580000,0x00000000d5580000,0x00000000d6200000)
  from space 512K, 98% used [0x00000000d6480000,0x00000000d64fdb78,0x00000000d6500000)
  to   space 2560K, 0% used [0x00000000d6200000,0x00000000d6200000,0x00000000d6480000)
 ParOldGen       total 68608K, used 64705K [0x0000000080000000, 0x0000000084300000, 0x00000000d5580000)
  object space 68608K, 94% used [0x0000000080000000,0x0000000083f30600,0x0000000084300000)
 Metaspace       used 71150K, committed 72704K, reserved 1114112K
  class space    used 8891K, committed 9600K, reserved 1048576K
}
Event: 14.538 GC heap before
{Heap before GC invocations=172 (full 3):
 PSYoungGen      total 13312K, used 13302K [0x00000000d5580000, 0x00000000d6800000, 0x0000000100000000)
  eden space 12800K, 100% used [0x00000000d5580000,0x00000000d6200000,0x00000000d6200000)
  from space 512K, 98% used [0x00000000d6480000,0x00000000d64fdb78,0x00000000d6500000)
  to   space 2560K, 0% used [0x00000000d6200000,0x00000000d6200000,0x00000000d6480000)
 ParOldGen       total 68608K, used 64705K [0x0000000080000000, 0x0000000084300000, 0x00000000d5580000)
  object space 68608K, 94% used [0x0000000080000000,0x0000000083f30600,0x0000000084300000)
 Metaspace       used 71161K, committed 72704K, reserved 1114112K
  class space    used 8891K, committed 9600K, reserved 1048576K
}
Event: 14.540 GC heap after
{Heap after GC invocations=172 (full 3):
 PSYoungGen      total 14336K, used 1253K [0x00000000d5580000, 0x00000000d6500000, 0x0000000100000000)
  eden space 12800K, 0% used [0x00000000d5580000,0x00000000d5580000,0x00000000d6200000)
  from space 1536K, 81% used [0x00000000d6200000,0x00000000d6339718,0x00000000d6380000)
  to   space 1536K, 0% used [0x00000000d6380000,0x00000000d6380000,0x00000000d6500000)
 ParOldGen       total 68608K, used 65190K [0x0000000080000000, 0x0000000084300000, 0x00000000d5580000)
  object space 68608K, 95% used [0x0000000080000000,0x0000000083fa99f8,0x0000000084300000)
 Metaspace       used 71161K, committed 72704K, reserved 1114112K
  class space    used 8891K, committed 9600K, reserved 1048576K
}
Event: 14.563 GC heap before
{Heap before GC invocations=173 (full 3):
 PSYoungGen      total 14336K, used 14053K [0x00000000d5580000, 0x00000000d6500000, 0x0000000100000000)
  eden space 12800K, 100% used [0x00000000d5580000,0x00000000d6200000,0x00000000d6200000)
  from space 1536K, 81% used [0x00000000d6200000,0x00000000d6339718,0x00000000d6380000)
  to   space 1536K, 0% used [0x00000000d6380000,0x00000000d6380000,0x00000000d6500000)
 ParOldGen       total 68608K, used 65190K [0x0000000080000000, 0x0000000084300000, 0x00000000d5580000)
  object space 68608K, 95% used [0x0000000080000000,0x0000000083fa99f8,0x0000000084300000)
 Metaspace       used 71170K, committed 72704K, reserved 1114112K
  class space    used 8891K, committed 9600K, reserved 1048576K
}
Event: 14.564 GC heap after
{Heap after GC invocations=173 (full 3):
 PSYoungGen      total 14336K, used 937K [0x00000000d5580000, 0x00000000d6500000, 0x0000000100000000)
  eden space 12800K, 0% used [0x00000000d5580000,0x00000000d5580000,0x00000000d6200000)
  from space 1536K, 61% used [0x00000000d6380000,0x00000000d646a770,0x00000000d6500000)
  to   space 1536K, 0% used [0x00000000d6200000,0x00000000d6200000,0x00000000d6380000)
 ParOldGen       total 68608K, used 65384K [0x0000000080000000, 0x0000000084300000, 0x00000000d5580000)
  object space 68608K, 95% used [0x0000000080000000,0x0000000083fda070,0x0000000084300000)
 Metaspace       used 71170K, committed 72704K, reserved 1114112K
  class space    used 8891K, committed 9600K, reserved 1048576K
}
Event: 14.582 GC heap before
{Heap before GC invocations=174 (full 3):
 PSYoungGen      total 14336K, used 13737K [0x00000000d5580000, 0x00000000d6500000, 0x0000000100000000)
  eden space 12800K, 100% used [0x00000000d5580000,0x00000000d6200000,0x00000000d6200000)
  from space 1536K, 61% used [0x00000000d6380000,0x00000000d646a770,0x00000000d6500000)
  to   space 1536K, 0% used [0x00000000d6200000,0x00000000d6200000,0x00000000d6380000)
 ParOldGen       total 68608K, used 65384K [0x0000000080000000, 0x0000000084300000, 0x00000000d5580000)
  object space 68608K, 95% used [0x0000000080000000,0x0000000083fda070,0x0000000084300000)
 Metaspace       used 71174K, committed 72704K, reserved 1114112K
  class space    used 8891K, committed 9600K, reserved 1048576K
}
Event: 14.583 GC heap after
{Heap after GC invocations=174 (full 3):
 PSYoungGen      total 14336K, used 1254K [0x00000000d5580000, 0x00000000d6500000, 0x0000000100000000)
  eden space 12800K, 0% used [0x00000000d5580000,0x00000000d5580000,0x00000000d6200000)
  from space 1536K, 81% used [0x00000000d6200000,0x00000000d6339b30,0x00000000d6380000)
  to   space 1536K, 0% used [0x00000000d6380000,0x00000000d6380000,0x00000000d6500000)
 ParOldGen       total 68608K, used 65440K [0x0000000080000000, 0x0000000084300000, 0x00000000d5580000)
  object space 68608K, 95% used [0x0000000080000000,0x0000000083fe8070,0x0000000084300000)
 Metaspace       used 71174K, committed 72704K, reserved 1114112K
  class space    used 8891K, committed 9600K, reserved 1048576K
}
Event: 14.617 GC heap before
{Heap before GC invocations=175 (full 3):
 PSYoungGen      total 14336K, used 14054K [0x00000000d5580000, 0x00000000d6500000, 0x0000000100000000)
  eden space 12800K, 100% used [0x00000000d5580000,0x00000000d6200000,0x00000000d6200000)
  from space 1536K, 81% used [0x00000000d6200000,0x00000000d6339b30,0x00000000d6380000)
  to   space 1536K, 0% used [0x00000000d6380000,0x00000000d6380000,0x00000000d6500000)
 ParOldGen       total 68608K, used 65440K [0x0000000080000000, 0x0000000084300000, 0x00000000d5580000)
  object space 68608K, 95% used [0x0000000080000000,0x0000000083fe8070,0x0000000084300000)
 Metaspace       used 71642K, committed 73216K, reserved 1114112K
  class space    used 8928K, committed 9664K, reserved 1048576K
}

