# JRE version: OpenJDK Runtime Environment Temurin-21.0.8+9 (21.0.8+9) (build 21.0.8+9-LTS)
# Java VM: OpenJDK 64-Bit Server VM Temurin-21.0.8+9 (21.0.8+9-LTS, mixed mode, sharing, tiered, compressed oops, compressed class ptrs, parallel gc, windows-amd64)
GC Precious Log:
 CardTable entry size: 512
 CPUs: 12 total, 12 available
 Memory: 7929M
 Large Page Support: Disabled
 NUMA Support: Disabled
 Compressed Oops: Enabled (32-bit)
 Alignments: Space 512K, Generation 512K, Heap 2M
 Heap Min Capacity: 100M
 Heap Initial Capacity: 100M
 Heap Max Capacity: 2G
 Pre-touch: Disabled
 Parallel Workers: 10
Heap:
 PSYoungGen      total 8704K, used 7507K [0x00000000d5580000, 0x00000000d6180000, 0x0000000100000000)
  eden space 6656K, 88% used [0x00000000d5580000,0x00000000d5b392f0,0x00000000d5c00000)
  from space 2048K, 80% used [0x00000000d5e00000,0x00000000d5f9ba48,0x00000000d6000000)
  to   space 2048K, 0% used [0x00000000d5c00000,0x00000000d5c00000,0x00000000d5e00000)
 ParOldGen       total 115712K, used 115612K [0x0000000080000000, 0x0000000087100000, 0x00000000d5580000)
  object space 115712K, 99% used [0x0000000080000000,0x00000000870e7358,0x0000000087100000)
 Metaspace       used 57660K, committed 59072K, reserved 1114112K
  class space    used 6811K, committed 7424K, reserved 1048576K
GC Heap History (20 events):
Event: 18.667 GC heap after
{Heap after GC invocations=52 (full 2):
 PSYoungGen      total 8192K, used 1176K [0x00000000d5580000, 0x00000000d6000000, 0x0000000100000000)
  eden space 6656K, 0% used [0x00000000d5580000,0x00000000d5580000,0x00000000d5c00000)
  from space 1536K, 76% used [0x00000000d5e80000,0x00000000d5fa6020,0x00000000d6000000)
  to   space 1536K, 0% used [0x00000000d5c00000,0x00000000d5c00000,0x00000000d5d80000)
 ParOldGen       total 102912K, used 102817K [0x0000000080000000, 0x0000000086480000, 0x00000000d5580000)
  object space 102912K, 99% used [0x0000000080000000,0x0000000086468598,0x0000000086480000)
 Metaspace       used 56766K, committed 58176K, reserved 1114112K
  class space    used 6721K, committed 7360K, reserved 1048576K
}
Event: 18.692 GC heap before
{Heap before GC invocations=53 (full 2):
 PSYoungGen      total 8192K, used 7832K [0x00000000d5580000, 0x00000000d6000000, 0x0000000100000000)
  eden space 6656K, 100% used [0x00000000d5580000,0x00000000d5c00000,0x00000000d5c00000)
  from space 1536K, 76% used [0x00000000d5e80000,0x00000000d5fa6020,0x00000000d6000000)
  to   space 1536K, 0% used [0x00000000d5c00000,0x00000000d5c00000,0x00000000d5d80000)
 ParOldGen       total 102912K, used 102817K [0x0000000080000000, 0x0000000086480000, 0x00000000d5580000)
  object space 102912K, 99% used [0x0000000080000000,0x0000000086468598,0x0000000086480000)
 Metaspace       used 56898K, committed 58304K, reserved 1114112K
  class space    used 6736K, committed 7360K, reserved 1048576K
}
Event: 18.694 GC heap after
{Heap after GC invocations=53 (full 2):
 PSYoungGen      total 8192K, used 1358K [0x00000000d5580000, 0x00000000d5f00000, 0x0000000100000000)
  eden space 6656K, 0% used [0x00000000d5580000,0x00000000d5580000,0x00000000d5c00000)
  from space 1536K, 88% used [0x00000000d5c00000,0x00000000d5d53aa0,0x00000000d5d80000)
  to   space 1536K, 0% used [0x00000000d5d80000,0x00000000d5d80000,0x00000000d5f00000)
 ParOldGen       total 103936K, used 103794K [0x0000000080000000, 0x0000000086580000, 0x00000000d5580000)
  object space 103936K, 99% used [0x0000000080000000,0x000000008655c820,0x0000000086580000)
 Metaspace       used 56898K, committed 58304K, reserved 1114112K
  class space    used 6736K, committed 7360K, reserved 1048576K
}
Event: 18.709 GC heap before
{Heap before GC invocations=54 (full 2):
 PSYoungGen      total 8192K, used 8014K [0x00000000d5580000, 0x00000000d5f00000, 0x0000000100000000)
  eden space 6656K, 100% used [0x00000000d5580000,0x00000000d5c00000,0x00000000d5c00000)
  from space 1536K, 88% used [0x00000000d5c00000,0x00000000d5d53aa0,0x00000000d5d80000)
  to   space 1536K, 0% used [0x00000000d5d80000,0x00000000d5d80000,0x00000000d5f00000)
 ParOldGen       total 103936K, used 103794K [0x0000000080000000, 0x0000000086580000, 0x00000000d5580000)
  object space 103936K, 99% used [0x0000000080000000,0x000000008655c820,0x0000000086580000)
 Metaspace       used 57073K, committed 58496K, reserved 1114112K
  class space    used 6747K, committed 7360K, reserved 1048576K
}
Event: 18.711 GC heap after
{Heap after GC invocations=54 (full 2):
 PSYoungGen      total 8192K, used 1483K [0x00000000d5580000, 0x00000000d5f00000, 0x0000000100000000)
  eden space 6656K, 0% used [0x00000000d5580000,0x00000000d5580000,0x00000000d5c00000)
  from space 1536K, 96% used [0x00000000d5d80000,0x00000000d5ef2d50,0x00000000d5f00000)
  to   space 1536K, 0% used [0x00000000d5c00000,0x00000000d5c00000,0x00000000d5d80000)
 ParOldGen       total 105472K, used 104978K [0x0000000080000000, 0x0000000086700000, 0x00000000d5580000)
  object space 105472K, 99% used [0x0000000080000000,0x00000000866849b0,0x0000000086700000)
 Metaspace       used 57073K, committed 58496K, reserved 1114112K
  class space    used 6747K, committed 7360K, reserved 1048576K
}
Event: 18.730 GC heap before
{Heap before GC invocations=55 (full 2):
 PSYoungGen      total 8192K, used 8139K [0x00000000d5580000, 0x00000000d5f00000, 0x0000000100000000)
  eden space 6656K, 100% used [0x00000000d5580000,0x00000000d5c00000,0x00000000d5c00000)
  from space 1536K, 96% used [0x00000000d5d80000,0x00000000d5ef2d50,0x00000000d5f00000)
  to   space 1536K, 0% used [0x00000000d5c00000,0x00000000d5c00000,0x00000000d5d80000)
 ParOldGen       total 105472K, used 104978K [0x0000000080000000, 0x0000000086700000, 0x00000000d5580000)
  object space 105472K, 99% used [0x0000000080000000,0x00000000866849b0,0x0000000086700000)
 Metaspace       used 57193K, committed 58560K, reserved 1114112K
  class space    used 6766K, committed 7360K, reserved 1048576K
}
Event: 18.734 GC heap after
{Heap after GC invocations=55 (full 2):
 PSYoungGen      total 8192K, used 1120K [0x00000000d5580000, 0x00000000d5f00000, 0x0000000100000000)
  eden space 6656K, 0% used [0x00000000d5580000,0x00000000d5580000,0x00000000d5c00000)
  from space 1536K, 72% used [0x00000000d5c00000,0x00000000d5d18000,0x00000000d5d80000)
  to   space 1536K, 0% used [0x00000000d5d80000,0x00000000d5d80000,0x00000000d5f00000)
 ParOldGen       total 106496K, used 106206K [0x0000000080000000, 0x0000000086800000, 0x00000000d5580000)
  object space 106496K, 99% used [0x0000000080000000,0x00000000867b7bf8,0x0000000086800000)
 Metaspace       used 57193K, committed 58560K, reserved 1114112K
  class space    used 6766K, committed 7360K, reserved 1048576K
}
Event: 18.756 GC heap before
{Heap before GC invocations=56 (full 2):
 PSYoungGen      total 8192K, used 7776K [0x00000000d5580000, 0x00000000d5f00000, 0x0000000100000000)
  eden space 6656K, 100% used [0x00000000d5580000,0x00000000d5c00000,0x00000000d5c00000)
  from space 1536K, 72% used [0x00000000d5c00000,0x00000000d5d18000,0x00000000d5d80000)
  to   space 1536K, 0% used [0x00000000d5d80000,0x00000000d5d80000,0x00000000d5f00000)
 ParOldGen       total 106496K, used 106206K [0x0000000080000000, 0x0000000086800000, 0x00000000d5580000)
  object space 106496K, 99% used [0x0000000080000000,0x00000000867b7bf8,0x0000000086800000)
 Metaspace       used 57355K, committed 58688K, reserved 1114112K
  class space    used 6780K, committed 7360K, reserved 1048576K
}
Event: 18.758 GC heap after
{Heap after GC invocations=56 (full 2):
 PSYoungGen      total 8192K, used 1310K [0x00000000d5580000, 0x00000000d5f00000, 0x0000000100000000)
  eden space 6656K, 0% used [0x00000000d5580000,0x00000000d5580000,0x00000000d5c00000)
  from space 1536K, 85% used [0x00000000d5d80000,0x00000000d5ec7b20,0x00000000d5f00000)
  to   space 1536K, 0% used [0x00000000d5c00000,0x00000000d5c00000,0x00000000d5d80000)
 ParOldGen       total 107520K, used 107206K [0x0000000080000000, 0x0000000086900000, 0x00000000d5580000)
  object space 107520K, 99% used [0x0000000080000000,0x00000000868b1a20,0x0000000086900000)
 Metaspace       used 57355K, committed 58688K, reserved 1114112K
  class space    used 6780K, committed 7360K, reserved 1048576K
}
Event: 18.803 GC heap before
{Heap before GC invocations=57 (full 2):
 PSYoungGen      total 8192K, used 7966K [0x00000000d5580000, 0x00000000d5f00000, 0x0000000100000000)
  eden space 6656K, 100% used [0x00000000d5580000,0x00000000d5c00000,0x00000000d5c00000)
  from space 1536K, 85% used [0x00000000d5d80000,0x00000000d5ec7b20,0x00000000d5f00000)
  to   space 1536K, 0% used [0x00000000d5c00000,0x00000000d5c00000,0x00000000d5d80000)
 ParOldGen       total 107520K, used 107206K [0x0000000080000000, 0x0000000086900000, 0x00000000d5580000)
  object space 107520K, 99% used [0x0000000080000000,0x00000000868b1a20,0x0000000086900000)
 Metaspace       used 57404K, committed 58816K, reserved 1114112K
  class space    used 6785K, committed 7424K, reserved 1048576K
}
Event: 18.806 GC heap after
{Heap after GC invocations=57 (full 2):
 PSYoungGen      total 8192K, used 1504K [0x00000000d5580000, 0x00000000d6000000, 0x0000000100000000)
  eden space 6656K, 0% used [0x00000000d5580000,0x00000000d5580000,0x00000000d5c00000)
  from space 1536K, 97% used [0x00000000d5c00000,0x00000000d5d78000,0x00000000d5d80000)
  to   space 2048K, 0% used [0x00000000d5e00000,0x00000000d5e00000,0x00000000d6000000)
 ParOldGen       total 108544K, used 108432K [0x0000000080000000, 0x0000000086a00000, 0x00000000d5580000)
  object space 108544K, 99% used [0x0000000080000000,0x00000000869e4110,0x0000000086a00000)
 Metaspace       used 57404K, committed 58816K, reserved 1114112K
  class space    used 6785K, committed 7424K, reserved 1048576K
}
Event: 18.873 GC heap before
{Heap before GC invocations=58 (full 2):
 PSYoungGen      total 8192K, used 8160K [0x00000000d5580000, 0x00000000d6000000, 0x0000000100000000)
  eden space 6656K, 100% used [0x00000000d5580000,0x00000000d5c00000,0x00000000d5c00000)
  from space 1536K, 97% used [0x00000000d5c00000,0x00000000d5d78000,0x00000000d5d80000)
  to   space 2048K, 0% used [0x00000000d5e00000,0x00000000d5e00000,0x00000000d6000000)
 ParOldGen       total 108544K, used 108432K [0x0000000080000000, 0x0000000086a00000, 0x00000000d5580000)
  object space 108544K, 99% used [0x0000000080000000,0x00000000869e4110,0x0000000086a00000)
 Metaspace       used 57404K, committed 58816K, reserved 1114112K
  class space    used 6785K, committed 7424K, reserved 1048576K
}
Event: 18.875 GC heap after
{Heap after GC invocations=58 (full 2):
 PSYoungGen      total 8704K, used 1571K [0x00000000d5580000, 0x00000000d6000000, 0x0000000100000000)
  eden space 6656K, 0% used [0x00000000d5580000,0x00000000d5580000,0x00000000d5c00000)
  from space 2048K, 76% used [0x00000000d5e00000,0x00000000d5f88d20,0x00000000d6000000)
  to   space 2048K, 0% used [0x00000000d5c00000,0x00000000d5c00000,0x00000000d5e00000)
 ParOldGen       total 110080K, used 109817K [0x0000000080000000, 0x0000000086b80000, 0x00000000d5580000)
  object space 110080K, 99% used [0x0000000080000000,0x0000000086b3e428,0x0000000086b80000)
 Metaspace       used 57404K, committed 58816K, reserved 1114112K
  class space    used 6785K, committed 7424K, reserved 1048576K
}
Event: 18.911 GC heap before
{Heap before GC invocations=59 (full 2):
 PSYoungGen      total 8704K, used 8227K [0x00000000d5580000, 0x00000000d6000000, 0x0000000100000000)
  eden space 6656K, 100% used [0x00000000d5580000,0x00000000d5c00000,0x00000000d5c00000)
  from space 2048K, 76% used [0x00000000d5e00000,0x00000000d5f88d20,0x00000000d6000000)
  to   space 2048K, 0% used [0x00000000d5c00000,0x00000000d5c00000,0x00000000d5e00000)
 ParOldGen       total 110080K, used 109817K [0x0000000080000000, 0x0000000086b80000, 0x00000000d5580000)
  object space 110080K, 99% used [0x0000000080000000,0x0000000086b3e428,0x0000000086b80000)
 Metaspace       used 57404K, committed 58816K, reserved 1114112K
  class space    used 6785K, committed 7424K, reserved 1048576K
}
Event: 18.914 GC heap after
{Heap after GC invocations=59 (full 2):
 PSYoungGen      total 8704K, used 1662K [0x00000000d5580000, 0x00000000d6000000, 0x0000000100000000)
  eden space 6656K, 0% used [0x00000000d5580000,0x00000000d5580000,0x00000000d5c00000)
  from space 2048K, 81% used [0x00000000d5c00000,0x00000000d5d9f8c0,0x00000000d5e00000)
  to   space 2048K, 0% used [0x00000000d5e00000,0x00000000d5e00000,0x00000000d6000000)
 ParOldGen       total 111616K, used 111215K [0x0000000080000000, 0x0000000086d00000, 0x00000000d5580000)
  object space 111616K, 99% used [0x0000000080000000,0x0000000086c9bd28,0x0000000086d00000)
 Metaspace       used 57404K, committed 58816K, reserved 1114112K
  class space    used 6785K, committed 7424K, reserved 1048576K
}
Event: 18.952 GC heap before
{Heap before GC invocations=60 (full 2):
 PSYoungGen      total 8704K, used 8318K [0x00000000d5580000, 0x00000000d6000000, 0x0000000100000000)
  eden space 6656K, 100% used [0x00000000d5580000,0x00000000d5c00000,0x00000000d5c00000)
  from space 2048K, 81% used [0x00000000d5c00000,0x00000000d5d9f8c0,0x00000000d5e00000)
  to   space 2048K, 0% used [0x00000000d5e00000,0x00000000d5e00000,0x00000000d6000000)
 ParOldGen       total 111616K, used 111215K [0x0000000080000000, 0x0000000086d00000, 0x00000000d5580000)
  object space 111616K, 99% used [0x0000000080000000,0x0000000086c9bd28,0x0000000086d00000)
 Metaspace       used 57404K, committed 58816K, reserved 1114112K
  class space    used 6785K, committed 7424K, reserved 1048576K
}
Event: 18.955 GC heap after
{Heap after GC invocations=60 (full 2):
 PSYoungGen      total 8704K, used 1656K [0x00000000d5580000, 0x00000000d6000000, 0x0000000100000000)
  eden space 6656K, 0% used [0x00000000d5580000,0x00000000d5580000,0x00000000d5c00000)
  from space 2048K, 80% used [0x00000000d5e00000,0x00000000d5f9e218,0x00000000d6000000)
  to   space 2048K, 0% used [0x00000000d5c00000,0x00000000d5c00000,0x00000000d5e00000)
 ParOldGen       total 113152K, used 112686K [0x0000000080000000, 0x0000000086e80000, 0x00000000d5580000)
  object space 113152K, 99% used [0x0000000080000000,0x0000000086e0b9d8,0x0000000086e80000)
 Metaspace       used 57404K, committed 58816K, reserved 1114112K
  class space    used 6785K, committed 7424K, reserved 1048576K
}
Event: 18.994 GC heap before
{Heap before GC invocations=61 (full 2):
 PSYoungGen      total 8704K, used 8312K [0x00000000d5580000, 0x00000000d6000000, 0x0000000100000000)
  eden space 6656K, 100% used [0x00000000d5580000,0x00000000d5c00000,0x00000000d5c00000)
  from space 2048K, 80% used [0x00000000d5e00000,0x00000000d5f9e218,0x00000000d6000000)
  to   space 2048K, 0% used [0x00000000d5c00000,0x00000000d5c00000,0x00000000d5e00000)
 ParOldGen       total 113152K, used 112686K [0x0000000080000000, 0x0000000086e80000, 0x00000000d5580000)
  object space 113152K, 99% used [0x0000000080000000,0x0000000086e0b9d8,0x0000000086e80000)
 Metaspace       used 57404K, committed 58816K, reserved 1114112K
  class space    used 6785K, committed 7424K, reserved 1048576K
}
Event: 18.996 GC heap after
{Heap after GC invocations=61 (full 2):
 PSYoungGen      total 8704K, used 1675K [0x00000000d5580000, 0x00000000d6000000, 0x0000000100000000)
  eden space 6656K, 0% used [0x00000000d5580000,0x00000000d5580000,0x00000000d5c00000)
  from space 2048K, 81% used [0x00000000d5c00000,0x00000000d5da2e98,0x00000000d5e00000)
  to   space 2048K, 0% used [0x00000000d5e00000,0x00000000d5e00000,0x00000000d6000000)
 ParOldGen       total 114176K, used 114118K [0x0000000080000000, 0x0000000086f80000, 0x00000000d5580000)
  object space 114176K, 99% used [0x0000000080000000,0x0000000086f71a88,0x0000000086f80000)
 Metaspace       used 57404K, committed 58816K, reserved 1114112K
  class space    used 6785K, committed 7424K, reserved 1048576K
}
Event: 19.027 GC heap before
{Heap before GC invocations=62 (full 2):
 PSYoungGen      total 8704K, used 8331K [0x00000000d5580000, 0x00000000d6000000, 0x0000000100000000)
  eden space 6656K, 100% used [0x00000000d5580000,0x00000000d5c00000,0x00000000d5c00000)
  from space 2048K, 81% used [0x00000000d5c00000,0x00000000d5da2e98,0x00000000d5e00000)
  to   space 2048K, 0% used [0x00000000d5e00000,0x00000000d5e00000,0x00000000d6000000)
 ParOldGen       total 114176K, used 114118K [0x0000000080000000, 0x0000000086f80000, 0x00000000d5580000)
  object space 114176K, 99% used [0x0000000080000000,0x0000000086f71a88,0x0000000086f80000)
 Metaspace       used 57404K, committed 58816K, reserved 1114112K
  class space    used 6785K, committed 7424K, reserved 1048576K
}

