# JRE version: Java(TM) SE Runtime Environment (22.0+36) (build 22+36-2370)
# Java VM: Java HotSpot(TM) 64-Bit Server VM (22+36-2370, mixed mode, sharing, tiered, compressed oops, compressed class ptrs, g1 gc, windows-amd64)
GC Precious Log:
 CardTable entry size: 512
 Card Set container configuration: InlinePtr #cards 4 size 8 Array Of Cards #cards 32 size 80 Howl #buckets 8 coarsen threshold 7372 Howl Bitmap #cards 1024 size 144 coarsen threshold 921 Card regions per heap region 1 cards per card region 8192
 CPUs: 12 total, 12 available
 Memory: 7929M
 Large Page Support: Disabled
 NUMA Support: Disabled
 Compressed Oops: Enabled (Zero based)
 Heap Region Size: 4M
 Heap Min Capacity: 8M
 Heap Initial Capacity: 124M
 Heap Max Capacity: 8G
 Pre-touch: Disabled
 Parallel Workers: 10
 Concurrent Workers: 3
 Concurrent Refinement Workers: 10
 Periodic GC: Disabled
Heap:
 garbage-first heap   total reserved 8388608K, committed 471040K, used 416660K [0x0000000600000000, 0x0000000800000000)
  region size 4096K, 42 young (172032K), 4 survivors (16384K)
 Metaspace       used 127286K, committed 130240K, reserved 1179648K
  class space    used 17731K, committed 19136K, reserved 1048576K
GC Heap History (20 events):
Event: 20.681 GC heap before
{Heap before GC invocations=50 (full 0):
 garbage-first heap   total reserved 8388608K, committed 368640K, used 327578K [0x0000000600000000, 0x0000000800000000)
  region size 4096K, 37 young (151552K), 3 survivors (12288K)
 Metaspace       used 107532K, committed 110272K, reserved 1179648K
  class space    used 15411K, committed 16704K, reserved 1048576K
}
Event: 20.701 GC heap after
{Heap after GC invocations=51 (full 0):
 garbage-first heap   total reserved 8388608K, committed 368640K, used 202165K [0x0000000600000000, 0x0000000800000000)
  region size 4096K, 5 young (20480K), 5 survivors (20480K)
 Metaspace       used 107532K, committed 110272K, reserved 1179648K
  class space    used 15411K, committed 16704K, reserved 1048576K
}
Event: 20.991 GC heap before
{Heap before GC invocations=51 (full 0):
 garbage-first heap   total reserved 8388608K, committed 368640K, used 320949K [0x0000000600000000, 0x0000000800000000)
  region size 4096K, 35 young (143360K), 5 survivors (20480K)
 Metaspace       used 107618K, committed 110336K, reserved 1179648K
  class space    used 15423K, committed 16704K, reserved 1048576K
}
Event: 21.003 GC heap after
{Heap after GC invocations=52 (full 0):
 garbage-first heap   total reserved 8388608K, committed 368640K, used 210411K [0x0000000600000000, 0x0000000800000000)
  region size 4096K, 3 young (12288K), 3 survivors (12288K)
 Metaspace       used 107618K, committed 110336K, reserved 1179648K
  class space    used 15423K, committed 16704K, reserved 1048576K
}
Event: 21.403 GC heap before
{Heap before GC invocations=53 (full 0):
 garbage-first heap   total reserved 8388608K, committed 368640K, used 325099K [0x0000000600000000, 0x0000000800000000)
  region size 4096K, 32 young (131072K), 3 survivors (12288K)
 Metaspace       used 107847K, committed 110592K, reserved 1179648K
  class space    used 15461K, committed 16768K, reserved 1048576K
}
Event: 21.409 GC heap after
{Heap after GC invocations=54 (full 0):
 garbage-first heap   total reserved 8388608K, committed 368640K, used 217170K [0x0000000600000000, 0x0000000800000000)
  region size 4096K, 4 young (16384K), 4 survivors (16384K)
 Metaspace       used 107847K, committed 110592K, reserved 1179648K
  class space    used 15461K, committed 16768K, reserved 1048576K
}
Event: 21.893 GC heap before
{Heap before GC invocations=54 (full 0):
 garbage-first heap   total reserved 8388608K, committed 368640K, used 323666K [0x0000000600000000, 0x0000000800000000)
  region size 4096K, 31 young (126976K), 4 survivors (16384K)
 Metaspace       used 109877K, committed 112704K, reserved 1179648K
  class space    used 15581K, committed 16896K, reserved 1048576K
}
Event: 21.908 GC heap after
{Heap after GC invocations=55 (full 0):
 garbage-first heap   total reserved 8388608K, committed 368640K, used 221470K [0x0000000600000000, 0x0000000800000000)
  region size 4096K, 3 young (12288K), 3 survivors (12288K)
 Metaspace       used 109877K, committed 112704K, reserved 1179648K
  class space    used 15581K, committed 16896K, reserved 1048576K
}
Event: 24.349 GC heap before
{Heap before GC invocations=55 (full 0):
 garbage-first heap   total reserved 8388608K, committed 368640K, used 327966K [0x0000000600000000, 0x0000000800000000)
  region size 4096K, 30 young (122880K), 3 survivors (12288K)
 Metaspace       used 116187K, committed 119040K, reserved 1179648K
  class space    used 16257K, committed 17600K, reserved 1048576K
}
Event: 24.359 GC heap after
{Heap after GC invocations=56 (full 0):
 garbage-first heap   total reserved 8388608K, committed 462848K, used 229818K [0x0000000600000000, 0x0000000800000000)
  region size 4096K, 3 young (12288K), 3 survivors (12288K)
 Metaspace       used 116187K, committed 119040K, reserved 1179648K
  class space    used 16257K, committed 17600K, reserved 1048576K
}
Event: 26.135 GC heap before
{Heap before GC invocations=57 (full 0):
 garbage-first heap   total reserved 8388608K, committed 462848K, used 405946K [0x0000000600000000, 0x0000000800000000)
  region size 4096K, 46 young (188416K), 3 survivors (12288K)
 Metaspace       used 116710K, committed 119616K, reserved 1179648K
  class space    used 16308K, committed 17664K, reserved 1048576K
}
Event: 26.149 GC heap after
{Heap after GC invocations=58 (full 0):
 garbage-first heap   total reserved 8388608K, committed 462848K, used 240235K [0x0000000600000000, 0x0000000800000000)
  region size 4096K, 5 young (20480K), 5 survivors (20480K)
 Metaspace       used 116710K, committed 119616K, reserved 1179648K
  class space    used 16308K, committed 17664K, reserved 1048576K
}
Event: 27.902 GC heap before
{Heap before GC invocations=58 (full 0):
 garbage-first heap   total reserved 8388608K, committed 462848K, used 412267K [0x0000000600000000, 0x0000000800000000)
  region size 4096K, 47 young (192512K), 5 survivors (20480K)
 Metaspace       used 117034K, committed 119936K, reserved 1179648K
  class space    used 16326K, committed 17664K, reserved 1048576K
}
Event: 27.924 GC heap after
{Heap after GC invocations=59 (full 0):
 garbage-first heap   total reserved 8388608K, committed 462848K, used 251714K [0x0000000600000000, 0x0000000800000000)
  region size 4096K, 6 young (24576K), 6 survivors (24576K)
 Metaspace       used 117034K, committed 119936K, reserved 1179648K
  class space    used 16326K, committed 17664K, reserved 1048576K
}
Event: 28.830 GC heap before
{Heap before GC invocations=59 (full 0):
 garbage-first heap   total reserved 8388608K, committed 462848K, used 407362K [0x0000000600000000, 0x0000000800000000)
  region size 4096K, 44 young (180224K), 6 survivors (24576K)
 Metaspace       used 117193K, committed 120128K, reserved 1179648K
  class space    used 16328K, committed 17664K, reserved 1048576K
}
Event: 28.848 GC heap after
{Heap after GC invocations=60 (full 0):
 garbage-first heap   total reserved 8388608K, committed 462848K, used 265839K [0x0000000600000000, 0x0000000800000000)
  region size 4096K, 4 young (16384K), 4 survivors (16384K)
 Metaspace       used 117193K, committed 120128K, reserved 1179648K
  class space    used 16328K, committed 17664K, reserved 1048576K
}
Event: 31.167 GC heap before
{Heap before GC invocations=61 (full 0):
 garbage-first heap   total reserved 8388608K, committed 462848K, used 413295K [0x0000000600000000, 0x0000000800000000)
  region size 4096K, 40 young (163840K), 4 survivors (16384K)
 Metaspace       used 120681K, committed 123648K, reserved 1179648K
  class space    used 16839K, committed 18240K, reserved 1048576K
}
Event: 31.179 GC heap after
{Heap after GC invocations=62 (full 0):
 garbage-first heap   total reserved 8388608K, committed 462848K, used 279688K [0x0000000600000000, 0x0000000800000000)
  region size 4096K, 4 young (16384K), 4 survivors (16384K)
 Metaspace       used 120681K, committed 123648K, reserved 1179648K
  class space    used 16839K, committed 18240K, reserved 1048576K
}
Event: 33.672 GC heap before
{Heap before GC invocations=62 (full 0):
 garbage-first heap   total reserved 8388608K, committed 462848K, used 414856K [0x0000000600000000, 0x0000000800000000)
  region size 4096K, 37 young (151552K), 4 survivors (16384K)
 Metaspace       used 126509K, committed 129408K, reserved 1179648K
  class space    used 17642K, committed 19008K, reserved 1048576K
}
Event: 33.703 GC heap after
{Heap after GC invocations=63 (full 0):
 garbage-first heap   total reserved 8388608K, committed 471040K, used 265108K [0x0000000600000000, 0x0000000800000000)
  region size 4096K, 4 young (16384K), 4 survivors (16384K)
 Metaspace       used 126509K, committed 129408K, reserved 1179648K
  class space    used 17642K, committed 19008K, reserved 1048576K
}

