# JRE version: OpenJDK Runtime Environment Temurin-21.0.8+9 (21.0.8+9) (build 21.0.8+9-LTS)
# Java VM: OpenJDK 64-Bit Server VM Temurin-21.0.8+9 (21.0.8+9-LTS, mixed mode, sharing, tiered, compressed oops, compressed class ptrs, parallel gc, windows-amd64)
GC Precious Log:
 CardTable entry size: 512
 CPUs: 12 total, 12 available
 Memory: 7929M
 Large Page Support: Disabled
 NUMA Support: Disabled
 Compressed Oops: Enabled (32-bit)
 Alignments: Space 512K, Generation 512K, Heap 2M
 Heap Min Capacity: 100M
 Heap Initial Capacity: 100M
 Heap Max Capacity: 2G
 Pre-touch: Disabled
 Parallel Workers: 10
Heap:
 PSYoungGen      total 15872K, used 9158K [0x00000000d5580000, 0x00000000d6c80000, 0x0000000100000000)
  eden space 11264K, 40% used [0x00000000d5580000,0x00000000d59f4998,0x00000000d6080000)
  from space 4608K, 99% used [0x00000000d6800000,0x00000000d6c7cff8,0x00000000d6c80000)
  to   space 5632K, 0% used [0x00000000d6180000,0x00000000d6180000,0x00000000d6700000)
 ParOldGen       total 169984K, used 169728K [0x0000000080000000, 0x000000008a600000, 0x00000000d5580000)
  object space 169984K, 99% used [0x0000000080000000,0x000000008a5c0028,0x000000008a600000)
 Metaspace       used 82384K, committed 84160K, reserved 1179648K
  class space    used 9920K, committed 10688K, reserved 1048576K
GC Heap History (20 events):
Event: 83.531 GC heap before
{Heap before GC invocations=222 (full 3):
 PSYoungGen      total 13824K, used 13376K [0x00000000d5580000, 0x00000000d6700000, 0x0000000100000000)
  eden space 13312K, 100% used [0x00000000d5580000,0x00000000d6280000,0x00000000d6280000)
  from space 512K, 12% used [0x00000000d6680000,0x00000000d6690000,0x00000000d6700000)
  to   space 512K, 0% used [0x00000000d6600000,0x00000000d6600000,0x00000000d6680000)
 ParOldGen       total 153088K, used 152988K [0x0000000080000000, 0x0000000089580000, 0x00000000d5580000)
  object space 153088K, 99% used [0x0000000080000000,0x0000000089567060,0x0000000089580000)
 Metaspace       used 77980K, committed 79680K, reserved 1179648K
  class space    used 9508K, committed 10240K, reserved 1048576K
}
Event: 83.532 GC heap after
{Heap after GC invocations=222 (full 3):
 PSYoungGen      total 13824K, used 96K [0x00000000d5580000, 0x00000000d6700000, 0x0000000100000000)
  eden space 13312K, 0% used [0x00000000d5580000,0x00000000d5580000,0x00000000d6280000)
  from space 512K, 18% used [0x00000000d6600000,0x00000000d6618000,0x00000000d6680000)
  to   space 512K, 0% used [0x00000000d6680000,0x00000000d6680000,0x00000000d6700000)
 ParOldGen       total 153088K, used 152988K [0x0000000080000000, 0x0000000089580000, 0x00000000d5580000)
  object space 153088K, 99% used [0x0000000080000000,0x0000000089567060,0x0000000089580000)
 Metaspace       used 77980K, committed 79680K, reserved 1179648K
  class space    used 9508K, committed 10240K, reserved 1048576K
}
Event: 83.571 GC heap before
{Heap before GC invocations=223 (full 3):
 PSYoungGen      total 13824K, used 13408K [0x00000000d5580000, 0x00000000d6700000, 0x0000000100000000)
  eden space 13312K, 100% used [0x00000000d5580000,0x00000000d6280000,0x00000000d6280000)
  from space 512K, 18% used [0x00000000d6600000,0x00000000d6618000,0x00000000d6680000)
  to   space 512K, 0% used [0x00000000d6680000,0x00000000d6680000,0x00000000d6700000)
 ParOldGen       total 153088K, used 152988K [0x0000000080000000, 0x0000000089580000, 0x00000000d5580000)
  object space 153088K, 99% used [0x0000000080000000,0x0000000089567060,0x0000000089580000)
 Metaspace       used 77980K, committed 79680K, reserved 1179648K
  class space    used 9508K, committed 10240K, reserved 1048576K
}
Event: 83.572 GC heap after
{Heap after GC invocations=223 (full 3):
 PSYoungGen      total 13824K, used 224K [0x00000000d5580000, 0x00000000d6700000, 0x0000000100000000)
  eden space 13312K, 0% used [0x00000000d5580000,0x00000000d5580000,0x00000000d6280000)
  from space 512K, 43% used [0x00000000d6680000,0x00000000d66b8000,0x00000000d6700000)
  to   space 512K, 0% used [0x00000000d6600000,0x00000000d6600000,0x00000000d6680000)
 ParOldGen       total 153088K, used 152988K [0x0000000080000000, 0x0000000089580000, 0x00000000d5580000)
  object space 153088K, 99% used [0x0000000080000000,0x0000000089567060,0x0000000089580000)
 Metaspace       used 77980K, committed 79680K, reserved 1179648K
  class space    used 9508K, committed 10240K, reserved 1048576K
}
Event: 84.111 GC heap before
{Heap before GC invocations=224 (full 3):
 PSYoungGen      total 13824K, used 13536K [0x00000000d5580000, 0x00000000d6700000, 0x0000000100000000)
  eden space 13312K, 100% used [0x00000000d5580000,0x00000000d6280000,0x00000000d6280000)
  from space 512K, 43% used [0x00000000d6680000,0x00000000d66b8000,0x00000000d6700000)
  to   space 512K, 0% used [0x00000000d6600000,0x00000000d6600000,0x00000000d6680000)
 ParOldGen       total 153088K, used 152988K [0x0000000080000000, 0x0000000089580000, 0x00000000d5580000)
  object space 153088K, 99% used [0x0000000080000000,0x0000000089567060,0x0000000089580000)
 Metaspace       used 78145K, committed 79808K, reserved 1179648K
  class space    used 9525K, committed 10240K, reserved 1048576K
}
Event: 84.111 GC heap after
{Heap after GC invocations=224 (full 3):
 PSYoungGen      total 13824K, used 504K [0x00000000d5580000, 0x00000000d6700000, 0x0000000100000000)
  eden space 13312K, 0% used [0x00000000d5580000,0x00000000d5580000,0x00000000d6280000)
  from space 512K, 98% used [0x00000000d6600000,0x00000000d667e1c8,0x00000000d6680000)
  to   space 512K, 0% used [0x00000000d6680000,0x00000000d6680000,0x00000000d6700000)
 ParOldGen       total 153088K, used 153004K [0x0000000080000000, 0x0000000089580000, 0x00000000d5580000)
  object space 153088K, 99% used [0x0000000080000000,0x000000008956b060,0x0000000089580000)
 Metaspace       used 78145K, committed 79808K, reserved 1179648K
  class space    used 9525K, committed 10240K, reserved 1048576K
}
Event: 84.404 GC heap before
{Heap before GC invocations=225 (full 3):
 PSYoungGen      total 13824K, used 13816K [0x00000000d5580000, 0x00000000d6700000, 0x0000000100000000)
  eden space 13312K, 100% used [0x00000000d5580000,0x00000000d6280000,0x00000000d6280000)
  from space 512K, 98% used [0x00000000d6600000,0x00000000d667e1c8,0x00000000d6680000)
  to   space 512K, 0% used [0x00000000d6680000,0x00000000d6680000,0x00000000d6700000)
 ParOldGen       total 153088K, used 153004K [0x0000000080000000, 0x0000000089580000, 0x00000000d5580000)
  object space 153088K, 99% used [0x0000000080000000,0x000000008956b060,0x0000000089580000)
 Metaspace       used 79272K, committed 80960K, reserved 1179648K
  class space    used 9647K, committed 10368K, reserved 1048576K
}
Event: 84.408 GC heap after
{Heap after GC invocations=225 (full 3):
 PSYoungGen      total 11776K, used 480K [0x00000000d5580000, 0x00000000d6e80000, 0x0000000100000000)
  eden space 11264K, 0% used [0x00000000d5580000,0x00000000d5580000,0x00000000d6080000)
  from space 512K, 93% used [0x00000000d6680000,0x00000000d66f8040,0x00000000d6700000)
  to   space 6144K, 0% used [0x00000000d6080000,0x00000000d6080000,0x00000000d6680000)
 ParOldGen       total 158208K, used 157835K [0x0000000080000000, 0x0000000089a80000, 0x00000000d5580000)
  object space 158208K, 99% used [0x0000000080000000,0x0000000089a22df8,0x0000000089a80000)
 Metaspace       used 79272K, committed 80960K, reserved 1179648K
  class space    used 9647K, committed 10368K, reserved 1048576K
}
Event: 84.482 GC heap before
{Heap before GC invocations=226 (full 3):
 PSYoungGen      total 11776K, used 11744K [0x00000000d5580000, 0x00000000d6e80000, 0x0000000100000000)
  eden space 11264K, 99% used [0x00000000d5580000,0x00000000d607ffd8,0x00000000d6080000)
  from space 512K, 93% used [0x00000000d6680000,0x00000000d66f8040,0x00000000d6700000)
  to   space 6144K, 0% used [0x00000000d6080000,0x00000000d6080000,0x00000000d6680000)
 ParOldGen       total 158208K, used 157835K [0x0000000080000000, 0x0000000089a80000, 0x00000000d5580000)
  object space 158208K, 99% used [0x0000000080000000,0x0000000089a22df8,0x0000000089a80000)
 Metaspace       used 79855K, committed 81600K, reserved 1179648K
  class space    used 9687K, committed 10432K, reserved 1048576K
}
Event: 84.485 GC heap after
{Heap after GC invocations=226 (full 3):
 PSYoungGen      total 15872K, used 4187K [0x00000000d5580000, 0x00000000d6980000, 0x0000000100000000)
  eden space 11264K, 0% used [0x00000000d5580000,0x00000000d5580000,0x00000000d6080000)
  from space 4608K, 90% used [0x00000000d6080000,0x00000000d6496d10,0x00000000d6500000)
  to   space 4608K, 0% used [0x00000000d6500000,0x00000000d6500000,0x00000000d6980000)
 ParOldGen       total 158720K, used 158299K [0x0000000080000000, 0x0000000089b00000, 0x00000000d5580000)
  object space 158720K, 99% used [0x0000000080000000,0x0000000089a96e38,0x0000000089b00000)
 Metaspace       used 79855K, committed 81600K, reserved 1179648K
  class space    used 9687K, committed 10432K, reserved 1048576K
}
Event: 84.692 GC heap before
{Heap before GC invocations=227 (full 3):
 PSYoungGen      total 15872K, used 15446K [0x00000000d5580000, 0x00000000d6980000, 0x0000000100000000)
  eden space 11264K, 99% used [0x00000000d5580000,0x00000000d607eee8,0x00000000d6080000)
  from space 4608K, 90% used [0x00000000d6080000,0x00000000d6496d10,0x00000000d6500000)
  to   space 4608K, 0% used [0x00000000d6500000,0x00000000d6500000,0x00000000d6980000)
 ParOldGen       total 158720K, used 158299K [0x0000000080000000, 0x0000000089b00000, 0x00000000d5580000)
  object space 158720K, 99% used [0x0000000080000000,0x0000000089a96e38,0x0000000089b00000)
 Metaspace       used 80730K, committed 82432K, reserved 1179648K
  class space    used 9762K, committed 10496K, reserved 1048576K
}
Event: 84.696 GC heap after
{Heap after GC invocations=227 (full 3):
 PSYoungGen      total 12800K, used 1088K [0x00000000d5580000, 0x00000000d6680000, 0x0000000100000000)
  eden space 11264K, 0% used [0x00000000d5580000,0x00000000d5580000,0x00000000d6080000)
  from space 1536K, 70% used [0x00000000d6500000,0x00000000d6610000,0x00000000d6680000)
  to   space 2560K, 0% used [0x00000000d6180000,0x00000000d6180000,0x00000000d6400000)
 ParOldGen       total 162816K, used 162307K [0x0000000080000000, 0x0000000089f00000, 0x00000000d5580000)
  object space 162816K, 99% used [0x0000000080000000,0x0000000089e80e78,0x0000000089f00000)
 Metaspace       used 80730K, committed 82432K, reserved 1179648K
  class space    used 9762K, committed 10496K, reserved 1048576K
}
Event: 84.922 GC heap before
{Heap before GC invocations=228 (full 3):
 PSYoungGen      total 12800K, used 12352K [0x00000000d5580000, 0x00000000d6680000, 0x0000000100000000)
  eden space 11264K, 100% used [0x00000000d5580000,0x00000000d6080000,0x00000000d6080000)
  from space 1536K, 70% used [0x00000000d6500000,0x00000000d6610000,0x00000000d6680000)
  to   space 2560K, 0% used [0x00000000d6180000,0x00000000d6180000,0x00000000d6400000)
 ParOldGen       total 162816K, used 162307K [0x0000000080000000, 0x0000000089f00000, 0x00000000d5580000)
  object space 162816K, 99% used [0x0000000080000000,0x0000000089e80e78,0x0000000089f00000)
 Metaspace       used 81573K, committed 83328K, reserved 1179648K
  class space    used 9835K, committed 10624K, reserved 1048576K
}
Event: 84.924 GC heap after
{Heap after GC invocations=228 (full 3):
 PSYoungGen      total 13312K, used 1548K [0x00000000d5580000, 0x00000000d6580000, 0x0000000100000000)
  eden space 11264K, 0% used [0x00000000d5580000,0x00000000d5580000,0x00000000d6080000)
  from space 2048K, 75% used [0x00000000d6180000,0x00000000d63030e0,0x00000000d6380000)
  to   space 2048K, 0% used [0x00000000d6380000,0x00000000d6380000,0x00000000d6580000)
 ParOldGen       total 163328K, used 163221K [0x0000000080000000, 0x0000000089f80000, 0x00000000d5580000)
  object space 163328K, 99% used [0x0000000080000000,0x0000000089f655a8,0x0000000089f80000)
 Metaspace       used 81573K, committed 83328K, reserved 1179648K
  class space    used 9835K, committed 10624K, reserved 1048576K
}
Event: 86.199 GC heap before
{Heap before GC invocations=229 (full 3):
 PSYoungGen      total 13312K, used 12812K [0x00000000d5580000, 0x00000000d6580000, 0x0000000100000000)
  eden space 11264K, 100% used [0x00000000d5580000,0x00000000d6080000,0x00000000d6080000)
  from space 2048K, 75% used [0x00000000d6180000,0x00000000d63030e0,0x00000000d6380000)
  to   space 2048K, 0% used [0x00000000d6380000,0x00000000d6380000,0x00000000d6580000)
 ParOldGen       total 163328K, used 163221K [0x0000000080000000, 0x0000000089f80000, 0x00000000d5580000)
  object space 163328K, 99% used [0x0000000080000000,0x0000000089f655a8,0x0000000089f80000)
 Metaspace       used 82097K, committed 83904K, reserved 1179648K
  class space    used 9902K, committed 10688K, reserved 1048576K
}
Event: 86.201 GC heap after
{Heap after GC invocations=229 (full 3):
 PSYoungGen      total 12288K, used 576K [0x00000000d5580000, 0x00000000d6480000, 0x0000000100000000)
  eden space 11264K, 0% used [0x00000000d5580000,0x00000000d5580000,0x00000000d6080000)
  from space 1024K, 56% used [0x00000000d6380000,0x00000000d6410000,0x00000000d6480000)
  to   space 1024K, 0% used [0x00000000d6280000,0x00000000d6280000,0x00000000d6380000)
 ParOldGen       total 164352K, used 163983K [0x0000000080000000, 0x000000008a080000, 0x00000000d5580000)
  object space 164352K, 99% used [0x0000000080000000,0x000000008a023de8,0x000000008a080000)
 Metaspace       used 82097K, committed 83904K, reserved 1179648K
  class space    used 9902K, committed 10688K, reserved 1048576K
}
Event: 86.245 GC heap before
{Heap before GC invocations=230 (full 3):
 PSYoungGen      total 12288K, used 11840K [0x00000000d5580000, 0x00000000d6480000, 0x0000000100000000)
  eden space 11264K, 100% used [0x00000000d5580000,0x00000000d6080000,0x00000000d6080000)
  from space 1024K, 56% used [0x00000000d6380000,0x00000000d6410000,0x00000000d6480000)
  to   space 1024K, 0% used [0x00000000d6280000,0x00000000d6280000,0x00000000d6380000)
 ParOldGen       total 164352K, used 163983K [0x0000000080000000, 0x000000008a080000, 0x00000000d5580000)
  object space 164352K, 99% used [0x0000000080000000,0x000000008a023de8,0x000000008a080000)
 Metaspace       used 82210K, committed 84032K, reserved 1179648K
  class space    used 9912K, committed 10688K, reserved 1048576K
}
Event: 86.248 GC heap after
{Heap after GC invocations=230 (full 3):
 PSYoungGen      total 12288K, used 1016K [0x00000000d5580000, 0x00000000d6f80000, 0x0000000100000000)
  eden space 11264K, 0% used [0x00000000d5580000,0x00000000d5580000,0x00000000d6080000)
  from space 1024K, 99% used [0x00000000d6280000,0x00000000d637e170,0x00000000d6380000)
  to   space 7680K, 0% used [0x00000000d6800000,0x00000000d6800000,0x00000000d6f80000)
 ParOldGen       total 169472K, used 169445K [0x0000000080000000, 0x000000008a580000, 0x00000000d5580000)
  object space 169472K, 99% used [0x0000000080000000,0x000000008a579600,0x000000008a580000)
 Metaspace       used 82210K, committed 84032K, reserved 1179648K
  class space    used 9912K, committed 10688K, reserved 1048576K
}
Event: 86.280 GC heap before
{Heap before GC invocations=231 (full 3):
 PSYoungGen      total 12288K, used 12280K [0x00000000d5580000, 0x00000000d6f80000, 0x0000000100000000)
  eden space 11264K, 100% used [0x00000000d5580000,0x00000000d6080000,0x00000000d6080000)
  from space 1024K, 99% used [0x00000000d6280000,0x00000000d637e170,0x00000000d6380000)
  to   space 7680K, 0% used [0x00000000d6800000,0x00000000d6800000,0x00000000d6f80000)
 ParOldGen       total 169472K, used 169445K [0x0000000080000000, 0x000000008a580000, 0x00000000d5580000)
  object space 169472K, 99% used [0x0000000080000000,0x000000008a579600,0x000000008a580000)
 Metaspace       used 82319K, committed 84096K, reserved 1179648K
  class space    used 9918K, committed 10688K, reserved 1048576K
}
Event: 86.283 GC heap after
{Heap after GC invocations=231 (full 3):
 PSYoungGen      total 15872K, used 4595K [0x00000000d5580000, 0x00000000d6c80000, 0x0000000100000000)
  eden space 11264K, 0% used [0x00000000d5580000,0x00000000d5580000,0x00000000d6080000)
  from space 4608K, 99% used [0x00000000d6800000,0x00000000d6c7cff8,0x00000000d6c80000)
  to   space 5632K, 0% used [0x00000000d6180000,0x00000000d6180000,0x00000000d6700000)
 ParOldGen       total 169984K, used 169728K [0x0000000080000000, 0x000000008a600000, 0x00000000d5580000)
  object space 169984K, 99% used [0x0000000080000000,0x000000008a5c0028,0x000000008a600000)
 Metaspace       used 82319K, committed 84096K, reserved 1179648K
  class space    used 9918K, committed 10688K, reserved 1048576K
}

