# JRE version: OpenJDK Runtime Environment Temurin-21.0.8+9 (21.0.8+9) (build 21.0.8+9-LTS)
# Java VM: OpenJDK 64-Bit Server VM Temurin-21.0.8+9 (21.0.8+9-LTS, mixed mode, sharing, tiered, compressed oops, compressed class ptrs, parallel gc, windows-amd64)
GC Precious Log:
 CardTable entry size: 512
 CPUs: 12 total, 12 available
 Memory: 7929M
 Large Page Support: Disabled
 NUMA Support: Disabled
 Compressed Oops: Enabled (32-bit)
 Alignments: Space 512K, Generation 512K, Heap 2M
 Heap Min Capacity: 100M
 Heap Initial Capacity: 100M
 Heap Max Capacity: 2G
 Pre-touch: Disabled
 Parallel Workers: 10
Heap:
 PSYoungGen      total 5632K, used 709K [0x00000000d5580000, 0x00000000d5c80000, 0x0000000100000000)
  eden space 5120K, 3% used [0x00000000d5580000,0x00000000d55b2e98,0x00000000d5a80000)
  from space 512K, 98% used [0x00000000d5b80000,0x00000000d5bfe900,0x00000000d5c00000)
  to   space 1024K, 0% used [0x00000000d5a80000,0x00000000d5a80000,0x00000000d5b80000)
 ParOldGen       total 219648K, used 219558K [0x0000000080000000, 0x000000008d680000, 0x00000000d5580000)
  object space 219648K, 99% used [0x0000000080000000,0x000000008d669a18,0x000000008d680000)
 Metaspace       used 82328K, committed 84096K, reserved 1179648K
  class space    used 9771K, committed 10624K, reserved 1048576K
GC Heap History (20 events):
Event: 209.150 GC heap before
{Heap before GC invocations=376 (full 3):
 PSYoungGen      total 6144K, used 6138K [0x00000000d5580000, 0x00000000d5d00000, 0x0000000100000000)
  eden space 5632K, 100% used [0x00000000d5580000,0x00000000d5b00000,0x00000000d5b00000)
  from space 512K, 98% used [0x00000000d5c80000,0x00000000d5cfe900,0x00000000d5d00000)
  to   space 1024K, 0% used [0x00000000d5b00000,0x00000000d5b00000,0x00000000d5c00000)
 ParOldGen       total 217088K, used 216951K [0x0000000080000000, 0x000000008d400000, 0x00000000d5580000)
  object space 217088K, 99% used [0x0000000080000000,0x000000008d3ddc60,0x000000008d400000)
 Metaspace       used 82127K, committed 83904K, reserved 1179648K
  class space    used 9767K, committed 10624K, reserved 1048576K
}
Event: 209.151 GC heap after
{Heap after GC invocations=376 (full 3):
 PSYoungGen      total 6656K, used 554K [0x00000000d5580000, 0x00000000d5d00000, 0x0000000100000000)
  eden space 5632K, 0% used [0x00000000d5580000,0x00000000d5580000,0x00000000d5b00000)
  from space 1024K, 54% used [0x00000000d5b00000,0x00000000d5b8a910,0x00000000d5c00000)
  to   space 1024K, 0% used [0x00000000d5c00000,0x00000000d5c00000,0x00000000d5d00000)
 ParOldGen       total 217600K, used 217403K [0x0000000080000000, 0x000000008d480000, 0x00000000d5580000)
  object space 217600K, 99% used [0x0000000080000000,0x000000008d44ee70,0x000000008d480000)
 Metaspace       used 82127K, committed 83904K, reserved 1179648K
  class space    used 9767K, committed 10624K, reserved 1048576K
}
Event: 209.171 GC heap before
{Heap before GC invocations=377 (full 3):
 PSYoungGen      total 6656K, used 6186K [0x00000000d5580000, 0x00000000d5d00000, 0x0000000100000000)
  eden space 5632K, 100% used [0x00000000d5580000,0x00000000d5b00000,0x00000000d5b00000)
  from space 1024K, 54% used [0x00000000d5b00000,0x00000000d5b8a910,0x00000000d5c00000)
  to   space 1024K, 0% used [0x00000000d5c00000,0x00000000d5c00000,0x00000000d5d00000)
 ParOldGen       total 217600K, used 217403K [0x0000000080000000, 0x000000008d480000, 0x00000000d5580000)
  object space 217600K, 99% used [0x0000000080000000,0x000000008d44ee70,0x000000008d480000)
 Metaspace       used 82142K, committed 83904K, reserved 1179648K
  class space    used 9767K, committed 10624K, reserved 1048576K
}
Event: 209.172 GC heap after
{Heap after GC invocations=377 (full 3):
 PSYoungGen      total 6144K, used 346K [0x00000000d5580000, 0x00000000d5c80000, 0x0000000100000000)
  eden space 5632K, 0% used [0x00000000d5580000,0x00000000d5580000,0x00000000d5b00000)
  from space 512K, 67% used [0x00000000d5c00000,0x00000000d5c56900,0x00000000d5c80000)
  to   space 512K, 0% used [0x00000000d5b80000,0x00000000d5b80000,0x00000000d5c00000)
 ParOldGen       total 217600K, used 217483K [0x0000000080000000, 0x000000008d480000, 0x00000000d5580000)
  object space 217600K, 99% used [0x0000000080000000,0x000000008d462e70,0x000000008d480000)
 Metaspace       used 82142K, committed 83904K, reserved 1179648K
  class space    used 9767K, committed 10624K, reserved 1048576K
}
Event: 209.192 GC heap before
{Heap before GC invocations=378 (full 3):
 PSYoungGen      total 6144K, used 5978K [0x00000000d5580000, 0x00000000d5c80000, 0x0000000100000000)
  eden space 5632K, 100% used [0x00000000d5580000,0x00000000d5b00000,0x00000000d5b00000)
  from space 512K, 67% used [0x00000000d5c00000,0x00000000d5c56900,0x00000000d5c80000)
  to   space 512K, 0% used [0x00000000d5b80000,0x00000000d5b80000,0x00000000d5c00000)
 ParOldGen       total 217600K, used 217483K [0x0000000080000000, 0x000000008d480000, 0x00000000d5580000)
  object space 217600K, 99% used [0x0000000080000000,0x000000008d462e70,0x000000008d480000)
 Metaspace       used 82184K, committed 83968K, reserved 1179648K
  class space    used 9767K, committed 10624K, reserved 1048576K
}
Event: 209.193 GC heap after
{Heap after GC invocations=378 (full 3):
 PSYoungGen      total 6144K, used 464K [0x00000000d5580000, 0x00000000d5c80000, 0x0000000100000000)
  eden space 5632K, 0% used [0x00000000d5580000,0x00000000d5580000,0x00000000d5b00000)
  from space 512K, 90% used [0x00000000d5b80000,0x00000000d5bf4010,0x00000000d5c00000)
  to   space 512K, 0% used [0x00000000d5c00000,0x00000000d5c00000,0x00000000d5c80000)
 ParOldGen       total 217600K, used 217507K [0x0000000080000000, 0x000000008d480000, 0x00000000d5580000)
  object space 217600K, 99% used [0x0000000080000000,0x000000008d468e70,0x000000008d480000)
 Metaspace       used 82184K, committed 83968K, reserved 1179648K
  class space    used 9767K, committed 10624K, reserved 1048576K
}
Event: 209.211 GC heap before
{Heap before GC invocations=379 (full 3):
 PSYoungGen      total 6144K, used 6096K [0x00000000d5580000, 0x00000000d5c80000, 0x0000000100000000)
  eden space 5632K, 100% used [0x00000000d5580000,0x00000000d5b00000,0x00000000d5b00000)
  from space 512K, 90% used [0x00000000d5b80000,0x00000000d5bf4010,0x00000000d5c00000)
  to   space 512K, 0% used [0x00000000d5c00000,0x00000000d5c00000,0x00000000d5c80000)
 ParOldGen       total 217600K, used 217507K [0x0000000080000000, 0x000000008d480000, 0x00000000d5580000)
  object space 217600K, 99% used [0x0000000080000000,0x000000008d468e70,0x000000008d480000)
 Metaspace       used 82205K, committed 83968K, reserved 1179648K
  class space    used 9767K, committed 10624K, reserved 1048576K
}
Event: 209.212 GC heap after
{Heap after GC invocations=379 (full 3):
 PSYoungGen      total 6144K, used 458K [0x00000000d5580000, 0x00000000d5c80000, 0x0000000100000000)
  eden space 5632K, 0% used [0x00000000d5580000,0x00000000d5580000,0x00000000d5b00000)
  from space 512K, 89% used [0x00000000d5c00000,0x00000000d5c72910,0x00000000d5c80000)
  to   space 512K, 0% used [0x00000000d5b80000,0x00000000d5b80000,0x00000000d5c00000)
 ParOldGen       total 217600K, used 217531K [0x0000000080000000, 0x000000008d480000, 0x00000000d5580000)
  object space 217600K, 99% used [0x0000000080000000,0x000000008d46ee70,0x000000008d480000)
 Metaspace       used 82205K, committed 83968K, reserved 1179648K
  class space    used 9767K, committed 10624K, reserved 1048576K
}
Event: 209.227 GC heap before
{Heap before GC invocations=380 (full 3):
 PSYoungGen      total 6144K, used 6090K [0x00000000d5580000, 0x00000000d5c80000, 0x0000000100000000)
  eden space 5632K, 100% used [0x00000000d5580000,0x00000000d5b00000,0x00000000d5b00000)
  from space 512K, 89% used [0x00000000d5c00000,0x00000000d5c72910,0x00000000d5c80000)
  to   space 512K, 0% used [0x00000000d5b80000,0x00000000d5b80000,0x00000000d5c00000)
 ParOldGen       total 217600K, used 217531K [0x0000000080000000, 0x000000008d480000, 0x00000000d5580000)
  object space 217600K, 99% used [0x0000000080000000,0x000000008d46ee70,0x000000008d480000)
 Metaspace       used 82221K, committed 83968K, reserved 1179648K
  class space    used 9767K, committed 10624K, reserved 1048576K
}
Event: 209.228 GC heap after
{Heap after GC invocations=380 (full 3):
 PSYoungGen      total 6144K, used 256K [0x00000000d5580000, 0x00000000d5c80000, 0x0000000100000000)
  eden space 5632K, 0% used [0x00000000d5580000,0x00000000d5580000,0x00000000d5b00000)
  from space 512K, 50% used [0x00000000d5b80000,0x00000000d5bc0000,0x00000000d5c00000)
  to   space 512K, 0% used [0x00000000d5c00000,0x00000000d5c00000,0x00000000d5c80000)
 ParOldGen       total 217600K, used 217539K [0x0000000080000000, 0x000000008d480000, 0x00000000d5580000)
  object space 217600K, 99% used [0x0000000080000000,0x000000008d470e70,0x000000008d480000)
 Metaspace       used 82221K, committed 83968K, reserved 1179648K
  class space    used 9767K, committed 10624K, reserved 1048576K
}
Event: 209.246 GC heap before
{Heap before GC invocations=381 (full 3):
 PSYoungGen      total 6144K, used 5888K [0x00000000d5580000, 0x00000000d5c80000, 0x0000000100000000)
  eden space 5632K, 100% used [0x00000000d5580000,0x00000000d5b00000,0x00000000d5b00000)
  from space 512K, 50% used [0x00000000d5b80000,0x00000000d5bc0000,0x00000000d5c00000)
  to   space 512K, 0% used [0x00000000d5c00000,0x00000000d5c00000,0x00000000d5c80000)
 ParOldGen       total 217600K, used 217539K [0x0000000080000000, 0x000000008d480000, 0x00000000d5580000)
  object space 217600K, 99% used [0x0000000080000000,0x000000008d470e70,0x000000008d480000)
 Metaspace       used 82243K, committed 84032K, reserved 1179648K
  class space    used 9767K, committed 10624K, reserved 1048576K
}
Event: 209.247 GC heap after
{Heap after GC invocations=381 (full 3):
 PSYoungGen      total 5632K, used 499K [0x00000000d5580000, 0x00000000d5e00000, 0x0000000100000000)
  eden space 5120K, 0% used [0x00000000d5580000,0x00000000d5580000,0x00000000d5a80000)
  from space 512K, 97% used [0x00000000d5c00000,0x00000000d5c7cef8,0x00000000d5c80000)
  to   space 1536K, 0% used [0x00000000d5a80000,0x00000000d5a80000,0x00000000d5c00000)
 ParOldGen       total 218112K, used 218058K [0x0000000080000000, 0x000000008d500000, 0x00000000d5580000)
  object space 218112K, 99% used [0x0000000080000000,0x000000008d4f2b90,0x000000008d500000)
 Metaspace       used 82243K, committed 84032K, reserved 1179648K
  class space    used 9767K, committed 10624K, reserved 1048576K
}
Event: 209.269 GC heap before
{Heap before GC invocations=382 (full 3):
 PSYoungGen      total 5632K, used 5619K [0x00000000d5580000, 0x00000000d5e00000, 0x0000000100000000)
  eden space 5120K, 100% used [0x00000000d5580000,0x00000000d5a80000,0x00000000d5a80000)
  from space 512K, 97% used [0x00000000d5c00000,0x00000000d5c7cef8,0x00000000d5c80000)
  to   space 1536K, 0% used [0x00000000d5a80000,0x00000000d5a80000,0x00000000d5c00000)
 ParOldGen       total 218112K, used 218058K [0x0000000080000000, 0x000000008d500000, 0x00000000d5580000)
  object space 218112K, 99% used [0x0000000080000000,0x000000008d4f2b90,0x000000008d500000)
 Metaspace       used 82262K, committed 84032K, reserved 1179648K
  class space    used 9771K, committed 10624K, reserved 1048576K
}
Event: 209.270 GC heap after
{Heap after GC invocations=382 (full 3):
 PSYoungGen      total 6144K, used 836K [0x00000000d5580000, 0x00000000d5c80000, 0x0000000100000000)
  eden space 5120K, 0% used [0x00000000d5580000,0x00000000d5580000,0x00000000d5a80000)
  from space 1024K, 81% used [0x00000000d5a80000,0x00000000d5b51210,0x00000000d5b80000)
  to   space 1024K, 0% used [0x00000000d5b80000,0x00000000d5b80000,0x00000000d5c80000)
 ParOldGen       total 218624K, used 218378K [0x0000000080000000, 0x000000008d580000, 0x00000000d5580000)
  object space 218624K, 99% used [0x0000000080000000,0x000000008d5428a0,0x000000008d580000)
 Metaspace       used 82262K, committed 84032K, reserved 1179648K
  class space    used 9771K, committed 10624K, reserved 1048576K
}
Event: 209.293 GC heap before
{Heap before GC invocations=383 (full 3):
 PSYoungGen      total 6144K, used 5956K [0x00000000d5580000, 0x00000000d5c80000, 0x0000000100000000)
  eden space 5120K, 100% used [0x00000000d5580000,0x00000000d5a80000,0x00000000d5a80000)
  from space 1024K, 81% used [0x00000000d5a80000,0x00000000d5b51210,0x00000000d5b80000)
  to   space 1024K, 0% used [0x00000000d5b80000,0x00000000d5b80000,0x00000000d5c80000)
 ParOldGen       total 218624K, used 218378K [0x0000000080000000, 0x000000008d580000, 0x00000000d5580000)
  object space 218624K, 99% used [0x0000000080000000,0x000000008d5428a0,0x000000008d580000)
 Metaspace       used 82287K, committed 84032K, reserved 1179648K
  class space    used 9771K, committed 10624K, reserved 1048576K
}
Event: 209.293 GC heap after
{Heap after GC invocations=383 (full 3):
 PSYoungGen      total 5632K, used 128K [0x00000000d5580000, 0x00000000d5c00000, 0x0000000100000000)
  eden space 5120K, 0% used [0x00000000d5580000,0x00000000d5580000,0x00000000d5a80000)
  from space 512K, 25% used [0x00000000d5b80000,0x00000000d5ba0000,0x00000000d5c00000)
  to   space 512K, 0% used [0x00000000d5b00000,0x00000000d5b00000,0x00000000d5b80000)
 ParOldGen       total 219136K, used 218746K [0x0000000080000000, 0x000000008d600000, 0x00000000d5580000)
  object space 219136K, 99% used [0x0000000080000000,0x000000008d59e808,0x000000008d600000)
 Metaspace       used 82287K, committed 84032K, reserved 1179648K
  class space    used 9771K, committed 10624K, reserved 1048576K
}
Event: 209.305 GC heap before
{Heap before GC invocations=384 (full 3):
 PSYoungGen      total 5632K, used 5248K [0x00000000d5580000, 0x00000000d5c00000, 0x0000000100000000)
  eden space 5120K, 100% used [0x00000000d5580000,0x00000000d5a80000,0x00000000d5a80000)
  from space 512K, 25% used [0x00000000d5b80000,0x00000000d5ba0000,0x00000000d5c00000)
  to   space 512K, 0% used [0x00000000d5b00000,0x00000000d5b00000,0x00000000d5b80000)
 ParOldGen       total 219136K, used 218746K [0x0000000080000000, 0x000000008d600000, 0x00000000d5580000)
  object space 219136K, 99% used [0x0000000080000000,0x000000008d59e808,0x000000008d600000)
 Metaspace       used 82288K, committed 84032K, reserved 1179648K
  class space    used 9771K, committed 10624K, reserved 1048576K
}
Event: 209.306 GC heap after
{Heap after GC invocations=384 (full 3):
 PSYoungGen      total 5632K, used 506K [0x00000000d5580000, 0x00000000d5c80000, 0x0000000100000000)
  eden space 5120K, 0% used [0x00000000d5580000,0x00000000d5580000,0x00000000d5a80000)
  from space 512K, 98% used [0x00000000d5b00000,0x00000000d5b7e900,0x00000000d5b80000)
  to   space 1024K, 0% used [0x00000000d5b80000,0x00000000d5b80000,0x00000000d5c80000)
 ParOldGen       total 219136K, used 218810K [0x0000000080000000, 0x000000008d600000, 0x00000000d5580000)
  object space 219136K, 99% used [0x0000000080000000,0x000000008d5ae808,0x000000008d600000)
 Metaspace       used 82288K, committed 84032K, reserved 1179648K
  class space    used 9771K, committed 10624K, reserved 1048576K
}
Event: 209.318 GC heap before
{Heap before GC invocations=385 (full 3):
 PSYoungGen      total 5632K, used 5626K [0x00000000d5580000, 0x00000000d5c80000, 0x0000000100000000)
  eden space 5120K, 100% used [0x00000000d5580000,0x00000000d5a80000,0x00000000d5a80000)
  from space 512K, 98% used [0x00000000d5b00000,0x00000000d5b7e900,0x00000000d5b80000)
  to   space 1024K, 0% used [0x00000000d5b80000,0x00000000d5b80000,0x00000000d5c80000)
 ParOldGen       total 219136K, used 218810K [0x0000000080000000, 0x000000008d600000, 0x00000000d5580000)
  object space 219136K, 99% used [0x0000000080000000,0x000000008d5ae808,0x000000008d600000)
 Metaspace       used 82291K, committed 84032K, reserved 1179648K
  class space    used 9771K, committed 10624K, reserved 1048576K
}
Event: 209.319 GC heap after
{Heap after GC invocations=385 (full 3):
 PSYoungGen      total 6144K, used 730K [0x00000000d5580000, 0x00000000d5c80000, 0x0000000100000000)
  eden space 5120K, 0% used [0x00000000d5580000,0x00000000d5580000,0x00000000d5a80000)
  from space 1024K, 71% used [0x00000000d5b80000,0x00000000d5c36900,0x00000000d5c80000)
  to   space 1024K, 0% used [0x00000000d5a80000,0x00000000d5a80000,0x00000000d5b80000)
 ParOldGen       total 219648K, used 219262K [0x0000000080000000, 0x000000008d680000, 0x00000000d5580000)
  object space 219648K, 99% used [0x0000000080000000,0x000000008d61fa18,0x000000008d680000)
 Metaspace       used 82291K, committed 84032K, reserved 1179648K
  class space    used 9771K, committed 10624K, reserved 1048576K
}

