# JRE version: Java(TM) SE Runtime Environment (22.0+36) (build 22+36-2370)
# Java VM: Java HotSpot(TM) 64-Bit Server VM (22+36-2370, mixed mode, sharing, tiered, compressed oops, compressed class ptrs, g1 gc, windows-amd64)
GC Precious Log:
 CardTable entry size: 512
 Card Set container configuration: InlinePtr #cards 4 size 8 Array Of Cards #cards 32 size 80 Howl #buckets 8 coarsen threshold 7372 Howl Bitmap #cards 1024 size 144 coarsen threshold 921 Card regions per heap region 1 cards per card region 8192
 CPUs: 12 total, 12 available
 Memory: 7929M
 Large Page Support: Disabled
 NUMA Support: Disabled
 Compressed Oops: Enabled (Zero based)
 Heap Region Size: 4M
 Heap Min Capacity: 8M
 Heap Initial Capacity: 124M
 Heap Max Capacity: 8G
 Pre-touch: Disabled
 Parallel Workers: 10
 Concurrent Workers: 3
 Concurrent Refinement Workers: 10
 Periodic GC: Disabled
Heap:
 garbage-first heap   total reserved 8388608K, committed 233472K, used 135522K [0x0000000600000000, 0x0000000800000000)
  region size 4096K, 1 young (4096K), 1 survivors (4096K)
 Metaspace       used 95890K, committed 98304K, reserved 1179648K
  class space    used 13649K, committed 14784K, reserved 1048576K
GC Heap History (20 events):
Event: 34.287 GC heap after
{Heap after GC invocations=30 (full 0):
 garbage-first heap   total reserved 8388608K, committed 159744K, used 89968K [0x0000000600000000, 0x0000000800000000)
  region size 4096K, 2 young (8192K), 2 survivors (8192K)
 Metaspace       used 79940K, committed 82176K, reserved 1179648K
  class space    used 11638K, committed 12672K, reserved 1048576K
}
Event: 34.512 GC heap before
{Heap before GC invocations=30 (full 0):
 garbage-first heap   total reserved 8388608K, committed 159744K, used 130928K [0x0000000600000000, 0x0000000800000000)
  region size 4096K, 13 young (53248K), 2 survivors (8192K)
 Metaspace       used 80015K, committed 82240K, reserved 1179648K
  class space    used 11650K, committed 12672K, reserved 1048576K
}
Event: 34.518 GC heap after
{Heap after GC invocations=31 (full 0):
 garbage-first heap   total reserved 8388608K, committed 200704K, used 92884K [0x0000000600000000, 0x0000000800000000)
  region size 4096K, 2 young (8192K), 2 survivors (8192K)
 Metaspace       used 80015K, committed 82240K, reserved 1179648K
  class space    used 11650K, committed 12672K, reserved 1048576K
}
Event: 36.075 GC heap before
{Heap before GC invocations=31 (full 0):
 garbage-first heap   total reserved 8388608K, committed 200704K, used 174804K [0x0000000600000000, 0x0000000800000000)
  region size 4096K, 23 young (94208K), 2 survivors (8192K)
 Metaspace       used 82679K, committed 84992K, reserved 1179648K
  class space    used 11983K, committed 13056K, reserved 1048576K
}
Event: 36.084 GC heap after
{Heap after GC invocations=32 (full 0):
 garbage-first heap   total reserved 8388608K, committed 208896K, used 112562K [0x0000000600000000, 0x0000000800000000)
  region size 4096K, 3 young (12288K), 3 survivors (12288K)
 Metaspace       used 82679K, committed 84992K, reserved 1179648K
  class space    used 11983K, committed 13056K, reserved 1048576K
}
Event: 37.036 GC heap before
{Heap before GC invocations=32 (full 0):
 garbage-first heap   total reserved 8388608K, committed 208896K, used 174002K [0x0000000600000000, 0x0000000800000000)
  region size 4096K, 19 young (77824K), 3 survivors (12288K)
 Metaspace       used 87390K, committed 89728K, reserved 1179648K
  class space    used 12465K, committed 13568K, reserved 1048576K
}
Event: 37.044 GC heap after
{Heap after GC invocations=33 (full 0):
 garbage-first heap   total reserved 8388608K, committed 208896K, used 121711K [0x0000000600000000, 0x0000000800000000)
  region size 4096K, 3 young (12288K), 3 survivors (12288K)
 Metaspace       used 87390K, committed 89728K, reserved 1179648K
  class space    used 12465K, committed 13568K, reserved 1048576K
}
Event: 37.731 GC heap before
{Heap before GC invocations=33 (full 0):
 garbage-first heap   total reserved 8388608K, committed 208896K, used 174959K [0x0000000600000000, 0x0000000800000000)
  region size 4096K, 16 young (65536K), 3 survivors (12288K)
 Metaspace       used 91005K, committed 93312K, reserved 1179648K
  class space    used 12948K, committed 14016K, reserved 1048576K
}
Event: 37.736 GC heap after
{Heap after GC invocations=34 (full 0):
 garbage-first heap   total reserved 8388608K, committed 208896K, used 120162K [0x0000000600000000, 0x0000000800000000)
  region size 4096K, 1 young (4096K), 1 survivors (4096K)
 Metaspace       used 91005K, committed 93312K, reserved 1179648K
  class space    used 12948K, committed 14016K, reserved 1048576K
}
Event: 38.419 GC heap before
{Heap before GC invocations=35 (full 0):
 garbage-first heap   total reserved 8388608K, committed 208896K, used 181602K [0x0000000600000000, 0x0000000800000000)
  region size 4096K, 16 young (65536K), 1 survivors (4096K)
 Metaspace       used 94923K, committed 97216K, reserved 1179648K
  class space    used 13533K, committed 14592K, reserved 1048576K
}
Event: 38.423 GC heap after
{Heap after GC invocations=36 (full 0):
 garbage-first heap   total reserved 8388608K, committed 208896K, used 121944K [0x0000000600000000, 0x0000000800000000)
  region size 4096K, 2 young (8192K), 2 survivors (8192K)
 Metaspace       used 94923K, committed 97216K, reserved 1179648K
  class space    used 13533K, committed 14592K, reserved 1048576K
}
Event: 38.993 GC heap before
{Heap before GC invocations=36 (full 0):
 garbage-first heap   total reserved 8388608K, committed 208896K, used 179288K [0x0000000600000000, 0x0000000800000000)
  region size 4096K, 16 young (65536K), 2 survivors (8192K)
 Metaspace       used 95590K, committed 97920K, reserved 1179648K
  class space    used 13636K, committed 14720K, reserved 1048576K
}
Event: 39.001 GC heap after
{Heap after GC invocations=37 (full 0):
 garbage-first heap   total reserved 8388608K, committed 208896K, used 126970K [0x0000000600000000, 0x0000000800000000)
  region size 4096K, 2 young (8192K), 2 survivors (8192K)
 Metaspace       used 95590K, committed 97920K, reserved 1179648K
  class space    used 13636K, committed 14720K, reserved 1048576K
}
Event: 39.660 GC heap before
{Heap before GC invocations=37 (full 0):
 garbage-first heap   total reserved 8388608K, committed 208896K, used 176122K [0x0000000600000000, 0x0000000800000000)
  region size 4096K, 15 young (61440K), 2 survivors (8192K)
 Metaspace       used 95875K, committed 98240K, reserved 1179648K
  class space    used 13649K, committed 14784K, reserved 1048576K
}
Event: 39.668 GC heap after
{Heap after GC invocations=38 (full 0):
 garbage-first heap   total reserved 8388608K, committed 208896K, used 132712K [0x0000000600000000, 0x0000000800000000)
  region size 4096K, 2 young (8192K), 2 survivors (8192K)
 Metaspace       used 95875K, committed 98240K, reserved 1179648K
  class space    used 13649K, committed 14784K, reserved 1048576K
}
Event: 39.838 GC heap before
{Heap before GC invocations=39 (full 0):
 garbage-first heap   total reserved 8388608K, committed 233472K, used 173672K [0x0000000600000000, 0x0000000800000000)
  region size 4096K, 13 young (53248K), 2 survivors (8192K)
 Metaspace       used 95884K, committed 98304K, reserved 1179648K
  class space    used 13649K, committed 14784K, reserved 1048576K
}
Event: 39.842 GC heap after
{Heap after GC invocations=40 (full 0):
 garbage-first heap   total reserved 8388608K, committed 233472K, used 133990K [0x0000000600000000, 0x0000000800000000)
  region size 4096K, 1 young (4096K), 1 survivors (4096K)
 Metaspace       used 95884K, committed 98304K, reserved 1179648K
  class space    used 13649K, committed 14784K, reserved 1048576K
}
Event: 40.280 GC heap before
{Heap before GC invocations=40 (full 0):
 garbage-first heap   total reserved 8388608K, committed 233472K, used 207718K [0x0000000600000000, 0x0000000800000000)
  region size 4096K, 20 young (81920K), 1 survivors (4096K)
 Metaspace       used 95886K, committed 98304K, reserved 1179648K
  class space    used 13649K, committed 14784K, reserved 1048576K
}
Event: 41.154 GC heap after
{Heap after GC invocations=41 (full 0):
 garbage-first heap   total reserved 8388608K, committed 233472K, used 134992K [0x0000000600000000, 0x0000000800000000)
  region size 4096K, 2 young (8192K), 2 survivors (8192K)
 Metaspace       used 95886K, committed 98304K, reserved 1179648K
  class space    used 13649K, committed 14784K, reserved 1048576K
}
Event: 41.186 GC heap before
{Heap before GC invocations=41 (full 0):
 garbage-first heap   total reserved 8388608K, committed 233472K, used 139088K [0x0000000600000000, 0x0000000800000000)
  region size 4096K, 3 young (12288K), 2 survivors (8192K)
 Metaspace       used 95890K, committed 98304K, reserved 1179648K
  class space    used 13649K, committed 14784K, reserved 1048576K
}

