# JRE version: OpenJDK Runtime Environment Temurin-21.0.8+9 (21.0.8+9) (build 21.0.8+9-LTS)
# Java VM: OpenJDK 64-Bit Server VM Temurin-21.0.8+9 (21.0.8+9-LTS, mixed mode, sharing, tiered, compressed oops, compressed class ptrs, parallel gc, windows-amd64)
GC Precious Log:
 CardTable entry size: 512
 CPUs: 12 total, 12 available
 Memory: 7929M
 Large Page Support: Disabled
 NUMA Support: Disabled
 Compressed Oops: Enabled (32-bit)
 Alignments: Space 512K, Generation 512K, Heap 2M
 Heap Min Capacity: 100M
 Heap Initial Capacity: 100M
 Heap Max Capacity: 2G
 Pre-touch: Disabled
 Parallel Workers: 10
Heap:
 PSYoungGen      total 17408K, used 16459K [0x00000000d5580000, 0x00000000d6800000, 0x0000000100000000)
  eden space 16896K, 94% used [0x00000000d5580000,0x00000000d651ade8,0x00000000d6600000)
  from space 512K, 93% used [0x00000000d6600000,0x00000000d6678000,0x00000000d6680000)
  to   space 1024K, 0% used [0x00000000d6700000,0x00000000d6700000,0x00000000d6800000)
 ParOldGen       total 68608K, used 48381K [0x0000000080000000, 0x0000000084300000, 0x00000000d5580000)
  object space 68608K, 70% used [0x0000000080000000,0x0000000082f3f448,0x0000000084300000)
 Metaspace       used 64121K, committed 65600K, reserved 1114112K
  class space    used 8091K, committed 8768K, reserved 1048576K
GC Heap History (20 events):
Event: 10.995 GC heap before
{Heap before GC invocations=41 (full 3):
 PSYoungGen      total 17408K, used 17381K [0x00000000d5580000, 0x00000000d6980000, 0x0000000100000000)
  eden space 16896K, 100% used [0x00000000d5580000,0x00000000d6600000,0x00000000d6600000)
  from space 512K, 94% used [0x00000000d6880000,0x00000000d68f94d8,0x00000000d6900000)
  to   space 512K, 0% used [0x00000000d6900000,0x00000000d6900000,0x00000000d6980000)
 ParOldGen       total 68608K, used 46265K [0x0000000080000000, 0x0000000084300000, 0x00000000d5580000)
  object space 68608K, 67% used [0x0000000080000000,0x0000000082d2e458,0x0000000084300000)
 Metaspace       used 62430K, committed 63872K, reserved 1114112K
  class space    used 7858K, committed 8512K, reserved 1048576K
}
Event: 10.996 GC heap after
{Heap after GC invocations=41 (full 3):
 PSYoungGen      total 17408K, used 504K [0x00000000d5580000, 0x00000000d6980000, 0x0000000100000000)
  eden space 16896K, 0% used [0x00000000d5580000,0x00000000d5580000,0x00000000d6600000)
  from space 512K, 98% used [0x00000000d6900000,0x00000000d697e188,0x00000000d6980000)
  to   space 1536K, 0% used [0x00000000d6680000,0x00000000d6680000,0x00000000d6800000)
 ParOldGen       total 68608K, used 46853K [0x0000000080000000, 0x0000000084300000, 0x00000000d5580000)
  object space 68608K, 68% used [0x0000000080000000,0x0000000082dc17f0,0x0000000084300000)
 Metaspace       used 62430K, committed 63872K, reserved 1114112K
  class space    used 7858K, committed 8512K, reserved 1048576K
}
Event: 11.283 GC heap before
{Heap before GC invocations=42 (full 3):
 PSYoungGen      total 17408K, used 17400K [0x00000000d5580000, 0x00000000d6980000, 0x0000000100000000)
  eden space 16896K, 100% used [0x00000000d5580000,0x00000000d6600000,0x00000000d6600000)
  from space 512K, 98% used [0x00000000d6900000,0x00000000d697e188,0x00000000d6980000)
  to   space 1536K, 0% used [0x00000000d6680000,0x00000000d6680000,0x00000000d6800000)
 ParOldGen       total 68608K, used 46853K [0x0000000080000000, 0x0000000084300000, 0x00000000d5580000)
  object space 68608K, 68% used [0x0000000080000000,0x0000000082dc17f0,0x0000000084300000)
 Metaspace       used 62430K, committed 63872K, reserved 1114112K
  class space    used 7858K, committed 8512K, reserved 1048576K
}
Event: 11.288 GC heap after
{Heap after GC invocations=42 (full 3):
 PSYoungGen      total 18432K, used 1305K [0x00000000d5580000, 0x00000000d6980000, 0x0000000100000000)
  eden space 16896K, 0% used [0x00000000d5580000,0x00000000d5580000,0x00000000d6600000)
  from space 1536K, 85% used [0x00000000d6680000,0x00000000d67c6770,0x00000000d6800000)
  to   space 1536K, 0% used [0x00000000d6800000,0x00000000d6800000,0x00000000d6980000)
 ParOldGen       total 68608K, used 46949K [0x0000000080000000, 0x0000000084300000, 0x00000000d5580000)
  object space 68608K, 68% used [0x0000000080000000,0x0000000082dd97f0,0x0000000084300000)
 Metaspace       used 62430K, committed 63872K, reserved 1114112K
  class space    used 7858K, committed 8512K, reserved 1048576K
}
Event: 11.459 GC heap before
{Heap before GC invocations=43 (full 3):
 PSYoungGen      total 18432K, used 18201K [0x00000000d5580000, 0x00000000d6980000, 0x0000000100000000)
  eden space 16896K, 100% used [0x00000000d5580000,0x00000000d6600000,0x00000000d6600000)
  from space 1536K, 85% used [0x00000000d6680000,0x00000000d67c6770,0x00000000d6800000)
  to   space 1536K, 0% used [0x00000000d6800000,0x00000000d6800000,0x00000000d6980000)
 ParOldGen       total 68608K, used 46949K [0x0000000080000000, 0x0000000084300000, 0x00000000d5580000)
  object space 68608K, 68% used [0x0000000080000000,0x0000000082dd97f0,0x0000000084300000)
 Metaspace       used 62430K, committed 63872K, reserved 1114112K
  class space    used 7858K, committed 8512K, reserved 1048576K
}
Event: 11.460 GC heap after
{Heap after GC invocations=43 (full 3):
 PSYoungGen      total 17408K, used 288K [0x00000000d5580000, 0x00000000d6880000, 0x0000000100000000)
  eden space 16896K, 0% used [0x00000000d5580000,0x00000000d5580000,0x00000000d6600000)
  from space 512K, 56% used [0x00000000d6800000,0x00000000d6848000,0x00000000d6880000)
  to   space 1024K, 0% used [0x00000000d6680000,0x00000000d6680000,0x00000000d6780000)
 ParOldGen       total 68608K, used 47038K [0x0000000080000000, 0x0000000084300000, 0x00000000d5580000)
  object space 68608K, 68% used [0x0000000080000000,0x0000000082def800,0x0000000084300000)
 Metaspace       used 62430K, committed 63872K, reserved 1114112K
  class space    used 7858K, committed 8512K, reserved 1048576K
}
Event: 11.671 GC heap before
{Heap before GC invocations=44 (full 3):
 PSYoungGen      total 17408K, used 17184K [0x00000000d5580000, 0x00000000d6880000, 0x0000000100000000)
  eden space 16896K, 100% used [0x00000000d5580000,0x00000000d6600000,0x00000000d6600000)
  from space 512K, 56% used [0x00000000d6800000,0x00000000d6848000,0x00000000d6880000)
  to   space 1024K, 0% used [0x00000000d6680000,0x00000000d6680000,0x00000000d6780000)
 ParOldGen       total 68608K, used 47038K [0x0000000080000000, 0x0000000084300000, 0x00000000d5580000)
  object space 68608K, 68% used [0x0000000080000000,0x0000000082def800,0x0000000084300000)
 Metaspace       used 62430K, committed 63872K, reserved 1114112K
  class space    used 7858K, committed 8512K, reserved 1048576K
}
Event: 11.672 GC heap after
{Heap after GC invocations=44 (full 3):
 PSYoungGen      total 17920K, used 389K [0x00000000d5580000, 0x00000000d6880000, 0x0000000100000000)
  eden space 16896K, 0% used [0x00000000d5580000,0x00000000d5580000,0x00000000d6600000)
  from space 1024K, 38% used [0x00000000d6680000,0x00000000d66e1778,0x00000000d6780000)
  to   space 512K, 0% used [0x00000000d6800000,0x00000000d6800000,0x00000000d6880000)
 ParOldGen       total 68608K, used 47161K [0x0000000080000000, 0x0000000084300000, 0x00000000d5580000)
  object space 68608K, 68% used [0x0000000080000000,0x0000000082e0e510,0x0000000084300000)
 Metaspace       used 62430K, committed 63872K, reserved 1114112K
  class space    used 7858K, committed 8512K, reserved 1048576K
}
Event: 11.934 GC heap before
{Heap before GC invocations=45 (full 3):
 PSYoungGen      total 17920K, used 17285K [0x00000000d5580000, 0x00000000d6880000, 0x0000000100000000)
  eden space 16896K, 100% used [0x00000000d5580000,0x00000000d6600000,0x00000000d6600000)
  from space 1024K, 38% used [0x00000000d6680000,0x00000000d66e1778,0x00000000d6780000)
  to   space 512K, 0% used [0x00000000d6800000,0x00000000d6800000,0x00000000d6880000)
 ParOldGen       total 68608K, used 47161K [0x0000000080000000, 0x0000000084300000, 0x00000000d5580000)
  object space 68608K, 68% used [0x0000000080000000,0x0000000082e0e510,0x0000000084300000)
 Metaspace       used 62430K, committed 63872K, reserved 1114112K
  class space    used 7858K, committed 8512K, reserved 1048576K
}
Event: 11.935 GC heap after
{Heap after GC invocations=45 (full 3):
 PSYoungGen      total 17408K, used 505K [0x00000000d5580000, 0x00000000d6900000, 0x0000000100000000)
  eden space 16896K, 0% used [0x00000000d5580000,0x00000000d5580000,0x00000000d6600000)
  from space 512K, 98% used [0x00000000d6800000,0x00000000d687e7a0,0x00000000d6880000)
  to   space 1536K, 0% used [0x00000000d6600000,0x00000000d6600000,0x00000000d6780000)
 ParOldGen       total 68608K, used 47969K [0x0000000080000000, 0x0000000084300000, 0x00000000d5580000)
  object space 68608K, 69% used [0x0000000080000000,0x0000000082ed8778,0x0000000084300000)
 Metaspace       used 62430K, committed 63872K, reserved 1114112K
  class space    used 7858K, committed 8512K, reserved 1048576K
}
Event: 12.189 GC heap before
{Heap before GC invocations=46 (full 3):
 PSYoungGen      total 17408K, used 17401K [0x00000000d5580000, 0x00000000d6900000, 0x0000000100000000)
  eden space 16896K, 100% used [0x00000000d5580000,0x00000000d6600000,0x00000000d6600000)
  from space 512K, 98% used [0x00000000d6800000,0x00000000d687e7a0,0x00000000d6880000)
  to   space 1536K, 0% used [0x00000000d6600000,0x00000000d6600000,0x00000000d6780000)
 ParOldGen       total 68608K, used 47969K [0x0000000080000000, 0x0000000084300000, 0x00000000d5580000)
  object space 68608K, 69% used [0x0000000080000000,0x0000000082ed8778,0x0000000084300000)
 Metaspace       used 62432K, committed 63872K, reserved 1114112K
  class space    used 7858K, committed 8512K, reserved 1048576K
}
Event: 12.191 GC heap after
{Heap after GC invocations=46 (full 3):
 PSYoungGen      total 18432K, used 987K [0x00000000d5580000, 0x00000000d6900000, 0x0000000100000000)
  eden space 16896K, 0% used [0x00000000d5580000,0x00000000d5580000,0x00000000d6600000)
  from space 1536K, 64% used [0x00000000d6600000,0x00000000d66f6ec8,0x00000000d6780000)
  to   space 1536K, 0% used [0x00000000d6780000,0x00000000d6780000,0x00000000d6900000)
 ParOldGen       total 68608K, used 47985K [0x0000000080000000, 0x0000000084300000, 0x00000000d5580000)
  object space 68608K, 69% used [0x0000000080000000,0x0000000082edc778,0x0000000084300000)
 Metaspace       used 62432K, committed 63872K, reserved 1114112K
  class space    used 7858K, committed 8512K, reserved 1048576K
}
Event: 12.330 GC heap before
{Heap before GC invocations=47 (full 3):
 PSYoungGen      total 18432K, used 17883K [0x00000000d5580000, 0x00000000d6900000, 0x0000000100000000)
  eden space 16896K, 100% used [0x00000000d5580000,0x00000000d6600000,0x00000000d6600000)
  from space 1536K, 64% used [0x00000000d6600000,0x00000000d66f6ec8,0x00000000d6780000)
  to   space 1536K, 0% used [0x00000000d6780000,0x00000000d6780000,0x00000000d6900000)
 ParOldGen       total 68608K, used 47985K [0x0000000080000000, 0x0000000084300000, 0x00000000d5580000)
  object space 68608K, 69% used [0x0000000080000000,0x0000000082edc778,0x0000000084300000)
 Metaspace       used 62432K, committed 63872K, reserved 1114112K
  class space    used 7858K, committed 8512K, reserved 1048576K
}
Event: 12.331 GC heap after
{Heap after GC invocations=47 (full 3):
 PSYoungGen      total 17408K, used 293K [0x00000000d5580000, 0x00000000d6800000, 0x0000000100000000)
  eden space 16896K, 0% used [0x00000000d5580000,0x00000000d5580000,0x00000000d6600000)
  from space 512K, 57% used [0x00000000d6780000,0x00000000d67c94e8,0x00000000d6800000)
  to   space 1024K, 0% used [0x00000000d6600000,0x00000000d6600000,0x00000000d6700000)
 ParOldGen       total 68608K, used 48065K [0x0000000080000000, 0x0000000084300000, 0x00000000d5580000)
  object space 68608K, 70% used [0x0000000080000000,0x0000000082ef0778,0x0000000084300000)
 Metaspace       used 62432K, committed 63872K, reserved 1114112K
  class space    used 7858K, committed 8512K, reserved 1048576K
}
Event: 12.445 GC heap before
{Heap before GC invocations=48 (full 3):
 PSYoungGen      total 17408K, used 17189K [0x00000000d5580000, 0x00000000d6800000, 0x0000000100000000)
  eden space 16896K, 100% used [0x00000000d5580000,0x00000000d6600000,0x00000000d6600000)
  from space 512K, 57% used [0x00000000d6780000,0x00000000d67c94e8,0x00000000d6800000)
  to   space 1024K, 0% used [0x00000000d6600000,0x00000000d6600000,0x00000000d6700000)
 ParOldGen       total 68608K, used 48065K [0x0000000080000000, 0x0000000084300000, 0x00000000d5580000)
  object space 68608K, 70% used [0x0000000080000000,0x0000000082ef0778,0x0000000084300000)
 Metaspace       used 62432K, committed 63872K, reserved 1114112K
  class space    used 7858K, committed 8512K, reserved 1048576K
}
Event: 12.446 GC heap after
{Heap after GC invocations=48 (full 3):
 PSYoungGen      total 17920K, used 1008K [0x00000000d5580000, 0x00000000d6900000, 0x0000000100000000)
  eden space 16896K, 0% used [0x00000000d5580000,0x00000000d5580000,0x00000000d6600000)
  from space 1024K, 98% used [0x00000000d6600000,0x00000000d66fc3c0,0x00000000d6700000)
  to   space 1536K, 0% used [0x00000000d6780000,0x00000000d6780000,0x00000000d6900000)
 ParOldGen       total 68608K, used 48293K [0x0000000080000000, 0x0000000084300000, 0x00000000d5580000)
  object space 68608K, 70% used [0x0000000080000000,0x0000000082f29438,0x0000000084300000)
 Metaspace       used 62432K, committed 63872K, reserved 1114112K
  class space    used 7858K, committed 8512K, reserved 1048576K
}
Event: 12.592 GC heap before
{Heap before GC invocations=49 (full 3):
 PSYoungGen      total 17920K, used 17904K [0x00000000d5580000, 0x00000000d6900000, 0x0000000100000000)
  eden space 16896K, 100% used [0x00000000d5580000,0x00000000d6600000,0x00000000d6600000)
  from space 1024K, 98% used [0x00000000d6600000,0x00000000d66fc3c0,0x00000000d6700000)
  to   space 1536K, 0% used [0x00000000d6780000,0x00000000d6780000,0x00000000d6900000)
 ParOldGen       total 68608K, used 48293K [0x0000000080000000, 0x0000000084300000, 0x00000000d5580000)
  object space 68608K, 70% used [0x0000000080000000,0x0000000082f29438,0x0000000084300000)
 Metaspace       used 62432K, committed 63872K, reserved 1114112K
  class space    used 7858K, committed 8512K, reserved 1048576K
}
Event: 12.593 GC heap after
{Heap after GC invocations=49 (full 3):
 PSYoungGen      total 18432K, used 1216K [0x00000000d5580000, 0x00000000d6900000, 0x0000000100000000)
  eden space 16896K, 0% used [0x00000000d5580000,0x00000000d5580000,0x00000000d6600000)
  from space 1536K, 79% used [0x00000000d6780000,0x00000000d68b0058,0x00000000d6900000)
  to   space 1536K, 0% used [0x00000000d6600000,0x00000000d6600000,0x00000000d6780000)
 ParOldGen       total 68608K, used 48333K [0x0000000080000000, 0x0000000084300000, 0x00000000d5580000)
  object space 68608K, 70% used [0x0000000080000000,0x0000000082f33448,0x0000000084300000)
 Metaspace       used 62432K, committed 63872K, reserved 1114112K
  class space    used 7858K, committed 8512K, reserved 1048576K
}
Event: 12.860 GC heap before
{Heap before GC invocations=50 (full 3):
 PSYoungGen      total 18432K, used 18112K [0x00000000d5580000, 0x00000000d6900000, 0x0000000100000000)
  eden space 16896K, 100% used [0x00000000d5580000,0x00000000d6600000,0x00000000d6600000)
  from space 1536K, 79% used [0x00000000d6780000,0x00000000d68b0058,0x00000000d6900000)
  to   space 1536K, 0% used [0x00000000d6600000,0x00000000d6600000,0x00000000d6780000)
 ParOldGen       total 68608K, used 48333K [0x0000000080000000, 0x0000000084300000, 0x00000000d5580000)
  object space 68608K, 70% used [0x0000000080000000,0x0000000082f33448,0x0000000084300000)
 Metaspace       used 63301K, committed 64768K, reserved 1114112K
  class space    used 7996K, committed 8640K, reserved 1048576K
}
Event: 12.861 GC heap after
{Heap after GC invocations=50 (full 3):
 PSYoungGen      total 17408K, used 480K [0x00000000d5580000, 0x00000000d6800000, 0x0000000100000000)
  eden space 16896K, 0% used [0x00000000d5580000,0x00000000d5580000,0x00000000d6600000)
  from space 512K, 93% used [0x00000000d6600000,0x00000000d6678000,0x00000000d6680000)
  to   space 1024K, 0% used [0x00000000d6700000,0x00000000d6700000,0x00000000d6800000)
 ParOldGen       total 68608K, used 48381K [0x0000000080000000, 0x0000000084300000, 0x00000000d5580000)
  object space 68608K, 70% used [0x0000000080000000,0x0000000082f3f448,0x0000000084300000)
 Metaspace       used 63301K, committed 64768K, reserved 1114112K
  class space    used 7996K, committed 8640K, reserved 1048576K
}

