# JRE version: OpenJDK Runtime Environment Temurin-21.0.8+9 (21.0.8+9) (build 21.0.8+9-LTS)
# Java VM: OpenJDK 64-Bit Server VM Temurin-21.0.8+9 (21.0.8+9-LTS, mixed mode, sharing, tiered, compressed oops, compressed class ptrs, parallel gc, windows-amd64)
GC Precious Log:
 CardTable entry size: 512
 CPUs: 12 total, 12 available
 Memory: 7929M
 Large Page Support: Disabled
 NUMA Support: Disabled
 Compressed Oops: Enabled (32-bit)
 Alignments: Space 512K, Generation 512K, Heap 2M
 Heap Min Capacity: 100M
 Heap Initial Capacity: 100M
 Heap Max Capacity: 2G
 Pre-touch: Disabled
 Parallel Workers: 10
Heap:
 PSYoungGen      total 4096K, used 2195K [0x00000000d5580000, 0x00000000d5b00000, 0x0000000100000000)
  eden space 3584K, 54% used [0x00000000d5580000,0x00000000d5764c20,0x00000000d5900000)
  from space 512K, 50% used [0x00000000d5a80000,0x00000000d5ac0000,0x00000000d5b00000)
  to   space 512K, 0% used [0x00000000d5a00000,0x00000000d5a00000,0x00000000d5a80000)
 ParOldGen       total 752128K, used 751627K [0x0000000080000000, 0x00000000ade80000, 0x00000000d5580000)
  object space 752128K, 99% used [0x0000000080000000,0x00000000ade02d00,0x00000000ade80000)
 Metaspace       used 81133K, committed 82752K, reserved 1179648K
  class space    used 9177K, committed 9920K, reserved 1048576K
GC Heap History (20 events):
Event: 86.581 GC heap before
{Heap before GC invocations=984 (full 3):
 PSYoungGen      total 2048K, used 2047K [0x00000000d5580000, 0x00000000d5d00000, 0x0000000100000000)
  eden space 1024K, 99% used [0x00000000d5580000,0x00000000d567ffa0,0x00000000d5680000)
  from space 1024K, 100% used [0x00000000d5900000,0x00000000d5a00000,0x00000000d5a00000)
  to   space 2560K, 0% used [0x00000000d5680000,0x00000000d5680000,0x00000000d5900000)
 ParOldGen       total 742400K, used 742289K [0x0000000080000000, 0x00000000ad500000, 0x00000000d5580000)
  object space 742400K, 99% used [0x0000000080000000,0x00000000ad4e45b0,0x00000000ad500000)
 Metaspace       used 80883K, committed 82560K, reserved 1179648K
  class space    used 9144K, committed 9856K, reserved 1048576K
}
Event: 86.584 GC heap after
{Heap after GC invocations=984 (full 3):
 PSYoungGen      total 2560K, used 1088K [0x00000000d5580000, 0x00000000d5980000, 0x0000000100000000)
  eden space 1024K, 0% used [0x00000000d5580000,0x00000000d5580000,0x00000000d5680000)
  from space 1536K, 70% used [0x00000000d5680000,0x00000000d5790000,0x00000000d5800000)
  to   space 1536K, 0% used [0x00000000d5800000,0x00000000d5800000,0x00000000d5980000)
 ParOldGen       total 743424K, used 743291K [0x0000000080000000, 0x00000000ad600000, 0x00000000d5580000)
  object space 743424K, 99% used [0x0000000080000000,0x00000000ad5deee8,0x00000000ad600000)
 Metaspace       used 80883K, committed 82560K, reserved 1179648K
  class space    used 9144K, committed 9856K, reserved 1048576K
}
Event: 86.586 GC heap before
{Heap before GC invocations=985 (full 3):
 PSYoungGen      total 2560K, used 2112K [0x00000000d5580000, 0x00000000d5980000, 0x0000000100000000)
  eden space 1024K, 100% used [0x00000000d5580000,0x00000000d5680000,0x00000000d5680000)
  from space 1536K, 70% used [0x00000000d5680000,0x00000000d5790000,0x00000000d5800000)
  to   space 1536K, 0% used [0x00000000d5800000,0x00000000d5800000,0x00000000d5980000)
 ParOldGen       total 743424K, used 743291K [0x0000000080000000, 0x00000000ad600000, 0x00000000d5580000)
  object space 743424K, 99% used [0x0000000080000000,0x00000000ad5deee8,0x00000000ad600000)
 Metaspace       used 80883K, committed 82560K, reserved 1179648K
  class space    used 9144K, committed 9856K, reserved 1048576K
}
Event: 86.588 GC heap after
{Heap after GC invocations=985 (full 3):
 PSYoungGen      total 2560K, used 1010K [0x00000000d5580000, 0x00000000d5a00000, 0x0000000100000000)
  eden space 1024K, 0% used [0x00000000d5580000,0x00000000d5580000,0x00000000d5680000)
  from space 1536K, 65% used [0x00000000d5800000,0x00000000d58fc8b8,0x00000000d5980000)
  to   space 1536K, 0% used [0x00000000d5680000,0x00000000d5680000,0x00000000d5800000)
 ParOldGen       total 744448K, used 744187K [0x0000000080000000, 0x00000000ad700000, 0x00000000d5580000)
  object space 744448K, 99% used [0x0000000080000000,0x00000000ad6bedf8,0x00000000ad700000)
 Metaspace       used 80883K, committed 82560K, reserved 1179648K
  class space    used 9144K, committed 9856K, reserved 1048576K
}
Event: 86.590 GC heap before
{Heap before GC invocations=986 (full 3):
 PSYoungGen      total 2560K, used 2034K [0x00000000d5580000, 0x00000000d5a00000, 0x0000000100000000)
  eden space 1024K, 99% used [0x00000000d5580000,0x00000000d567ffb8,0x00000000d5680000)
  from space 1536K, 65% used [0x00000000d5800000,0x00000000d58fc8b8,0x00000000d5980000)
  to   space 1536K, 0% used [0x00000000d5680000,0x00000000d5680000,0x00000000d5800000)
 ParOldGen       total 744448K, used 744187K [0x0000000080000000, 0x00000000ad700000, 0x00000000d5580000)
  object space 744448K, 99% used [0x0000000080000000,0x00000000ad6bedf8,0x00000000ad700000)
 Metaspace       used 80883K, committed 82560K, reserved 1179648K
  class space    used 9144K, committed 9856K, reserved 1048576K
}
Event: 86.592 GC heap after
{Heap after GC invocations=986 (full 3):
 PSYoungGen      total 2560K, used 1046K [0x00000000d5580000, 0x00000000d5a00000, 0x0000000100000000)
  eden space 1024K, 0% used [0x00000000d5580000,0x00000000d5580000,0x00000000d5680000)
  from space 1536K, 68% used [0x00000000d5680000,0x00000000d5785820,0x00000000d5800000)
  to   space 1536K, 0% used [0x00000000d5880000,0x00000000d5880000,0x00000000d5a00000)
 ParOldGen       total 745472K, used 745079K [0x0000000080000000, 0x00000000ad800000, 0x00000000d5580000)
  object space 745472K, 99% used [0x0000000080000000,0x00000000ad79df68,0x00000000ad800000)
 Metaspace       used 80883K, committed 82560K, reserved 1179648K
  class space    used 9144K, committed 9856K, reserved 1048576K
}
Event: 86.593 GC heap before
{Heap before GC invocations=987 (full 3):
 PSYoungGen      total 2560K, used 2070K [0x00000000d5580000, 0x00000000d5a00000, 0x0000000100000000)
  eden space 1024K, 100% used [0x00000000d5580000,0x00000000d5680000,0x00000000d5680000)
  from space 1536K, 68% used [0x00000000d5680000,0x00000000d5785820,0x00000000d5800000)
  to   space 1536K, 0% used [0x00000000d5880000,0x00000000d5880000,0x00000000d5a00000)
 ParOldGen       total 745472K, used 745079K [0x0000000080000000, 0x00000000ad800000, 0x00000000d5580000)
  object space 745472K, 99% used [0x0000000080000000,0x00000000ad79df68,0x00000000ad800000)
 Metaspace       used 80883K, committed 82560K, reserved 1179648K
  class space    used 9144K, committed 9856K, reserved 1048576K
}
Event: 86.596 GC heap after
{Heap after GC invocations=987 (full 3):
 PSYoungGen      total 2560K, used 992K [0x00000000d5580000, 0x00000000d5980000, 0x0000000100000000)
  eden space 1536K, 0% used [0x00000000d5580000,0x00000000d5580000,0x00000000d5700000)
  from space 1024K, 96% used [0x00000000d5880000,0x00000000d5978000,0x00000000d5980000)
  to   space 1024K, 0% used [0x00000000d5780000,0x00000000d5780000,0x00000000d5880000)
 ParOldGen       total 745984K, used 745981K [0x0000000080000000, 0x00000000ad880000, 0x00000000d5580000)
  object space 745984K, 99% used [0x0000000080000000,0x00000000ad87f788,0x00000000ad880000)
 Metaspace       used 80883K, committed 82560K, reserved 1179648K
  class space    used 9144K, committed 9856K, reserved 1048576K
}
Event: 86.598 GC heap before
{Heap before GC invocations=988 (full 3):
 PSYoungGen      total 2560K, used 2528K [0x00000000d5580000, 0x00000000d5980000, 0x0000000100000000)
  eden space 1536K, 100% used [0x00000000d5580000,0x00000000d5700000,0x00000000d5700000)
  from space 1024K, 96% used [0x00000000d5880000,0x00000000d5978000,0x00000000d5980000)
  to   space 1024K, 0% used [0x00000000d5780000,0x00000000d5780000,0x00000000d5880000)
 ParOldGen       total 745984K, used 745981K [0x0000000080000000, 0x00000000ad880000, 0x00000000d5580000)
  object space 745984K, 99% used [0x0000000080000000,0x00000000ad87f788,0x00000000ad880000)
 Metaspace       used 80883K, committed 82560K, reserved 1179648K
  class space    used 9144K, committed 9856K, reserved 1048576K
}
Event: 86.600 GC heap after
{Heap after GC invocations=988 (full 3):
 PSYoungGen      total 3072K, used 1024K [0x00000000d5580000, 0x00000000d5c80000, 0x0000000100000000)
  eden space 2048K, 0% used [0x00000000d5580000,0x00000000d5580000,0x00000000d5780000)
  from space 1024K, 100% used [0x00000000d5780000,0x00000000d5880000,0x00000000d5880000)
  to   space 2560K, 0% used [0x00000000d5a00000,0x00000000d5a00000,0x00000000d5c80000)
 ParOldGen       total 747520K, used 747177K [0x0000000080000000, 0x00000000ada00000, 0x00000000d5580000)
  object space 747520K, 99% used [0x0000000080000000,0x00000000ad9aa648,0x00000000ada00000)
 Metaspace       used 80883K, committed 82560K, reserved 1179648K
  class space    used 9144K, committed 9856K, reserved 1048576K
}
Event: 86.603 GC heap before
{Heap before GC invocations=989 (full 3):
 PSYoungGen      total 3072K, used 3071K [0x00000000d5580000, 0x00000000d5c80000, 0x0000000100000000)
  eden space 2048K, 99% used [0x00000000d5580000,0x00000000d577fff0,0x00000000d5780000)
  from space 1024K, 100% used [0x00000000d5780000,0x00000000d5880000,0x00000000d5880000)
  to   space 2560K, 0% used [0x00000000d5a00000,0x00000000d5a00000,0x00000000d5c80000)
 ParOldGen       total 747520K, used 747177K [0x0000000080000000, 0x00000000ada00000, 0x00000000d5580000)
  object space 747520K, 99% used [0x0000000080000000,0x00000000ad9aa648,0x00000000ada00000)
 Metaspace       used 80883K, committed 82560K, reserved 1179648K
  class space    used 9144K, committed 9856K, reserved 1048576K
}
Event: 86.606 GC heap after
{Heap after GC invocations=989 (full 3):
 PSYoungGen      total 4608K, used 1920K [0x00000000d5580000, 0x00000000d5c00000, 0x0000000100000000)
  eden space 2560K, 0% used [0x00000000d5580000,0x00000000d5580000,0x00000000d5800000)
  from space 2048K, 93% used [0x00000000d5a00000,0x00000000d5be0000,0x00000000d5c00000)
  to   space 2048K, 0% used [0x00000000d5800000,0x00000000d5800000,0x00000000d5a00000)
 ParOldGen       total 748544K, used 748227K [0x0000000080000000, 0x00000000adb00000, 0x00000000d5580000)
  object space 748544K, 99% used [0x0000000080000000,0x00000000adab0f78,0x00000000adb00000)
 Metaspace       used 80883K, committed 82560K, reserved 1179648K
  class space    used 9144K, committed 9856K, reserved 1048576K
}
Event: 123.634 GC heap before
{Heap before GC invocations=990 (full 3):
 PSYoungGen      total 4608K, used 4423K [0x00000000d5580000, 0x00000000d5c00000, 0x0000000100000000)
  eden space 2560K, 97% used [0x00000000d5580000,0x00000000d57f1cf0,0x00000000d5800000)
  from space 2048K, 93% used [0x00000000d5a00000,0x00000000d5be0000,0x00000000d5c00000)
  to   space 2048K, 0% used [0x00000000d5800000,0x00000000d5800000,0x00000000d5a00000)
 ParOldGen       total 748544K, used 748227K [0x0000000080000000, 0x00000000adb00000, 0x00000000d5580000)
  object space 748544K, 99% used [0x0000000080000000,0x00000000adab0f78,0x00000000adb00000)
 Metaspace       used 80938K, committed 82624K, reserved 1179648K
  class space    used 9153K, committed 9920K, reserved 1048576K
}
Event: 123.652 GC heap after
{Heap after GC invocations=990 (full 3):
 PSYoungGen      total 4608K, used 1664K [0x00000000d5580000, 0x00000000d5c80000, 0x0000000100000000)
  eden space 2560K, 0% used [0x00000000d5580000,0x00000000d5580000,0x00000000d5800000)
  from space 2048K, 81% used [0x00000000d5800000,0x00000000d59a0000,0x00000000d5a00000)
  to   space 2048K, 0% used [0x00000000d5a80000,0x00000000d5a80000,0x00000000d5c80000)
 ParOldGen       total 750080K, used 750043K [0x0000000080000000, 0x00000000adc80000, 0x00000000d5580000)
  object space 750080K, 99% used [0x0000000080000000,0x00000000adc76cf0,0x00000000adc80000)
 Metaspace       used 80938K, committed 82624K, reserved 1179648K
  class space    used 9153K, committed 9920K, reserved 1048576K
}
Event: 123.696 GC heap before
{Heap before GC invocations=991 (full 3):
 PSYoungGen      total 4608K, used 4046K [0x00000000d5580000, 0x00000000d5c80000, 0x0000000100000000)
  eden space 2560K, 93% used [0x00000000d5580000,0x00000000d57d3960,0x00000000d5800000)
  from space 2048K, 81% used [0x00000000d5800000,0x00000000d59a0000,0x00000000d5a00000)
  to   space 2048K, 0% used [0x00000000d5a80000,0x00000000d5a80000,0x00000000d5c80000)
 ParOldGen       total 750080K, used 750043K [0x0000000080000000, 0x00000000adc80000, 0x00000000d5580000)
  object space 750080K, 99% used [0x0000000080000000,0x00000000adc76cf0,0x00000000adc80000)
 Metaspace       used 80941K, committed 82624K, reserved 1179648K
  class space    used 9153K, committed 9920K, reserved 1048576K
}
Event: 123.698 GC heap after
{Heap after GC invocations=991 (full 3):
 PSYoungGen      total 3584K, used 128K [0x00000000d5580000, 0x00000000d5b00000, 0x0000000100000000)
  eden space 3072K, 0% used [0x00000000d5580000,0x00000000d5580000,0x00000000d5880000)
  from space 512K, 25% used [0x00000000d5a80000,0x00000000d5aa0000,0x00000000d5b00000)
  to   space 1024K, 0% used [0x00000000d5900000,0x00000000d5900000,0x00000000d5a00000)
 ParOldGen       total 751616K, used 751515K [0x0000000080000000, 0x00000000ade00000, 0x00000000d5580000)
  object space 751616K, 99% used [0x0000000080000000,0x00000000adde6d00,0x00000000ade00000)
 Metaspace       used 80941K, committed 82624K, reserved 1179648K
  class space    used 9153K, committed 9920K, reserved 1048576K
}
Event: 123.716 GC heap before
{Heap before GC invocations=992 (full 3):
 PSYoungGen      total 3584K, used 3135K [0x00000000d5580000, 0x00000000d5b00000, 0x0000000100000000)
  eden space 3072K, 97% used [0x00000000d5580000,0x00000000d586fcf0,0x00000000d5880000)
  from space 512K, 25% used [0x00000000d5a80000,0x00000000d5aa0000,0x00000000d5b00000)
  to   space 1024K, 0% used [0x00000000d5900000,0x00000000d5900000,0x00000000d5a00000)
 ParOldGen       total 751616K, used 751515K [0x0000000080000000, 0x00000000ade00000, 0x00000000d5580000)
  object space 751616K, 99% used [0x0000000080000000,0x00000000adde6d00,0x00000000ade00000)
 Metaspace       used 80941K, committed 82624K, reserved 1179648K
  class space    used 9153K, committed 9920K, reserved 1048576K
}
Event: 123.718 GC heap after
{Heap after GC invocations=992 (full 3):
 PSYoungGen      total 4608K, used 192K [0x00000000d5580000, 0x00000000d5b00000, 0x0000000100000000)
  eden space 3584K, 0% used [0x00000000d5580000,0x00000000d5580000,0x00000000d5900000)
  from space 1024K, 18% used [0x00000000d5900000,0x00000000d5930000,0x00000000d5a00000)
  to   space 512K, 0% used [0x00000000d5a80000,0x00000000d5a80000,0x00000000d5b00000)
 ParOldGen       total 751616K, used 751571K [0x0000000080000000, 0x00000000ade00000, 0x00000000d5580000)
  object space 751616K, 99% used [0x0000000080000000,0x00000000addf4d00,0x00000000ade00000)
 Metaspace       used 80941K, committed 82624K, reserved 1179648K
  class space    used 9153K, committed 9920K, reserved 1048576K
}
Event: 123.811 GC heap before
{Heap before GC invocations=993 (full 3):
 PSYoungGen      total 4608K, used 3776K [0x00000000d5580000, 0x00000000d5b00000, 0x0000000100000000)
  eden space 3584K, 100% used [0x00000000d5580000,0x00000000d5900000,0x00000000d5900000)
  from space 1024K, 18% used [0x00000000d5900000,0x00000000d5930000,0x00000000d5a00000)
  to   space 512K, 0% used [0x00000000d5a80000,0x00000000d5a80000,0x00000000d5b00000)
 ParOldGen       total 751616K, used 751571K [0x0000000080000000, 0x00000000ade00000, 0x00000000d5580000)
  object space 751616K, 99% used [0x0000000080000000,0x00000000addf4d00,0x00000000ade00000)
 Metaspace       used 81003K, committed 82688K, reserved 1179648K
  class space    used 9160K, committed 9920K, reserved 1048576K
}
Event: 123.812 GC heap after
{Heap after GC invocations=993 (full 3):
 PSYoungGen      total 4096K, used 256K [0x00000000d5580000, 0x00000000d5b00000, 0x0000000100000000)
  eden space 3584K, 0% used [0x00000000d5580000,0x00000000d5580000,0x00000000d5900000)
  from space 512K, 50% used [0x00000000d5a80000,0x00000000d5ac0000,0x00000000d5b00000)
  to   space 512K, 0% used [0x00000000d5a00000,0x00000000d5a00000,0x00000000d5a80000)
 ParOldGen       total 752128K, used 751627K [0x0000000080000000, 0x00000000ade80000, 0x00000000d5580000)
  object space 752128K, 99% used [0x0000000080000000,0x00000000ade02d00,0x00000000ade80000)
 Metaspace       used 81003K, committed 82688K, reserved 1179648K
  class space    used 9160K, committed 9920K, reserved 1048576K
}

