# JRE version: Java(TM) SE Runtime Environment (22.0+36) (build 22+36-2370)
# Java VM: Java HotSpot(TM) 64-Bit Server VM (22+36-2370, mixed mode, sharing, tiered, compressed oops, compressed class ptrs, g1 gc, windows-amd64)
GC Precious Log:
 CardTable entry size: 512
 Card Set container configuration: InlinePtr #cards 4 size 8 Array Of Cards #cards 32 size 80 Howl #buckets 8 coarsen threshold 7372 Howl Bitmap #cards 1024 size 144 coarsen threshold 921 Card regions per heap region 1 cards per card region 8192
 CPUs: 12 total, 12 available
 Memory: 7929M
 Large Page Support: Disabled
 NUMA Support: Disabled
 Compressed Oops: Enabled (Zero based)
 Heap Region Size: 4M
 Heap Min Capacity: 8M
 Heap Initial Capacity: 124M
 Heap Max Capacity: 8G
 Pre-touch: Disabled
 Parallel Workers: 10
 Concurrent Workers: 3
 Concurrent Refinement Workers: 10
 Periodic GC: Disabled
Heap:
 garbage-first heap   total reserved 8388608K, committed 356352K, used 215654K [0x0000000600000000, 0x0000000800000000)
  region size 4096K, 3 young (12288K), 3 survivors (12288K)
 Metaspace       used 107946K, committed 110784K, reserved 1179648K
  class space    used 15472K, committed 16768K, reserved 1048576K
GC Heap History (20 events):
Event: 11.566 GC heap after
{Heap after GC invocations=40 (full 0):
 garbage-first heap   total reserved 8388608K, committed 266240K, used 145903K [0x0000000600000000, 0x0000000800000000)
  region size 4096K, 3 young (12288K), 3 survivors (12288K)
 Metaspace       used 102144K, committed 104704K, reserved 1179648K
  class space    used 14678K, committed 15872K, reserved 1048576K
}
Event: 11.983 GC heap before
{Heap before GC invocations=40 (full 0):
 garbage-first heap   total reserved 8388608K, committed 266240K, used 231919K [0x0000000600000000, 0x0000000800000000)
  region size 4096K, 24 young (98304K), 3 survivors (12288K)
 Metaspace       used 103939K, committed 106496K, reserved 1179648K
  class space    used 14915K, committed 16128K, reserved 1048576K
}
Event: 11.992 GC heap after
{Heap after GC invocations=41 (full 0):
 garbage-first heap   total reserved 8388608K, committed 266240K, used 152313K [0x0000000600000000, 0x0000000800000000)
  region size 4096K, 3 young (12288K), 3 survivors (12288K)
 Metaspace       used 103939K, committed 106496K, reserved 1179648K
  class space    used 14915K, committed 16128K, reserved 1048576K
}
Event: 12.096 GC heap before
{Heap before GC invocations=41 (full 0):
 garbage-first heap   total reserved 8388608K, committed 266240K, used 230137K [0x0000000600000000, 0x0000000800000000)
  region size 4096K, 23 young (94208K), 3 survivors (12288K)
 Metaspace       used 103939K, committed 106496K, reserved 1179648K
  class space    used 14915K, committed 16128K, reserved 1048576K
}
Event: 12.102 GC heap after
{Heap after GC invocations=42 (full 0):
 garbage-first heap   total reserved 8388608K, committed 266240K, used 154879K [0x0000000600000000, 0x0000000800000000)
  region size 4096K, 2 young (8192K), 2 survivors (8192K)
 Metaspace       used 103939K, committed 106496K, reserved 1179648K
  class space    used 14915K, committed 16128K, reserved 1048576K
}
Event: 12.616 GC heap before
{Heap before GC invocations=43 (full 0):
 garbage-first heap   total reserved 8388608K, committed 266240K, used 232703K [0x0000000600000000, 0x0000000800000000)
  region size 4096K, 22 young (90112K), 2 survivors (8192K)
 Metaspace       used 106036K, committed 108672K, reserved 1179648K
  class space    used 15263K, committed 16512K, reserved 1048576K
}
Event: 12.622 GC heap after
{Heap after GC invocations=44 (full 0):
 garbage-first heap   total reserved 8388608K, committed 266240K, used 165748K [0x0000000600000000, 0x0000000800000000)
  region size 4096K, 3 young (12288K), 3 survivors (12288K)
 Metaspace       used 106036K, committed 108672K, reserved 1179648K
  class space    used 15263K, committed 16512K, reserved 1048576K
}
Event: 12.690 GC heap before
{Heap before GC invocations=44 (full 0):
 garbage-first heap   total reserved 8388608K, committed 266240K, used 231284K [0x0000000600000000, 0x0000000800000000)
  region size 4096K, 20 young (81920K), 3 survivors (12288K)
 Metaspace       used 106036K, committed 108672K, reserved 1179648K
  class space    used 15263K, committed 16512K, reserved 1048576K
}
Event: 12.698 GC heap after
{Heap after GC invocations=45 (full 0):
 garbage-first heap   total reserved 8388608K, committed 319488K, used 169523K [0x0000000600000000, 0x0000000800000000)
  region size 4096K, 2 young (8192K), 2 survivors (8192K)
 Metaspace       used 106036K, committed 108672K, reserved 1179648K
  class space    used 15263K, committed 16512K, reserved 1048576K
}
Event: 12.977 GC heap before
{Heap before GC invocations=45 (full 0):
 garbage-first heap   total reserved 8388608K, committed 319488K, used 280115K [0x0000000600000000, 0x0000000800000000)
  region size 4096K, 30 young (122880K), 2 survivors (8192K)
 Metaspace       used 106214K, committed 108800K, reserved 1179648K
  class space    used 15280K, committed 16512K, reserved 1048576K
}
Event: 12.984 GC heap after
{Heap after GC invocations=46 (full 0):
 garbage-first heap   total reserved 8388608K, committed 319488K, used 175220K [0x0000000600000000, 0x0000000800000000)
  region size 4096K, 3 young (12288K), 3 survivors (12288K)
 Metaspace       used 106214K, committed 108800K, reserved 1179648K
  class space    used 15280K, committed 16512K, reserved 1048576K
}
Event: 13.627 GC heap before
{Heap before GC invocations=47 (full 0):
 garbage-first heap   total reserved 8388608K, committed 319488K, used 281716K [0x0000000600000000, 0x0000000800000000)
  region size 4096K, 29 young (118784K), 3 survivors (12288K)
 Metaspace       used 107144K, committed 109888K, reserved 1179648K
  class space    used 15385K, committed 16640K, reserved 1048576K
}
Event: 13.646 GC heap after
{Heap after GC invocations=48 (full 0):
 garbage-first heap   total reserved 8388608K, committed 319488K, used 194267K [0x0000000600000000, 0x0000000800000000)
  region size 4096K, 4 young (16384K), 4 survivors (16384K)
 Metaspace       used 107144K, committed 109888K, reserved 1179648K
  class space    used 15385K, committed 16640K, reserved 1048576K
}
Event: 13.847 GC heap before
{Heap before GC invocations=48 (full 0):
 garbage-first heap   total reserved 8388608K, committed 319488K, used 276187K [0x0000000600000000, 0x0000000800000000)
  region size 4096K, 25 young (102400K), 4 survivors (16384K)
 Metaspace       used 107338K, committed 110080K, reserved 1179648K
  class space    used 15408K, committed 16704K, reserved 1048576K
}
Event: 13.859 GC heap after
{Heap after GC invocations=49 (full 0):
 garbage-first heap   total reserved 8388608K, committed 319488K, used 199486K [0x0000000600000000, 0x0000000800000000)
  region size 4096K, 2 young (8192K), 2 survivors (8192K)
 Metaspace       used 107338K, committed 110080K, reserved 1179648K
  class space    used 15408K, committed 16704K, reserved 1048576K
}
Event: 14.061 GC heap before
{Heap before GC invocations=49 (full 0):
 garbage-first heap   total reserved 8388608K, committed 319488K, used 285502K [0x0000000600000000, 0x0000000800000000)
  region size 4096K, 24 young (98304K), 2 survivors (8192K)
 Metaspace       used 107542K, committed 110272K, reserved 1179648K
  class space    used 15440K, committed 16704K, reserved 1048576K
}
Event: 14.067 GC heap after
{Heap after GC invocations=50 (full 0):
 garbage-first heap   total reserved 8388608K, committed 319488K, used 208954K [0x0000000600000000, 0x0000000800000000)
  region size 4096K, 3 young (12288K), 3 survivors (12288K)
 Metaspace       used 107542K, committed 110272K, reserved 1179648K
  class space    used 15440K, committed 16704K, reserved 1048576K
}
Event: 14.290 GC heap before
{Heap before GC invocations=51 (full 0):
 garbage-first heap   total reserved 8388608K, committed 356352K, used 282682K [0x0000000600000000, 0x0000000800000000)
  region size 4096K, 21 young (86016K), 3 survivors (12288K)
 Metaspace       used 107720K, committed 110592K, reserved 1179648K
  class space    used 15457K, committed 16768K, reserved 1048576K
}
Event: 14.298 GC heap after
{Heap after GC invocations=52 (full 0):
 garbage-first heap   total reserved 8388608K, committed 356352K, used 214137K [0x0000000600000000, 0x0000000800000000)
  region size 4096K, 2 young (8192K), 2 survivors (8192K)
 Metaspace       used 107720K, committed 110592K, reserved 1179648K
  class space    used 15457K, committed 16768K, reserved 1048576K
}
Event: 14.454 GC heap before
{Heap before GC invocations=52 (full 0):
 garbage-first heap   total reserved 8388608K, committed 356352K, used 316537K [0x0000000600000000, 0x0000000800000000)
  region size 4096K, 28 young (114688K), 2 survivors (8192K)
 Metaspace       used 107946K, committed 110784K, reserved 1179648K
  class space    used 15472K, committed 16768K, reserved 1048576K
}

