# JRE version: OpenJDK Runtime Environment Temurin-21.0.8+9 (21.0.8+9) (build 21.0.8+9-LTS)
# Java VM: OpenJDK 64-Bit Server VM Temurin-21.0.8+9 (21.0.8+9-LTS, mixed mode, sharing, tiered, compressed oops, compressed class ptrs, parallel gc, windows-amd64)
GC Precious Log:
 CardTable entry size: 512
 CPUs: 12 total, 12 available
 Memory: 7929M
 Large Page Support: Disabled
 NUMA Support: Disabled
 Compressed Oops: Enabled (32-bit)
 Alignments: Space 512K, Generation 512K, Heap 2M
 Heap Min Capacity: 100M
 Heap Initial Capacity: 100M
 Heap Max Capacity: 2G
 Pre-touch: Disabled
 Parallel Workers: 10
Heap:
 PSYoungGen      total 21504K, used 13036K [0x00000000d5580000, 0x00000000d7000000, 0x0000000100000000)
  eden space 20992K, 59% used [0x00000000d5580000,0x00000000d61bb3d8,0x00000000d6a00000)
  from space 512K, 100% used [0x00000000d6f00000,0x00000000d6f80000,0x00000000d6f80000)
  to   space 512K, 0% used [0x00000000d6f80000,0x00000000d6f80000,0x00000000d7000000)
 ParOldGen       total 68608K, used 43755K [0x0000000080000000, 0x0000000084300000, 0x00000000d5580000)
  object space 68608K, 63% used [0x0000000080000000,0x0000000082abadb0,0x0000000084300000)
 Metaspace       used 64942K, committed 66432K, reserved 1114112K
  class space    used 8195K, committed 8832K, reserved 1048576K
GC Heap History (20 events):
Event: 61.564 GC heap before
{Heap before GC invocations=91 (full 3):
 PSYoungGen      total 21504K, used 21120K [0x00000000d5580000, 0x00000000d7000000, 0x0000000100000000)
  eden space 20992K, 100% used [0x00000000d5580000,0x00000000d6a00000,0x00000000d6a00000)
  from space 512K, 25% used [0x00000000d6f00000,0x00000000d6f20000,0x00000000d6f80000)
  to   space 512K, 0% used [0x00000000d6f80000,0x00000000d6f80000,0x00000000d7000000)
 ParOldGen       total 68608K, used 43427K [0x0000000080000000, 0x0000000084300000, 0x00000000d5580000)
  object space 68608K, 63% used [0x0000000080000000,0x0000000082a68da0,0x0000000084300000)
 Metaspace       used 64544K, committed 65920K, reserved 1114112K
  class space    used 8131K, committed 8704K, reserved 1048576K
}
Event: 61.564 GC heap after
{Heap after GC invocations=91 (full 3):
 PSYoungGen      total 21504K, used 192K [0x00000000d5580000, 0x00000000d7000000, 0x0000000100000000)
  eden space 20992K, 0% used [0x00000000d5580000,0x00000000d5580000,0x00000000d6a00000)
  from space 512K, 37% used [0x00000000d6f80000,0x00000000d6fb0000,0x00000000d7000000)
  to   space 512K, 0% used [0x00000000d6f00000,0x00000000d6f00000,0x00000000d6f80000)
 ParOldGen       total 68608K, used 43443K [0x0000000080000000, 0x0000000084300000, 0x00000000d5580000)
  object space 68608K, 63% used [0x0000000080000000,0x0000000082a6cda0,0x0000000084300000)
 Metaspace       used 64544K, committed 65920K, reserved 1114112K
  class space    used 8131K, committed 8704K, reserved 1048576K
}
Event: 61.616 GC heap before
{Heap before GC invocations=92 (full 3):
 PSYoungGen      total 21504K, used 21184K [0x00000000d5580000, 0x00000000d7000000, 0x0000000100000000)
  eden space 20992K, 100% used [0x00000000d5580000,0x00000000d6a00000,0x00000000d6a00000)
  from space 512K, 37% used [0x00000000d6f80000,0x00000000d6fb0000,0x00000000d7000000)
  to   space 512K, 0% used [0x00000000d6f00000,0x00000000d6f00000,0x00000000d6f80000)
 ParOldGen       total 68608K, used 43443K [0x0000000080000000, 0x0000000084300000, 0x00000000d5580000)
  object space 68608K, 63% used [0x0000000080000000,0x0000000082a6cda0,0x0000000084300000)
 Metaspace       used 64544K, committed 65920K, reserved 1114112K
  class space    used 8131K, committed 8704K, reserved 1048576K
}
Event: 61.617 GC heap after
{Heap after GC invocations=92 (full 3):
 PSYoungGen      total 21504K, used 160K [0x00000000d5580000, 0x00000000d7000000, 0x0000000100000000)
  eden space 20992K, 0% used [0x00000000d5580000,0x00000000d5580000,0x00000000d6a00000)
  from space 512K, 31% used [0x00000000d6f00000,0x00000000d6f28000,0x00000000d6f80000)
  to   space 512K, 0% used [0x00000000d6f80000,0x00000000d6f80000,0x00000000d7000000)
 ParOldGen       total 68608K, used 43507K [0x0000000080000000, 0x0000000084300000, 0x00000000d5580000)
  object space 68608K, 63% used [0x0000000080000000,0x0000000082a7cda0,0x0000000084300000)
 Metaspace       used 64544K, committed 65920K, reserved 1114112K
  class space    used 8131K, committed 8704K, reserved 1048576K
}
Event: 61.657 GC heap before
{Heap before GC invocations=93 (full 3):
 PSYoungGen      total 21504K, used 21152K [0x00000000d5580000, 0x00000000d7000000, 0x0000000100000000)
  eden space 20992K, 100% used [0x00000000d5580000,0x00000000d6a00000,0x00000000d6a00000)
  from space 512K, 31% used [0x00000000d6f00000,0x00000000d6f28000,0x00000000d6f80000)
  to   space 512K, 0% used [0x00000000d6f80000,0x00000000d6f80000,0x00000000d7000000)
 ParOldGen       total 68608K, used 43507K [0x0000000080000000, 0x0000000084300000, 0x00000000d5580000)
  object space 68608K, 63% used [0x0000000080000000,0x0000000082a7cda0,0x0000000084300000)
 Metaspace       used 64544K, committed 65920K, reserved 1114112K
  class space    used 8131K, committed 8704K, reserved 1048576K
}
Event: 61.658 GC heap after
{Heap after GC invocations=93 (full 3):
 PSYoungGen      total 21504K, used 192K [0x00000000d5580000, 0x00000000d7000000, 0x0000000100000000)
  eden space 20992K, 0% used [0x00000000d5580000,0x00000000d5580000,0x00000000d6a00000)
  from space 512K, 37% used [0x00000000d6f80000,0x00000000d6fb0000,0x00000000d7000000)
  to   space 512K, 0% used [0x00000000d6f00000,0x00000000d6f00000,0x00000000d6f80000)
 ParOldGen       total 68608K, used 43507K [0x0000000080000000, 0x0000000084300000, 0x00000000d5580000)
  object space 68608K, 63% used [0x0000000080000000,0x0000000082a7cda0,0x0000000084300000)
 Metaspace       used 64544K, committed 65920K, reserved 1114112K
  class space    used 8131K, committed 8704K, reserved 1048576K
}
Event: 61.700 GC heap before
{Heap before GC invocations=94 (full 3):
 PSYoungGen      total 21504K, used 21184K [0x00000000d5580000, 0x00000000d7000000, 0x0000000100000000)
  eden space 20992K, 100% used [0x00000000d5580000,0x00000000d6a00000,0x00000000d6a00000)
  from space 512K, 37% used [0x00000000d6f80000,0x00000000d6fb0000,0x00000000d7000000)
  to   space 512K, 0% used [0x00000000d6f00000,0x00000000d6f00000,0x00000000d6f80000)
 ParOldGen       total 68608K, used 43507K [0x0000000080000000, 0x0000000084300000, 0x00000000d5580000)
  object space 68608K, 63% used [0x0000000080000000,0x0000000082a7cda0,0x0000000084300000)
 Metaspace       used 64544K, committed 65920K, reserved 1114112K
  class space    used 8131K, committed 8704K, reserved 1048576K
}
Event: 61.700 GC heap after
{Heap after GC invocations=94 (full 3):
 PSYoungGen      total 21504K, used 64K [0x00000000d5580000, 0x00000000d7000000, 0x0000000100000000)
  eden space 20992K, 0% used [0x00000000d5580000,0x00000000d5580000,0x00000000d6a00000)
  from space 512K, 12% used [0x00000000d6f00000,0x00000000d6f10000,0x00000000d6f80000)
  to   space 512K, 0% used [0x00000000d6f80000,0x00000000d6f80000,0x00000000d7000000)
 ParOldGen       total 68608K, used 43531K [0x0000000080000000, 0x0000000084300000, 0x00000000d5580000)
  object space 68608K, 63% used [0x0000000080000000,0x0000000082a82da0,0x0000000084300000)
 Metaspace       used 64544K, committed 65920K, reserved 1114112K
  class space    used 8131K, committed 8704K, reserved 1048576K
}
Event: 61.741 GC heap before
{Heap before GC invocations=95 (full 3):
 PSYoungGen      total 21504K, used 21056K [0x00000000d5580000, 0x00000000d7000000, 0x0000000100000000)
  eden space 20992K, 100% used [0x00000000d5580000,0x00000000d6a00000,0x00000000d6a00000)
  from space 512K, 12% used [0x00000000d6f00000,0x00000000d6f10000,0x00000000d6f80000)
  to   space 512K, 0% used [0x00000000d6f80000,0x00000000d6f80000,0x00000000d7000000)
 ParOldGen       total 68608K, used 43531K [0x0000000080000000, 0x0000000084300000, 0x00000000d5580000)
  object space 68608K, 63% used [0x0000000080000000,0x0000000082a82da0,0x0000000084300000)
 Metaspace       used 64544K, committed 65920K, reserved 1114112K
  class space    used 8131K, committed 8704K, reserved 1048576K
}
Event: 61.741 GC heap after
{Heap after GC invocations=95 (full 3):
 PSYoungGen      total 21504K, used 160K [0x00000000d5580000, 0x00000000d7000000, 0x0000000100000000)
  eden space 20992K, 0% used [0x00000000d5580000,0x00000000d5580000,0x00000000d6a00000)
  from space 512K, 31% used [0x00000000d6f80000,0x00000000d6fa8000,0x00000000d7000000)
  to   space 512K, 0% used [0x00000000d6f00000,0x00000000d6f00000,0x00000000d6f80000)
 ParOldGen       total 68608K, used 43531K [0x0000000080000000, 0x0000000084300000, 0x00000000d5580000)
  object space 68608K, 63% used [0x0000000080000000,0x0000000082a82da0,0x0000000084300000)
 Metaspace       used 64544K, committed 65920K, reserved 1114112K
  class space    used 8131K, committed 8704K, reserved 1048576K
}
Event: 61.808 GC heap before
{Heap before GC invocations=96 (full 3):
 PSYoungGen      total 21504K, used 21152K [0x00000000d5580000, 0x00000000d7000000, 0x0000000100000000)
  eden space 20992K, 100% used [0x00000000d5580000,0x00000000d6a00000,0x00000000d6a00000)
  from space 512K, 31% used [0x00000000d6f80000,0x00000000d6fa8000,0x00000000d7000000)
  to   space 512K, 0% used [0x00000000d6f00000,0x00000000d6f00000,0x00000000d6f80000)
 ParOldGen       total 68608K, used 43531K [0x0000000080000000, 0x0000000084300000, 0x00000000d5580000)
  object space 68608K, 63% used [0x0000000080000000,0x0000000082a82da0,0x0000000084300000)
 Metaspace       used 64544K, committed 65920K, reserved 1114112K
  class space    used 8131K, committed 8704K, reserved 1048576K
}
Event: 61.809 GC heap after
{Heap after GC invocations=96 (full 3):
 PSYoungGen      total 21504K, used 96K [0x00000000d5580000, 0x00000000d7000000, 0x0000000100000000)
  eden space 20992K, 0% used [0x00000000d5580000,0x00000000d5580000,0x00000000d6a00000)
  from space 512K, 18% used [0x00000000d6f00000,0x00000000d6f18000,0x00000000d6f80000)
  to   space 512K, 0% used [0x00000000d6f80000,0x00000000d6f80000,0x00000000d7000000)
 ParOldGen       total 68608K, used 43547K [0x0000000080000000, 0x0000000084300000, 0x00000000d5580000)
  object space 68608K, 63% used [0x0000000080000000,0x0000000082a86da0,0x0000000084300000)
 Metaspace       used 64544K, committed 65920K, reserved 1114112K
  class space    used 8131K, committed 8704K, reserved 1048576K
}
Event: 61.912 GC heap before
{Heap before GC invocations=97 (full 3):
 PSYoungGen      total 21504K, used 21088K [0x00000000d5580000, 0x00000000d7000000, 0x0000000100000000)
  eden space 20992K, 100% used [0x00000000d5580000,0x00000000d6a00000,0x00000000d6a00000)
  from space 512K, 18% used [0x00000000d6f00000,0x00000000d6f18000,0x00000000d6f80000)
  to   space 512K, 0% used [0x00000000d6f80000,0x00000000d6f80000,0x00000000d7000000)
 ParOldGen       total 68608K, used 43547K [0x0000000080000000, 0x0000000084300000, 0x00000000d5580000)
  object space 68608K, 63% used [0x0000000080000000,0x0000000082a86da0,0x0000000084300000)
 Metaspace       used 64544K, committed 65920K, reserved 1114112K
  class space    used 8131K, committed 8704K, reserved 1048576K
}
Event: 61.913 GC heap after
{Heap after GC invocations=97 (full 3):
 PSYoungGen      total 21504K, used 256K [0x00000000d5580000, 0x00000000d7000000, 0x0000000100000000)
  eden space 20992K, 0% used [0x00000000d5580000,0x00000000d5580000,0x00000000d6a00000)
  from space 512K, 50% used [0x00000000d6f80000,0x00000000d6fc0000,0x00000000d7000000)
  to   space 512K, 0% used [0x00000000d6f00000,0x00000000d6f00000,0x00000000d6f80000)
 ParOldGen       total 68608K, used 43547K [0x0000000080000000, 0x0000000084300000, 0x00000000d5580000)
  object space 68608K, 63% used [0x0000000080000000,0x0000000082a86da0,0x0000000084300000)
 Metaspace       used 64544K, committed 65920K, reserved 1114112K
  class space    used 8131K, committed 8704K, reserved 1048576K
}
Event: 61.951 GC heap before
{Heap before GC invocations=98 (full 3):
 PSYoungGen      total 21504K, used 21248K [0x00000000d5580000, 0x00000000d7000000, 0x0000000100000000)
  eden space 20992K, 100% used [0x00000000d5580000,0x00000000d6a00000,0x00000000d6a00000)
  from space 512K, 50% used [0x00000000d6f80000,0x00000000d6fc0000,0x00000000d7000000)
  to   space 512K, 0% used [0x00000000d6f00000,0x00000000d6f00000,0x00000000d6f80000)
 ParOldGen       total 68608K, used 43547K [0x0000000080000000, 0x0000000084300000, 0x00000000d5580000)
  object space 68608K, 63% used [0x0000000080000000,0x0000000082a86da0,0x0000000084300000)
 Metaspace       used 64544K, committed 65920K, reserved 1114112K
  class space    used 8131K, committed 8704K, reserved 1048576K
}
Event: 61.952 GC heap after
{Heap after GC invocations=98 (full 3):
 PSYoungGen      total 21504K, used 192K [0x00000000d5580000, 0x00000000d7000000, 0x0000000100000000)
  eden space 20992K, 0% used [0x00000000d5580000,0x00000000d5580000,0x00000000d6a00000)
  from space 512K, 37% used [0x00000000d6f00000,0x00000000d6f30000,0x00000000d6f80000)
  to   space 512K, 0% used [0x00000000d6f80000,0x00000000d6f80000,0x00000000d7000000)
 ParOldGen       total 68608K, used 43547K [0x0000000080000000, 0x0000000084300000, 0x00000000d5580000)
  object space 68608K, 63% used [0x0000000080000000,0x0000000082a86da0,0x0000000084300000)
 Metaspace       used 64544K, committed 65920K, reserved 1114112K
  class space    used 8131K, committed 8704K, reserved 1048576K
}
Event: 61.992 GC heap before
{Heap before GC invocations=99 (full 3):
 PSYoungGen      total 21504K, used 21184K [0x00000000d5580000, 0x00000000d7000000, 0x0000000100000000)
  eden space 20992K, 100% used [0x00000000d5580000,0x00000000d6a00000,0x00000000d6a00000)
  from space 512K, 37% used [0x00000000d6f00000,0x00000000d6f30000,0x00000000d6f80000)
  to   space 512K, 0% used [0x00000000d6f80000,0x00000000d6f80000,0x00000000d7000000)
 ParOldGen       total 68608K, used 43547K [0x0000000080000000, 0x0000000084300000, 0x00000000d5580000)
  object space 68608K, 63% used [0x0000000080000000,0x0000000082a86da0,0x0000000084300000)
 Metaspace       used 64544K, committed 65920K, reserved 1114112K
  class space    used 8131K, committed 8704K, reserved 1048576K
}
Event: 61.992 GC heap after
{Heap after GC invocations=99 (full 3):
 PSYoungGen      total 21504K, used 128K [0x00000000d5580000, 0x00000000d7000000, 0x0000000100000000)
  eden space 20992K, 0% used [0x00000000d5580000,0x00000000d5580000,0x00000000d6a00000)
  from space 512K, 25% used [0x00000000d6f80000,0x00000000d6fa0000,0x00000000d7000000)
  to   space 512K, 0% used [0x00000000d6f00000,0x00000000d6f00000,0x00000000d6f80000)
 ParOldGen       total 68608K, used 43571K [0x0000000080000000, 0x0000000084300000, 0x00000000d5580000)
  object space 68608K, 63% used [0x0000000080000000,0x0000000082a8cda0,0x0000000084300000)
 Metaspace       used 64544K, committed 65920K, reserved 1114112K
  class space    used 8131K, committed 8704K, reserved 1048576K
}
Event: 62.786 GC heap before
{Heap before GC invocations=100 (full 3):
 PSYoungGen      total 21504K, used 21120K [0x00000000d5580000, 0x00000000d7000000, 0x0000000100000000)
  eden space 20992K, 100% used [0x00000000d5580000,0x00000000d6a00000,0x00000000d6a00000)
  from space 512K, 25% used [0x00000000d6f80000,0x00000000d6fa0000,0x00000000d7000000)
  to   space 512K, 0% used [0x00000000d6f00000,0x00000000d6f00000,0x00000000d6f80000)
 ParOldGen       total 68608K, used 43571K [0x0000000080000000, 0x0000000084300000, 0x00000000d5580000)
  object space 68608K, 63% used [0x0000000080000000,0x0000000082a8cda0,0x0000000084300000)
 Metaspace       used 64941K, committed 66432K, reserved 1114112K
  class space    used 8195K, committed 8832K, reserved 1048576K
}
Event: 62.788 GC heap after
{Heap after GC invocations=100 (full 3):
 PSYoungGen      total 21504K, used 512K [0x00000000d5580000, 0x00000000d7000000, 0x0000000100000000)
  eden space 20992K, 0% used [0x00000000d5580000,0x00000000d5580000,0x00000000d6a00000)
  from space 512K, 100% used [0x00000000d6f00000,0x00000000d6f80000,0x00000000d6f80000)
  to   space 512K, 0% used [0x00000000d6f80000,0x00000000d6f80000,0x00000000d7000000)
 ParOldGen       total 68608K, used 43755K [0x0000000080000000, 0x0000000084300000, 0x00000000d5580000)
  object space 68608K, 63% used [0x0000000080000000,0x0000000082abadb0,0x0000000084300000)
 Metaspace       used 64941K, committed 66432K, reserved 1114112K
  class space    used 8195K, committed 8832K, reserved 1048576K
}

