# JRE version: Java(TM) SE Runtime Environment (22.0+36) (build 22+36-2370)
# Java VM: Java HotSpot(TM) 64-Bit Server VM (22+36-2370, mixed mode, sharing, tiered, compressed oops, compressed class ptrs, g1 gc, windows-amd64)
GC Precious Log:
 CardTable entry size: 512
 Card Set container configuration: InlinePtr #cards 4 size 8 Array Of Cards #cards 32 size 80 Howl #buckets 8 coarsen threshold 7372 Howl Bitmap #cards 1024 size 144 coarsen threshold 921 Card regions per heap region 1 cards per card region 8192
 CPUs: 12 total, 12 available
 Memory: 7929M
 Large Page Support: Disabled
 NUMA Support: Disabled
 Compressed Oops: Enabled (Zero based)
 Heap Region Size: 4M
 Heap Min Capacity: 8M
 Heap Initial Capacity: 124M
 Heap Max Capacity: 8G
 Pre-touch: Disabled
 Parallel Workers: 10
 Concurrent Workers: 3
 Concurrent Refinement Workers: 10
 Periodic GC: Disabled
Heap:
 garbage-first heap   total reserved 8388608K, committed 282624K, used 193541K [0x0000000600000000, 0x0000000800000000)
  region size 4096K, 3 young (12288K), 3 survivors (12288K)
 Metaspace       used 150032K, committed 152832K, reserved 1245184K
  class space    used 19952K, committed 21312K, reserved 1048576K
GC Heap History (20 events):
Event: 24.200 GC heap after
{Heap after GC invocations=48 (full 0):
 garbage-first heap   total reserved 8388608K, committed 192512K, used 122187K [0x0000000600000000, 0x0000000800000000)
  region size 4096K, 1 young (4096K), 1 survivors (4096K)
 Metaspace       used 134754K, committed 137216K, reserved 1179648K
  class space    used 17945K, committed 19136K, reserved 1048576K
}
Event: 24.769 GC heap before
{Heap before GC invocations=49 (full 0):
 garbage-first heap   total reserved 8388608K, committed 212992K, used 167243K [0x0000000600000000, 0x0000000800000000)
  region size 4096K, 12 young (49152K), 1 survivors (4096K)
 Metaspace       used 135500K, committed 137984K, reserved 1179648K
  class space    used 18016K, committed 19200K, reserved 1048576K
}
Event: 24.777 GC heap after
{Heap after GC invocations=50 (full 0):
 garbage-first heap   total reserved 8388608K, committed 212992K, used 130846K [0x0000000600000000, 0x0000000800000000)
  region size 4096K, 2 young (8192K), 2 survivors (8192K)
 Metaspace       used 135500K, committed 137984K, reserved 1179648K
  class space    used 18016K, committed 19200K, reserved 1048576K
}
Event: 24.992 GC heap before
{Heap before GC invocations=50 (full 0):
 garbage-first heap   total reserved 8388608K, committed 212992K, used 184094K [0x0000000600000000, 0x0000000800000000)
  region size 4096K, 16 young (65536K), 2 survivors (8192K)
 Metaspace       used 135647K, committed 138112K, reserved 1179648K
  class space    used 18016K, committed 19200K, reserved 1048576K
}
Event: 25.006 GC heap after
{Heap after GC invocations=51 (full 0):
 garbage-first heap   total reserved 8388608K, committed 258048K, used 135814K [0x0000000600000000, 0x0000000800000000)
  region size 4096K, 2 young (8192K), 2 survivors (8192K)
 Metaspace       used 135647K, committed 138112K, reserved 1179648K
  class space    used 18016K, committed 19200K, reserved 1048576K
}
Event: 26.999 GC heap before
{Heap before GC invocations=51 (full 0):
 garbage-first heap   total reserved 8388608K, committed 258048K, used 230022K [0x0000000600000000, 0x0000000800000000)
  region size 4096K, 25 young (102400K), 2 survivors (8192K)
 Metaspace       used 138350K, committed 140864K, reserved 1179648K
  class space    used 18219K, committed 19392K, reserved 1048576K
}
Event: 27.010 GC heap after
{Heap after GC invocations=52 (full 0):
 garbage-first heap   total reserved 8388608K, committed 258048K, used 148434K [0x0000000600000000, 0x0000000800000000)
  region size 4096K, 4 young (16384K), 4 survivors (16384K)
 Metaspace       used 138350K, committed 140864K, reserved 1179648K
  class space    used 18219K, committed 19392K, reserved 1048576K
}
Event: 28.848 GC heap before
{Heap before GC invocations=52 (full 0):
 garbage-first heap   total reserved 8388608K, committed 258048K, used 222162K [0x0000000600000000, 0x0000000800000000)
  region size 4096K, 22 young (90112K), 4 survivors (16384K)
 Metaspace       used 142914K, committed 145536K, reserved 1179648K
  class space    used 19028K, committed 20288K, reserved 1048576K
}
Event: 28.862 GC heap after
{Heap after GC invocations=53 (full 0):
 garbage-first heap   total reserved 8388608K, committed 258048K, used 148643K [0x0000000600000000, 0x0000000800000000)
  region size 4096K, 2 young (8192K), 2 survivors (8192K)
 Metaspace       used 142914K, committed 145536K, reserved 1179648K
  class space    used 19028K, committed 20288K, reserved 1048576K
}
Event: 43.957 GC heap before
{Heap before GC invocations=53 (full 0):
 garbage-first heap   total reserved 8388608K, committed 258048K, used 226467K [0x0000000600000000, 0x0000000800000000)
  region size 4096K, 22 young (90112K), 2 survivors (8192K)
 Metaspace       used 148834K, committed 151488K, reserved 1179648K
  class space    used 19813K, committed 21056K, reserved 1048576K
}
Event: 43.965 GC heap after
{Heap after GC invocations=54 (full 0):
 garbage-first heap   total reserved 8388608K, committed 258048K, used 155339K [0x0000000600000000, 0x0000000800000000)
  region size 4096K, 3 young (12288K), 3 survivors (12288K)
 Metaspace       used 148834K, committed 151488K, reserved 1179648K
  class space    used 19813K, committed 21056K, reserved 1048576K
}
Event: 44.524 GC heap before
{Heap before GC invocations=55 (full 0):
 garbage-first heap   total reserved 8388608K, committed 262144K, used 224971K [0x0000000600000000, 0x0000000800000000)
  region size 4096K, 21 young (86016K), 3 survivors (12288K)
 Metaspace       used 149207K, committed 152000K, reserved 1179648K
  class space    used 19850K, committed 21184K, reserved 1048576K
}
Event: 44.533 GC heap after
{Heap after GC invocations=56 (full 0):
 garbage-first heap   total reserved 8388608K, committed 262144K, used 160399K [0x0000000600000000, 0x0000000800000000)
  region size 4096K, 3 young (12288K), 3 survivors (12288K)
 Metaspace       used 149207K, committed 152000K, reserved 1179648K
  class space    used 19850K, committed 21184K, reserved 1048576K
}
Event: 44.735 GC heap before
{Heap before GC invocations=56 (full 0):
 garbage-first heap   total reserved 8388608K, committed 262144K, used 225935K [0x0000000600000000, 0x0000000800000000)
  region size 4096K, 20 young (81920K), 3 survivors (12288K)
 Metaspace       used 149220K, committed 152000K, reserved 1179648K
  class space    used 19850K, committed 21184K, reserved 1048576K
}
Event: 44.745 GC heap after
{Heap after GC invocations=57 (full 0):
 garbage-first heap   total reserved 8388608K, committed 262144K, used 145010K [0x0000000600000000, 0x0000000800000000)
  region size 4096K, 2 young (8192K), 2 survivors (8192K)
 Metaspace       used 149220K, committed 152000K, reserved 1179648K
  class space    used 19850K, committed 21184K, reserved 1048576K
}
Event: 45.282 GC heap before
{Heap before GC invocations=57 (full 0):
 garbage-first heap   total reserved 8388608K, committed 262144K, used 206450K [0x0000000600000000, 0x0000000800000000)
  region size 4096K, 19 young (77824K), 2 survivors (8192K)
 Metaspace       used 149747K, committed 152512K, reserved 1245184K
  class space    used 19934K, committed 21248K, reserved 1048576K
}
Event: 45.289 GC heap after
{Heap after GC invocations=58 (full 0):
 garbage-first heap   total reserved 8388608K, committed 262144K, used 158785K [0x0000000600000000, 0x0000000800000000)
  region size 4096K, 3 young (12288K), 3 survivors (12288K)
 Metaspace       used 149747K, committed 152512K, reserved 1245184K
  class space    used 19934K, committed 21248K, reserved 1048576K
}
Event: 45.858 GC heap before
{Heap before GC invocations=59 (full 0):
 garbage-first heap   total reserved 8388608K, committed 282624K, used 248897K [0x0000000600000000, 0x0000000800000000)
  region size 4096K, 21 young (86016K), 3 survivors (12288K)
 Metaspace       used 149958K, committed 152768K, reserved 1245184K
  class space    used 19952K, committed 21312K, reserved 1048576K
}
Event: 45.877 GC heap after
{Heap after GC invocations=60 (full 0):
 garbage-first heap   total reserved 8388608K, committed 282624K, used 176752K [0x0000000600000000, 0x0000000800000000)
  region size 4096K, 3 young (12288K), 3 survivors (12288K)
 Metaspace       used 149958K, committed 152768K, reserved 1245184K
  class space    used 19952K, committed 21312K, reserved 1048576K
}
Event: 46.301 GC heap before
{Heap before GC invocations=60 (full 0):
 garbage-first heap   total reserved 8388608K, committed 282624K, used 250480K [0x0000000600000000, 0x0000000800000000)
  region size 4096K, 19 young (77824K), 3 survivors (12288K)
 Metaspace       used 150032K, committed 152832K, reserved 1245184K
  class space    used 19952K, committed 21312K, reserved 1048576K
}

