# JRE version: Java(TM) SE Runtime Environment (22.0+36) (build 22+36-2370)
# Java VM: Java HotSpot(TM) 64-Bit Server VM (22+36-2370, mixed mode, sharing, tiered, compressed oops, compressed class ptrs, g1 gc, windows-amd64)
GC Precious Log:
 CardTable entry size: 512
 Card Set container configuration: InlinePtr #cards 4 size 8 Array Of Cards #cards 32 size 80 Howl #buckets 8 coarsen threshold 7372 Howl Bitmap #cards 1024 size 144 coarsen threshold 921 Card regions per heap region 1 cards per card region 8192
 CPUs: 12 total, 12 available
 Memory: 7929M
 Large Page Support: Disabled
 NUMA Support: Disabled
 Compressed Oops: Enabled (Zero based)
 Heap Region Size: 4M
 Heap Min Capacity: 8M
 Heap Initial Capacity: 124M
 Heap Max Capacity: 8G
 Pre-touch: Disabled
 Parallel Workers: 10
 Concurrent Workers: 3
 Concurrent Refinement Workers: 10
 Periodic GC: Disabled
Heap:
 garbage-first heap   total reserved 8388608K, committed 413696K, used 257301K [0x0000000600000000, 0x0000000800000000)
  region size 4096K, 11 young (45056K), 4 survivors (16384K)
 Metaspace       used 116659K, committed 119616K, reserved 1179648K
  class space    used 16567K, committed 17920K, reserved 1048576K
GC Heap History (20 events):
Event: 27.808 GC heap before
{Heap before GC invocations=49 (full 0):
 garbage-first heap   total reserved 8388608K, committed 290816K, used 263819K [0x0000000600000000, 0x0000000800000000)
  region size 4096K, 28 young (114688K), 1 survivors (4096K)
 Metaspace       used 108412K, committed 111104K, reserved 1179648K
  class space    used 15533K, committed 16768K, reserved 1048576K
}
Event: 27.815 GC heap after
{Heap after GC invocations=50 (full 0):
 garbage-first heap   total reserved 8388608K, committed 290816K, used 160520K [0x0000000600000000, 0x0000000800000000)
  region size 4096K, 3 young (12288K), 3 survivors (12288K)
 Metaspace       used 108412K, committed 111104K, reserved 1179648K
  class space    used 15533K, committed 16768K, reserved 1048576K
}
Event: 28.241 GC heap before
{Heap before GC invocations=50 (full 0):
 garbage-first heap   total reserved 8388608K, committed 290816K, used 250632K [0x0000000600000000, 0x0000000800000000)
  region size 4096K, 26 young (106496K), 3 survivors (12288K)
 Metaspace       used 109634K, committed 112320K, reserved 1179648K
  class space    used 15687K, committed 16960K, reserved 1048576K
}
Event: 28.251 GC heap after
{Heap after GC invocations=51 (full 0):
 garbage-first heap   total reserved 8388608K, committed 290816K, used 167858K [0x0000000600000000, 0x0000000800000000)
  region size 4096K, 4 young (16384K), 4 survivors (16384K)
 Metaspace       used 109634K, committed 112320K, reserved 1179648K
  class space    used 15687K, committed 16960K, reserved 1048576K
}
Event: 28.766 GC heap before
{Heap before GC invocations=52 (full 0):
 garbage-first heap   total reserved 8388608K, committed 290816K, used 245682K [0x0000000600000000, 0x0000000800000000)
  region size 4096K, 24 young (98304K), 4 survivors (16384K)
 Metaspace       used 110939K, committed 113600K, reserved 1179648K
  class space    used 15898K, committed 17152K, reserved 1048576K
}
Event: 28.775 GC heap after
{Heap after GC invocations=53 (full 0):
 garbage-first heap   total reserved 8388608K, committed 290816K, used 177534K [0x0000000600000000, 0x0000000800000000)
  region size 4096K, 3 young (12288K), 3 survivors (12288K)
 Metaspace       used 110939K, committed 113600K, reserved 1179648K
  class space    used 15898K, committed 17152K, reserved 1048576K
}
Event: 29.090 GC heap before
{Heap before GC invocations=53 (full 0):
 garbage-first heap   total reserved 8388608K, committed 290816K, used 251262K [0x0000000600000000, 0x0000000800000000)
  region size 4096K, 22 young (90112K), 3 survivors (12288K)
 Metaspace       used 111580K, committed 114240K, reserved 1179648K
  class space    used 16033K, committed 17280K, reserved 1048576K
}
Event: 29.100 GC heap after
{Heap after GC invocations=54 (full 0):
 garbage-first heap   total reserved 8388608K, committed 290816K, used 179780K [0x0000000600000000, 0x0000000800000000)
  region size 4096K, 2 young (8192K), 2 survivors (8192K)
 Metaspace       used 111580K, committed 114240K, reserved 1179648K
  class space    used 16033K, committed 17280K, reserved 1048576K
}
Event: 29.556 GC heap before
{Heap before GC invocations=54 (full 0):
 garbage-first heap   total reserved 8388608K, committed 290816K, used 253508K [0x0000000600000000, 0x0000000800000000)
  region size 4096K, 21 young (86016K), 2 survivors (8192K)
 Metaspace       used 111895K, committed 114688K, reserved 1179648K
  class space    used 16062K, committed 17344K, reserved 1048576K
}
Event: 29.568 GC heap after
{Heap after GC invocations=55 (full 0):
 garbage-first heap   total reserved 8388608K, committed 290816K, used 186653K [0x0000000600000000, 0x0000000800000000)
  region size 4096K, 3 young (12288K), 3 survivors (12288K)
 Metaspace       used 111895K, committed 114688K, reserved 1179648K
  class space    used 16062K, committed 17344K, reserved 1048576K
}
Event: 29.885 GC heap before
{Heap before GC invocations=56 (full 0):
 garbage-first heap   total reserved 8388608K, committed 315392K, used 252189K [0x0000000600000000, 0x0000000800000000)
  region size 4096K, 20 young (81920K), 3 survivors (12288K)
 Metaspace       used 111896K, committed 114688K, reserved 1179648K
  class space    used 16062K, committed 17344K, reserved 1048576K
}
Event: 29.896 GC heap after
{Heap after GC invocations=57 (full 0):
 garbage-first heap   total reserved 8388608K, committed 315392K, used 190124K [0x0000000600000000, 0x0000000800000000)
  region size 4096K, 2 young (8192K), 2 survivors (8192K)
 Metaspace       used 111896K, committed 114688K, reserved 1179648K
  class space    used 16062K, committed 17344K, reserved 1048576K
}
Event: 30.461 GC heap before
{Heap before GC invocations=57 (full 0):
 garbage-first heap   total reserved 8388608K, committed 315392K, used 276140K [0x0000000600000000, 0x0000000800000000)
  region size 4096K, 24 young (98304K), 2 survivors (8192K)
 Metaspace       used 112097K, committed 114880K, reserved 1179648K
  class space    used 16084K, committed 17344K, reserved 1048576K
}
Event: 30.472 GC heap after
{Heap after GC invocations=58 (full 0):
 garbage-first heap   total reserved 8388608K, committed 413696K, used 193407K [0x0000000600000000, 0x0000000800000000)
  region size 4096K, 3 young (12288K), 3 survivors (12288K)
 Metaspace       used 112097K, committed 114880K, reserved 1179648K
  class space    used 16084K, committed 17344K, reserved 1048576K
}
Event: 32.018 GC heap before
{Heap before GC invocations=58 (full 0):
 garbage-first heap   total reserved 8388608K, committed 413696K, used 365439K [0x0000000600000000, 0x0000000800000000)
  region size 4096K, 46 young (188416K), 3 survivors (12288K)
 Metaspace       used 113003K, committed 115904K, reserved 1179648K
  class space    used 16191K, committed 17472K, reserved 1048576K
}
Event: 32.032 GC heap after
{Heap after GC invocations=59 (full 0):
 garbage-first heap   total reserved 8388608K, committed 413696K, used 207709K [0x0000000600000000, 0x0000000800000000)
  region size 4096K, 6 young (24576K), 6 survivors (24576K)
 Metaspace       used 113003K, committed 115904K, reserved 1179648K
  class space    used 16191K, committed 17472K, reserved 1048576K
}
Event: 32.854 GC heap before
{Heap before GC invocations=59 (full 0):
 garbage-first heap   total reserved 8388608K, committed 413696K, used 359261K [0x0000000600000000, 0x0000000800000000)
  region size 4096K, 44 young (180224K), 6 survivors (24576K)
 Metaspace       used 113359K, committed 116224K, reserved 1179648K
  class space    used 16241K, committed 17536K, reserved 1048576K
}
Event: 32.869 GC heap after
{Heap after GC invocations=60 (full 0):
 garbage-first heap   total reserved 8388608K, committed 413696K, used 222064K [0x0000000600000000, 0x0000000800000000)
  region size 4096K, 4 young (16384K), 4 survivors (16384K)
 Metaspace       used 113359K, committed 116224K, reserved 1179648K
  class space    used 16241K, committed 17536K, reserved 1048576K
}
Event: 33.971 GC heap before
{Heap before GC invocations=60 (full 0):
 garbage-first heap   total reserved 8388608K, committed 413696K, used 365424K [0x0000000600000000, 0x0000000800000000)
  region size 4096K, 40 young (163840K), 4 survivors (16384K)
 Metaspace       used 115474K, committed 118400K, reserved 1179648K
  class space    used 16373K, committed 17728K, reserved 1048576K
}
Event: 33.986 GC heap after
{Heap after GC invocations=61 (full 0):
 garbage-first heap   total reserved 8388608K, committed 413696K, used 232725K [0x0000000600000000, 0x0000000800000000)
  region size 4096K, 4 young (16384K), 4 survivors (16384K)
 Metaspace       used 115474K, committed 118400K, reserved 1179648K
  class space    used 16373K, committed 17728K, reserved 1048576K
}

