# JRE version: Java(TM) SE Runtime Environment (22.0+36) (build 22+36-2370)
# Java VM: Java HotSpot(TM) 64-Bit Server VM (22+36-2370, mixed mode, sharing, tiered, compressed oops, compressed class ptrs, g1 gc, windows-amd64)
GC Precious Log:
 CardTable entry size: 512
 Card Set container configuration: InlinePtr #cards 4 size 8 Array Of Cards #cards 32 size 80 Howl #buckets 8 coarsen threshold 7372 Howl Bitmap #cards 1024 size 144 coarsen threshold 921 Card regions per heap region 1 cards per card region 8192
 CPUs: 12 total, 12 available
 Memory: 7929M
 Large Page Support: Disabled
 NUMA Support: Disabled
 Compressed Oops: Enabled (Zero based)
 Heap Region Size: 4M
 Heap Min Capacity: 8M
 Heap Initial Capacity: 124M
 Heap Max Capacity: 8G
 Pre-touch: Disabled
 Parallel Workers: 10
 Concurrent Workers: 3
 Concurrent Refinement Workers: 10
 Periodic GC: Disabled
Heap:
 garbage-first heap   total reserved 8388608K, committed 962560K, used 828769K [0x0000000600000000, 0x0000000800000000)
  region size 4096K, 118 young (483328K), 15 survivors (61440K)
 Metaspace       used 132911K, committed 136192K, reserved 1179648K
  class space    used 18059K, committed 19584K, reserved 1048576K
GC Heap History (20 events):
Event: 3040.568 GC heap before
{Heap before GC invocations=73 (full 0):
 garbage-first heap   total reserved 8388608K, committed 782336K, used 676054K [0x0000000600000000, 0x0000000800000000)
  region size 4096K, 80 young (327680K), 5 survivors (20480K)
 Metaspace       used 129757K, committed 132800K, reserved 1179648K
  class space    used 17835K, committed 19264K, reserved 1048576K
}
Event: 3040.594 GC heap after
{Heap after GC invocations=74 (full 0):
 garbage-first heap   total reserved 8388608K, committed 782336K, used 397169K [0x0000000600000000, 0x0000000800000000)
  region size 4096K, 10 young (40960K), 10 survivors (40960K)
 Metaspace       used 129757K, committed 132800K, reserved 1179648K
  class space    used 17835K, committed 19264K, reserved 1048576K
}
Event: 3042.631 GC heap before
{Heap before GC invocations=74 (full 0):
 garbage-first heap   total reserved 8388608K, committed 782336K, used 696177K [0x0000000600000000, 0x0000000800000000)
  region size 4096K, 83 young (339968K), 10 survivors (40960K)
 Metaspace       used 129893K, committed 133056K, reserved 1179648K
  class space    used 17843K, committed 19264K, reserved 1048576K
}
Event: 3042.662 GC heap after
{Heap after GC invocations=75 (full 0):
 garbage-first heap   total reserved 8388608K, committed 782336K, used 413932K [0x0000000600000000, 0x0000000800000000)
  region size 4096K, 5 young (20480K), 5 survivors (20480K)
 Metaspace       used 129893K, committed 133056K, reserved 1179648K
  class space    used 17843K, committed 19264K, reserved 1048576K
}
Event: 3045.043 GC heap before
{Heap before GC invocations=75 (full 0):
 garbage-first heap   total reserved 8388608K, committed 782336K, used 700652K [0x0000000600000000, 0x0000000800000000)
  region size 4096K, 75 young (307200K), 5 survivors (20480K)
 Metaspace       used 130088K, committed 133248K, reserved 1179648K
  class space    used 17846K, committed 19328K, reserved 1048576K
}
Event: 3045.063 GC heap after
{Heap after GC invocations=76 (full 0):
 garbage-first heap   total reserved 8388608K, committed 782336K, used 434677K [0x0000000600000000, 0x0000000800000000)
  region size 4096K, 10 young (40960K), 10 survivors (40960K)
 Metaspace       used 130088K, committed 133248K, reserved 1179648K
  class space    used 17846K, committed 19328K, reserved 1048576K
}
Event: 3046.052 GC heap before
{Heap before GC invocations=77 (full 0):
 garbage-first heap   total reserved 8388608K, committed 782336K, used 651765K [0x0000000600000000, 0x0000000800000000)
  region size 4096K, 73 young (299008K), 10 survivors (40960K)
 Metaspace       used 130322K, committed 133504K, reserved 1179648K
  class space    used 17848K, committed 19328K, reserved 1048576K
}
Event: 3046.083 GC heap after
{Heap after GC invocations=78 (full 0):
 garbage-first heap   total reserved 8388608K, committed 782336K, used 419847K [0x0000000600000000, 0x0000000800000000)
  region size 4096K, 7 young (28672K), 7 survivors (28672K)
 Metaspace       used 130322K, committed 133504K, reserved 1179648K
  class space    used 17848K, committed 19328K, reserved 1048576K
}
Event: 3233.338 GC heap before
{Heap before GC invocations=78 (full 0):
 garbage-first heap   total reserved 8388608K, committed 782336K, used 698375K [0x0000000600000000, 0x0000000800000000)
  region size 4096K, 76 young (311296K), 7 survivors (28672K)
 Metaspace       used 130763K, committed 133952K, reserved 1179648K
  class space    used 17904K, committed 19392K, reserved 1048576K
}
Event: 3233.447 GC heap after
{Heap after GC invocations=79 (full 0):
 garbage-first heap   total reserved 8388608K, committed 782336K, used 371923K [0x0000000600000000, 0x0000000800000000)
  region size 4096K, 9 young (36864K), 9 survivors (36864K)
 Metaspace       used 130763K, committed 133952K, reserved 1179648K
  class space    used 17904K, committed 19392K, reserved 1048576K
}
Event: 3235.255 GC heap before
{Heap before GC invocations=79 (full 0):
 garbage-first heap   total reserved 8388608K, committed 782336K, used 687315K [0x0000000600000000, 0x0000000800000000)
  region size 4096K, 87 young (356352K), 9 survivors (36864K)
 Metaspace       used 131002K, committed 134208K, reserved 1179648K
  class space    used 17908K, committed 19392K, reserved 1048576K
}
Event: 3235.337 GC heap after
{Heap after GC invocations=80 (full 0):
 garbage-first heap   total reserved 8388608K, committed 782336K, used 370336K [0x0000000600000000, 0x0000000800000000)
  region size 4096K, 7 young (28672K), 7 survivors (28672K)
 Metaspace       used 131002K, committed 134208K, reserved 1179648K
  class space    used 17908K, committed 19392K, reserved 1048576K
}
Event: 3236.374 GC heap before
{Heap before GC invocations=80 (full 0):
 garbage-first heap   total reserved 8388608K, committed 782336K, used 698016K [0x0000000600000000, 0x0000000800000000)
  region size 4096K, 87 young (356352K), 7 survivors (28672K)
 Metaspace       used 131430K, committed 134656K, reserved 1179648K
  class space    used 17951K, committed 19456K, reserved 1048576K
}
Event: 3236.415 GC heap after
{Heap after GC invocations=81 (full 0):
 garbage-first heap   total reserved 8388608K, committed 962560K, used 413631K [0x0000000600000000, 0x0000000800000000)
  region size 4096K, 11 young (45056K), 11 survivors (45056K)
 Metaspace       used 131430K, committed 134656K, reserved 1179648K
  class space    used 17951K, committed 19456K, reserved 1048576K
}
Event: 3238.041 GC heap before
{Heap before GC invocations=82 (full 0):
 garbage-first heap   total reserved 8388608K, committed 962560K, used 810943K [0x0000000600000000, 0x0000000800000000)
  region size 4096K, 112 young (458752K), 11 survivors (45056K)
 Metaspace       used 131807K, committed 134976K, reserved 1179648K
  class space    used 17964K, committed 19456K, reserved 1048576K
}
Event: 3238.075 GC heap after
{Heap after GC invocations=83 (full 0):
 garbage-first heap   total reserved 8388608K, committed 962560K, used 437508K [0x0000000600000000, 0x0000000800000000)
  region size 4096K, 11 young (45056K), 11 survivors (45056K)
 Metaspace       used 131807K, committed 134976K, reserved 1179648K
  class space    used 17964K, committed 19456K, reserved 1048576K
}
Event: 3240.024 GC heap before
{Heap before GC invocations=83 (full 0):
 garbage-first heap   total reserved 8388608K, committed 962560K, used 838916K [0x0000000600000000, 0x0000000800000000)
  region size 4096K, 109 young (446464K), 11 survivors (45056K)
 Metaspace       used 132082K, committed 135360K, reserved 1179648K
  class space    used 17982K, committed 19520K, reserved 1048576K
}
Event: 3240.054 GC heap after
{Heap after GC invocations=84 (full 0):
 garbage-first heap   total reserved 8388608K, committed 962560K, used 370313K [0x0000000600000000, 0x0000000800000000)
  region size 4096K, 8 young (32768K), 8 survivors (32768K)
 Metaspace       used 132082K, committed 135360K, reserved 1179648K
  class space    used 17982K, committed 19520K, reserved 1048576K
}
Event: 3241.349 GC heap before
{Heap before GC invocations=84 (full 0):
 garbage-first heap   total reserved 8388608K, committed 962560K, used 812681K [0x0000000600000000, 0x0000000800000000)
  region size 4096K, 116 young (475136K), 8 survivors (32768K)
 Metaspace       used 132419K, committed 135680K, reserved 1179648K
  class space    used 17990K, committed 19520K, reserved 1048576K
}
Event: 3241.383 GC heap after
{Heap after GC invocations=85 (full 0):
 garbage-first heap   total reserved 8388608K, committed 962560K, used 410977K [0x0000000600000000, 0x0000000800000000)
  region size 4096K, 15 young (61440K), 15 survivors (61440K)
 Metaspace       used 132419K, committed 135680K, reserved 1179648K
  class space    used 17990K, committed 19520K, reserved 1048576K
}

